2024-09-28 06:26:18.151 [info] [main] Log level: Info
2024-09-28 06:26:18.151 [info] [main] Validating found git in: "git"
2024-09-28 06:26:18.151 [info] [main] Using git "2.46.2" from "git"
2024-09-28 06:26:18.151 [info] [Model][doInitialScan] Initial repository scan started
2024-09-28 06:26:18.151 [info] > git rev-parse --show-toplevel [4ms]
2024-09-28 06:26:18.151 [info] > git rev-parse --git-dir --git-common-dir [1ms]
2024-09-28 06:26:18.151 [info] [Model][openRepository] Opened repository: /home/jasi/.config
2024-09-28 06:26:18.151 [info] [Model][doInitialScan] Initial repository scan completed - repositories (1), closed repositories (0), parent repositories (0), unsafe repositories (0)
2024-09-28 06:26:18.152 [info] > git config --get commit.template [3ms]
2024-09-28 06:26:18.161 [info] > git for-each-ref --format=%(refname)%00%(upstream:short)%00%(objectname)%00%(upstream:track)%00%(upstream:remotename)%00%(upstream:remoteref) refs/heads/main refs/remotes/main [4ms]
2024-09-28 06:26:18.188 [info] > git status -z -uall [20ms]
2024-09-28 06:26:18.209 [info] > git for-each-ref --format=%(refname)%00%(upstream:short)%00%(objectname)%00%(upstream:track)%00%(upstream:remotename)%00%(upstream:remoteref) refs/heads/main refs/remotes/main [14ms]
2024-09-28 06:26:18.215 [info] > git config --get commit.template [10ms]
2024-09-28 06:26:18.234 [info] > git config --local branch.main.vscode-merge-base [20ms]
2024-09-28 06:26:18.234 [warning] [Git][config] git config failed: Failed to execute git
2024-09-28 06:26:18.246 [info] > git reflog main --grep-reflog=branch: Created from *. [6ms]
2024-09-28 06:26:18.250 [info] > git for-each-ref --format=%(refname)%00%(upstream:short)%00%(objectname)%00%(upstream:track)%00%(upstream:remotename)%00%(upstream:remoteref) refs/heads/main refs/remotes/main [5ms]
2024-09-28 06:26:18.251 [info] > git symbolic-ref --short refs/remotes/origin/HEAD [1ms]
2024-09-28 06:26:18.251 [info] fatal: ref refs/remotes/origin/HEAD is not a symbolic ref
2024-09-28 06:26:18.261 [info] > git merge-base refs/heads/main refs/remotes/origin/main [5ms]
2024-09-28 06:26:18.297 [info] > git status -z -uall [37ms]
2024-09-28 06:26:18.303 [info] > git rev-list --count --left-right refs/heads/main...refs/remotes/origin/main [37ms]
2024-09-28 06:26:18.312 [info] > git diff --name-status -z --diff-filter=ADMR d794d5ff440e446fc6c49077a1479975bc9a215d...refs/remotes/origin/main [4ms]
2024-09-28 06:26:18.312 [info] > git for-each-ref --format=%(refname)%00%(upstream:short)%00%(objectname)%00%(upstream:track)%00%(upstream:remotename)%00%(upstream:remoteref) refs/heads/main refs/remotes/main [11ms]
2024-09-28 06:26:18.318 [info] > git config --local branch.main.vscode-merge-base [1ms]
2024-09-28 06:26:18.318 [warning] [Git][config] git config failed: Failed to execute git
2024-09-28 06:26:18.325 [info] > git reflog main --grep-reflog=branch: Created from *. [4ms]
2024-09-28 06:26:18.329 [info] > git symbolic-ref --short refs/remotes/origin/HEAD [1ms]
2024-09-28 06:26:18.331 [info] fatal: ref refs/remotes/origin/HEAD is not a symbolic ref
2024-09-28 06:26:18.448 [info] > git show --textconv :READ.md [6ms]
2024-09-28 06:26:18.450 [info] > git ls-files --stage -- /home/jasi/.config/READ.md [3ms]
2024-09-28 06:26:18.456 [info] > git cat-file -s b9f5a650f149c4b9e2778d4ead9a50d65ae8fc6e [2ms]
2024-09-28 06:26:18.773 [info] > git check-ignore -v -z --stdin [1ms]
2024-09-28 06:26:19.629 [info] > git log --format=%H%n%aN%n%aE%n%at%n%ct%n%P%n%D%n%B -z --shortstat --diff-merges=first-parent -n50 --skip=0 --topo-order --decorate=full d794d5ff440e446fc6c49077a1479975bc9a215d [1333ms]
2024-09-28 06:26:20.203 [info] > git show --textconv :.git/COMMIT_EDITMSG [7ms]
2024-09-28 06:26:20.206 [info] > git ls-files --stage -- /home/jasi/.config/.git/COMMIT_EDITMSG [4ms]
2024-09-28 06:26:20.505 [info] > git check-ignore -v -z --stdin [2ms]
2024-09-28 06:26:21.122 [info] > git ls-files --stage -- /home/jasi/.config/.git/COMMIT_EDITMSG [2ms]
2024-09-28 06:26:21.132 [info] > git show --textconv :.git/COMMIT_EDITMSG [2ms]
2024-09-28 06:26:23.843 [info] > git ls-files --stage -- /home/jasi/.config/.git/COMMIT_EDITMSG [4ms]
2024-09-28 06:26:23.858 [info] > git show --textconv :.git/COMMIT_EDITMSG [3ms]
2024-09-28 06:27:00.777 [info] > git ls-files --stage -- /home/jasi/.config/.git/COMMIT_EDITMSG [3ms]
2024-09-28 06:27:00.794 [info] > git show --textconv :.git/COMMIT_EDITMSG [3ms]
2024-09-28 06:27:03.446 [info] > git log --format=%H%n%aN%n%aE%n%at%n%ct%n%P%n%D%n%B -z --shortstat --diff-merges=first-parent -n50 --skip=0 --topo-order --decorate=full d794d5ff440e446fc6c49077a1479975bc9a215d [1280ms]
2024-09-28 06:27:04.724 [info] > git log --format=%H%n%aN%n%aE%n%at%n%ct%n%P%n%D%n%B -z --shortstat --diff-merges=first-parent -n50 --skip=0 --topo-order --decorate=full d794d5ff440e446fc6c49077a1479975bc9a215d [1271ms]
2024-09-28 06:27:08.858 [info] > git ls-files --stage -- /home/jasi/.config/.git/COMMIT_EDITMSG [3ms]
2024-09-28 06:27:08.874 [info] > git show --textconv :.git/COMMIT_EDITMSG [4ms]
2024-09-28 06:27:17.301 [info] > git -c user.useConfigOnly=true commit --quiet [57487ms]
2024-09-28 06:27:17.314 [info] > git config --get commit.template [5ms]
2024-09-28 06:27:17.315 [info] > git for-each-ref --format=%(refname)%00%(upstream:short)%00%(objectname)%00%(upstream:track)%00%(upstream:remotename)%00%(upstream:remoteref) refs/heads/main refs/remotes/main [1ms]
2024-09-28 06:27:17.335 [info] > git status -z -uall [13ms]
2024-09-28 06:27:17.351 [info] > git for-each-ref --format=%(refname)%00%(upstream:short)%00%(objectname)%00%(upstream:track)%00%(upstream:remotename)%00%(upstream:remoteref) refs/heads/main refs/remotes/main [11ms]
2024-09-28 06:27:17.356 [info] > git config --get commit.template [6ms]
2024-09-28 06:27:17.357 [info] > git config --local branch.main.vscode-merge-base [2ms]
2024-09-28 06:27:17.357 [warning] [Git][config] git config failed: Failed to execute git
2024-09-28 06:27:17.366 [info] > git reflog main --grep-reflog=branch: Created from *. [5ms]
2024-09-28 06:27:17.370 [info] > git for-each-ref --format=%(refname)%00%(upstream:short)%00%(objectname)%00%(upstream:track)%00%(upstream:remotename)%00%(upstream:remoteref) refs/heads/main refs/remotes/main [5ms]
2024-09-28 06:27:17.370 [info] > git symbolic-ref --short refs/remotes/origin/HEAD [1ms]
2024-09-28 06:27:17.370 [info] fatal: ref refs/remotes/origin/HEAD is not a symbolic ref
2024-09-28 06:27:17.378 [info] > git merge-base refs/heads/main refs/remotes/origin/main [5ms]
2024-09-28 06:27:17.383 [info] > git rev-list --count --left-right refs/heads/main...refs/remotes/origin/main [1ms]
2024-09-28 06:27:17.388 [info] > git diff --name-status -z --diff-filter=ADMR d794d5ff440e446fc6c49077a1479975bc9a215d...refs/remotes/origin/main [1ms]
2024-09-28 06:27:17.393 [info] > git status -z -uall [15ms]
2024-09-28 06:27:17.401 [info] > git for-each-ref --format=%(refname)%00%(upstream:short)%00%(objectname)%00%(upstream:track)%00%(upstream:remotename)%00%(upstream:remoteref) refs/heads/main refs/remotes/main [3ms]
2024-09-28 06:27:17.407 [info] > git config --local branch.main.vscode-merge-base [1ms]
2024-09-28 06:27:17.407 [warning] [Git][config] git config failed: Failed to execute git
2024-09-28 06:27:17.416 [info] > git reflog main --grep-reflog=branch: Created from *. [4ms]
2024-09-28 06:27:17.434 [info] > git symbolic-ref --short refs/remotes/origin/HEAD [13ms]
2024-09-28 06:27:17.434 [info] fatal: ref refs/remotes/origin/HEAD is not a symbolic ref
2024-09-28 06:27:17.436 [info] > git config --get commit.template [2ms]
2024-09-28 06:27:17.441 [info] > git for-each-ref --format=%(refname)%00%(upstream:short)%00%(objectname)%00%(upstream:track)%00%(upstream:remotename)%00%(upstream:remoteref) refs/heads/main refs/remotes/main [1ms]
2024-09-28 06:27:17.463 [info] > git status -z -uall [18ms]
2024-09-28 06:27:17.471 [info] > git for-each-ref --format=%(refname)%00%(upstream:short)%00%(objectname)%00%(upstream:track)%00%(upstream:remotename)%00%(upstream:remoteref) refs/heads/main refs/remotes/main [3ms]
2024-09-28 06:27:17.477 [info] > git config --local branch.main.vscode-merge-base [1ms]
2024-09-28 06:27:17.477 [warning] [Git][config] git config failed: Failed to execute git
2024-09-28 06:27:17.484 [info] > git reflog main --grep-reflog=branch: Created from *. [2ms]
2024-09-28 06:27:17.489 [info] > git symbolic-ref --short refs/remotes/origin/HEAD [1ms]
2024-09-28 06:27:17.489 [info] fatal: ref refs/remotes/origin/HEAD is not a symbolic ref
2024-09-28 06:27:17.789 [info] > git show --textconv :READ.md [4ms]
2024-09-28 06:27:17.790 [info] > git ls-files --stage -- /home/jasi/.config/READ.md [1ms]
2024-09-28 06:27:17.794 [info] > git cat-file -s b9f5a650f149c4b9e2778d4ead9a50d65ae8fc6e [1ms]
2024-09-28 06:27:18.112 [info] > git check-ignore -v -z --stdin [2ms]
2024-09-28 06:27:18.720 [info] > git log --format=%H%n%aN%n%aE%n%at%n%ct%n%P%n%D%n%B -z --shortstat --diff-merges=first-parent -n50 --skip=0 --topo-order --decorate=full 68bd55c1a0e2cde2760ec415c1874c4d9635ab6a d794d5ff440e446fc6c49077a1479975bc9a215d [1292ms]
2024-09-28 06:27:18.781 [info] > git ls-files --stage -- /home/jasi/.config/READ.md [3ms]
2024-09-28 06:27:18.791 [info] > git cat-file -s b9f5a650f149c4b9e2778d4ead9a50d65ae8fc6e [3ms]
2024-09-28 06:27:18.807 [info] > git show --textconv :READ.md [3ms]
2024-09-28 06:27:25.125 [info] > git add -A -- . [51ms]
2024-09-28 06:27:25.548 [info] > git show --textconv :.git/COMMIT_EDITMSG [7ms]
2024-09-28 06:27:25.550 [info] > git ls-files --stage -- /home/jasi/.config/.git/COMMIT_EDITMSG [3ms]
2024-09-28 06:27:26.468 [info] > git ls-files --stage -- /home/jasi/.config/.git/COMMIT_EDITMSG [4ms]
2024-09-28 06:27:26.483 [info] > git show --textconv :.git/COMMIT_EDITMSG [4ms]
2024-09-28 06:27:28.963 [info] > git ls-files --stage -- /home/jasi/.config/.git/COMMIT_EDITMSG [3ms]
2024-09-28 06:27:28.978 [info] > git show --textconv :.git/COMMIT_EDITMSG [3ms]
2024-09-28 06:27:35.401 [info] > git -c user.useConfigOnly=true commit --quiet [10269ms]
2024-09-28 06:27:35.409 [info] > git config --get commit.template [2ms]
2024-09-28 06:27:35.416 [info] > git for-each-ref --format=%(refname)%00%(upstream:short)%00%(objectname)%00%(upstream:track)%00%(upstream:remotename)%00%(upstream:remoteref) refs/heads/main refs/remotes/main [2ms]
2024-09-28 06:27:35.435 [info] > git status -z -uall [13ms]
2024-09-28 06:27:35.449 [info] > git for-each-ref --format=%(refname)%00%(upstream:short)%00%(objectname)%00%(upstream:track)%00%(upstream:remotename)%00%(upstream:remoteref) refs/heads/main refs/remotes/main [8ms]
2024-09-28 06:27:35.455 [info] > git config --get commit.template [6ms]
2024-09-28 06:27:35.456 [info] > git config --local branch.main.vscode-merge-base [3ms]
2024-09-28 06:27:35.456 [warning] [Git][config] git config failed: Failed to execute git
2024-09-28 06:27:35.464 [info] > git reflog main --grep-reflog=branch: Created from *. [4ms]
2024-09-28 06:27:35.468 [info] > git for-each-ref --format=%(refname)%00%(upstream:short)%00%(objectname)%00%(upstream:track)%00%(upstream:remotename)%00%(upstream:remoteref) refs/heads/main refs/remotes/main [4ms]
2024-09-28 06:27:35.469 [info] > git symbolic-ref --short refs/remotes/origin/HEAD [1ms]
2024-09-28 06:27:35.469 [info] fatal: ref refs/remotes/origin/HEAD is not a symbolic ref
2024-09-28 06:27:35.479 [info] > git merge-base refs/heads/main refs/remotes/origin/main [6ms]
2024-09-28 06:27:35.492 [info] > git status -z -uall [14ms] (cancelled)
2024-09-28 06:27:35.492 [info] > git rev-list --count --left-right refs/heads/main...refs/remotes/origin/main [9ms]
2024-09-28 06:27:35.501 [info] > git diff --name-status -z --diff-filter=ADMR d794d5ff440e446fc6c49077a1479975bc9a215d...refs/remotes/origin/main [5ms]
2024-09-28 06:27:35.501 [info] > git config --get commit.template [9ms]
2024-09-28 06:27:35.507 [info] > git for-each-ref --format=%(refname)%00%(upstream:short)%00%(objectname)%00%(upstream:track)%00%(upstream:remotename)%00%(upstream:remoteref) refs/heads/main refs/remotes/main [1ms]
2024-09-28 06:27:35.523 [info] > git status -z -uall [12ms]
2024-09-28 06:27:35.530 [info] > git for-each-ref --format=%(refname)%00%(upstream:short)%00%(objectname)%00%(upstream:track)%00%(upstream:remotename)%00%(upstream:remoteref) refs/heads/main refs/remotes/main [2ms]
2024-09-28 06:27:35.537 [info] > git config --local branch.main.vscode-merge-base [1ms]
2024-09-28 06:27:35.537 [warning] [Git][config] git config failed: Failed to execute git
2024-09-28 06:27:35.545 [info] > git reflog main --grep-reflog=branch: Created from *. [3ms]
2024-09-28 06:27:35.550 [info] > git symbolic-ref --short refs/remotes/origin/HEAD [1ms]
2024-09-28 06:27:35.550 [info] fatal: ref refs/remotes/origin/HEAD is not a symbolic ref
2024-09-28 06:27:35.837 [info] > git show --textconv :READ.md [4ms]
2024-09-28 06:27:35.839 [info] > git ls-files --stage -- /home/jasi/.config/READ.md [2ms]
2024-09-28 06:27:35.844 [info] > git cat-file -s b9f5a650f149c4b9e2778d4ead9a50d65ae8fc6e [1ms]
2024-09-28 06:27:36.140 [info] > git check-ignore -v -z --stdin [2ms]
2024-09-28 06:27:36.685 [info] > git ls-files --stage -- /home/jasi/.config/READ.md [2ms]
2024-09-28 06:27:36.690 [info] > git cat-file -s b9f5a650f149c4b9e2778d4ead9a50d65ae8fc6e [2ms]
2024-09-28 06:27:36.697 [info] > git show --textconv :READ.md [2ms]
2024-09-28 06:27:36.808 [info] > git log --format=%H%n%aN%n%aE%n%at%n%ct%n%P%n%D%n%B -z --shortstat --diff-merges=first-parent -n50 --skip=0 --topo-order --decorate=full c4159395583c818660b1a182dacce80714584d34 d794d5ff440e446fc6c49077a1479975bc9a215d [1308ms]
2024-09-28 06:27:40.497 [info] > git config --get commit.template [2ms]
2024-09-28 06:27:40.507 [info] > git for-each-ref --format=%(refname)%00%(upstream:short)%00%(objectname)%00%(upstream:track)%00%(upstream:remotename)%00%(upstream:remoteref) refs/heads/main refs/remotes/main [4ms]
2024-09-28 06:27:40.538 [info] > git status -z -uall [24ms]
2024-09-28 06:27:40.547 [info] > git for-each-ref --format=%(refname)%00%(upstream:short)%00%(objectname)%00%(upstream:track)%00%(upstream:remotename)%00%(upstream:remoteref) refs/heads/main refs/remotes/main [2ms]
2024-09-28 06:27:40.553 [info] > git config --local branch.main.vscode-merge-base [1ms]
2024-09-28 06:27:40.554 [warning] [Git][config] git config failed: Failed to execute git
2024-09-28 06:27:40.562 [info] > git reflog main --grep-reflog=branch: Created from *. [4ms]
2024-09-28 06:27:40.569 [info] > git symbolic-ref --short refs/remotes/origin/HEAD [2ms]
2024-09-28 06:27:40.569 [info] fatal: ref refs/remotes/origin/HEAD is not a symbolic ref
2024-09-28 06:27:42.610 [info] > git check-ignore -v -z --stdin [4ms]
2024-09-28 06:27:47.728 [info] > git log --format=%H%n%aN%n%aE%n%at%n%ct%n%P%n%D%n%B -z --shortstat --diff-merges=first-parent -n50 --skip=0 --topo-order --decorate=full c4159395583c818660b1a182dacce80714584d34 d794d5ff440e446fc6c49077a1479975bc9a215d [1253ms]
2024-09-28 06:27:47.973 [info] > git config --get commit.template [1ms]
2024-09-28 06:27:47.980 [info] > git for-each-ref --format=%(refname)%00%(upstream:short)%00%(objectname)%00%(upstream:track)%00%(upstream:remotename)%00%(upstream:remoteref) refs/heads/main refs/remotes/main [2ms]
2024-09-28 06:27:47.996 [info] > git status -z -uall [10ms]
2024-09-28 06:27:48.004 [info] > git for-each-ref --format=%(refname)%00%(upstream:short)%00%(objectname)%00%(upstream:track)%00%(upstream:remotename)%00%(upstream:remoteref) refs/heads/main refs/remotes/main [2ms]
2024-09-28 06:27:48.008 [info] > git config --local branch.main.vscode-merge-base [1ms]
2024-09-28 06:27:48.008 [warning] [Git][config] git config failed: Failed to execute git
2024-09-28 06:27:48.016 [info] > git reflog main --grep-reflog=branch: Created from *. [3ms]
2024-09-28 06:27:48.021 [info] > git symbolic-ref --short refs/remotes/origin/HEAD [1ms]
2024-09-28 06:27:48.021 [info] fatal: ref refs/remotes/origin/HEAD is not a symbolic ref
2024-09-28 06:27:48.994 [info] > git log --format=%H%n%aN%n%aE%n%at%n%ct%n%P%n%D%n%B -z --shortstat --diff-merges=first-parent -n50 --skip=0 --topo-order --decorate=full c4159395583c818660b1a182dacce80714584d34 d794d5ff440e446fc6c49077a1479975bc9a215d [1257ms]
2024-09-28 06:27:53.014 [info] > git config --get commit.template [1ms]
2024-09-28 06:27:53.023 [info] > git for-each-ref --format=%(refname)%00%(upstream:short)%00%(objectname)%00%(upstream:track)%00%(upstream:remotename)%00%(upstream:remoteref) refs/heads/main refs/remotes/main [2ms]
2024-09-28 06:27:53.047 [info] > git status -z -uall [17ms]
2024-09-28 06:27:53.056 [info] > git for-each-ref --format=%(refname)%00%(upstream:short)%00%(objectname)%00%(upstream:track)%00%(upstream:remotename)%00%(upstream:remoteref) refs/heads/main refs/remotes/main [2ms]
2024-09-28 06:27:53.064 [info] > git config --local branch.main.vscode-merge-base [2ms]
2024-09-28 06:27:53.064 [warning] [Git][config] git config failed: Failed to execute git
2024-09-28 06:27:53.076 [info] > git reflog main --grep-reflog=branch: Created from *. [4ms]
2024-09-28 06:27:53.083 [info] > git symbolic-ref --short refs/remotes/origin/HEAD [2ms]
2024-09-28 06:27:53.083 [info] fatal: ref refs/remotes/origin/HEAD is not a symbolic ref
2024-09-28 06:27:58.073 [info] > git config --get commit.template [7ms]
2024-09-28 06:27:58.075 [info] > git for-each-ref --format=%(refname)%00%(upstream:short)%00%(objectname)%00%(upstream:track)%00%(upstream:remotename)%00%(upstream:remoteref) refs/heads/main refs/remotes/main [2ms]
2024-09-28 06:27:58.104 [info] > git status -z -uall [21ms]
2024-09-28 06:27:58.112 [info] > git for-each-ref --format=%(refname)%00%(upstream:short)%00%(objectname)%00%(upstream:track)%00%(upstream:remotename)%00%(upstream:remoteref) refs/heads/main refs/remotes/main [2ms]
2024-09-28 06:27:58.120 [info] > git config --local branch.main.vscode-merge-base [2ms]
2024-09-28 06:27:58.120 [warning] [Git][config] git config failed: Failed to execute git
2024-09-28 06:27:58.131 [info] > git reflog main --grep-reflog=branch: Created from *. [5ms]
2024-09-28 06:27:58.139 [info] > git symbolic-ref --short refs/remotes/origin/HEAD [2ms]
2024-09-28 06:27:58.139 [info] fatal: ref refs/remotes/origin/HEAD is not a symbolic ref
2024-09-28 06:28:10.107 [info] > git config --get commit.template [1ms]
2024-09-28 06:28:10.113 [info] > git for-each-ref --format=%(refname)%00%(upstream:short)%00%(objectname)%00%(upstream:track)%00%(upstream:remotename)%00%(upstream:remoteref) refs/heads/main refs/remotes/main [1ms]
2024-09-28 06:28:10.127 [info] > git status -z -uall [9ms]
2024-09-28 06:28:10.134 [info] > git for-each-ref --format=%(refname)%00%(upstream:short)%00%(objectname)%00%(upstream:track)%00%(upstream:remotename)%00%(upstream:remoteref) refs/heads/main refs/remotes/main [2ms]
2024-09-28 06:28:10.139 [info] > git config --local branch.main.vscode-merge-base [1ms]
2024-09-28 06:28:10.139 [warning] [Git][config] git config failed: Failed to execute git
2024-09-28 06:28:10.144 [info] > git reflog main --grep-reflog=branch: Created from *. [2ms]
2024-09-28 06:28:10.148 [info] > git symbolic-ref --short refs/remotes/origin/HEAD [1ms]
2024-09-28 06:28:10.148 [info] fatal: ref refs/remotes/origin/HEAD is not a symbolic ref
2024-09-28 06:28:16.308 [info] > git config --get commit.template [4ms]
2024-09-28 06:28:16.309 [info] > git for-each-ref --format=%(refname)%00%(upstream:short)%00%(objectname)%00%(upstream:track)%00%(upstream:remotename)%00%(upstream:remoteref) refs/heads/main refs/remotes/main [1ms]
2024-09-28 06:28:16.329 [info] > git status -z -uall [15ms]
2024-09-28 06:28:16.337 [info] > git for-each-ref --format=%(refname)%00%(upstream:short)%00%(objectname)%00%(upstream:track)%00%(upstream:remotename)%00%(upstream:remoteref) refs/heads/main refs/remotes/main [3ms]
2024-09-28 06:28:16.343 [info] > git config --local branch.main.vscode-merge-base [1ms]
2024-09-28 06:28:16.344 [warning] [Git][config] git config failed: Failed to execute git
2024-09-28 06:28:16.352 [info] > git reflog main --grep-reflog=branch: Created from *. [5ms]
2024-09-28 06:28:16.359 [info] > git symbolic-ref --short refs/remotes/origin/HEAD [2ms]
2024-09-28 06:28:16.359 [info] fatal: ref refs/remotes/origin/HEAD is not a symbolic ref
2024-09-28 06:30:15.241 [info] > git ls-files --stage -- /home/jasi/.config/READ.md [6ms]
2024-09-28 06:30:15.249 [info] > git config --get commit.template [9ms]
2024-09-28 06:30:15.257 [info] > git for-each-ref --format=%(refname)%00%(upstream:short)%00%(objectname)%00%(upstream:track)%00%(upstream:remotename)%00%(upstream:remoteref) refs/heads/main refs/remotes/main [8ms]
2024-09-28 06:30:15.264 [info] > git show --textconv :READ.md [8ms]
2024-09-28 06:30:15.280 [info] > git status -z -uall [16ms]
2024-09-28 06:30:15.286 [info] > git for-each-ref --format=%(refname)%00%(upstream:short)%00%(objectname)%00%(upstream:track)%00%(upstream:remotename)%00%(upstream:remoteref) refs/heads/main refs/remotes/main [2ms]
2024-09-28 06:30:15.291 [info] > git config --local branch.main.vscode-merge-base [1ms]
2024-09-28 06:30:15.291 [warning] [Git][config] git config failed: Failed to execute git
2024-09-28 06:30:15.297 [info] > git reflog main --grep-reflog=branch: Created from *. [3ms]
2024-09-28 06:30:15.300 [info] > git symbolic-ref --short refs/remotes/origin/HEAD [1ms]
2024-09-28 06:30:15.300 [info] fatal: ref refs/remotes/origin/HEAD is not a symbolic ref
2024-09-28 06:31:22.541 [info] > git config --get commit.template [12ms]
2024-09-28 06:31:22.542 [info] > git ls-files --stage -- /home/jasi/.config/READ.md [7ms]
2024-09-28 06:31:22.543 [info] > git for-each-ref --format=%(refname)%00%(upstream:short)%00%(objectname)%00%(upstream:track)%00%(upstream:remotename)%00%(upstream:remoteref) refs/heads/main refs/remotes/main [2ms]
2024-09-28 06:31:22.560 [info] > git show --textconv :READ.md [10ms]
2024-09-28 06:31:22.576 [info] > git status -z -uall [17ms]
2024-09-28 06:31:22.583 [info] > git for-each-ref --format=%(refname)%00%(upstream:short)%00%(objectname)%00%(upstream:track)%00%(upstream:remotename)%00%(upstream:remoteref) refs/heads/main refs/remotes/main [2ms]
2024-09-28 06:31:22.591 [info] > git config --local branch.main.vscode-merge-base [2ms]
2024-09-28 06:31:22.591 [warning] [Git][config] git config failed: Failed to execute git
2024-09-28 06:31:22.599 [info] > git reflog main --grep-reflog=branch: Created from *. [3ms]
2024-09-28 06:31:22.605 [info] > git symbolic-ref --short refs/remotes/origin/HEAD [1ms]
2024-09-28 06:31:22.605 [info] fatal: ref refs/remotes/origin/HEAD is not a symbolic ref
2024-09-28 06:31:22.610 [info] > git merge-base refs/heads/main refs/remotes/origin/main [1ms]
2024-09-28 06:31:22.616 [info] > git rev-list --count --left-right refs/heads/main...refs/remotes/origin/main [1ms]
2024-09-28 06:31:22.623 [info] > git diff --name-status -z --diff-filter=ADMR b14198345e64cd35e8d3595b084472d1f2748a10...refs/remotes/origin/main [2ms]
2024-09-28 06:31:31.180 [info] > git config --get commit.template [5ms]
2024-09-28 06:31:31.181 [info] > git for-each-ref --format=%(refname)%00%(upstream:short)%00%(objectname)%00%(upstream:track)%00%(upstream:remotename)%00%(upstream:remoteref) refs/heads/main refs/remotes/main [1ms]
2024-09-28 06:31:31.197 [info] > git status -z -uall [11ms]
2024-09-28 06:31:31.205 [info] > git for-each-ref --format=%(refname)%00%(upstream:short)%00%(objectname)%00%(upstream:track)%00%(upstream:remotename)%00%(upstream:remoteref) refs/heads/main refs/remotes/main [3ms]
2024-09-28 06:31:31.212 [info] > git config --local branch.main.vscode-merge-base [1ms]
2024-09-28 06:31:31.212 [warning] [Git][config] git config failed: Failed to execute git
2024-09-28 06:31:31.219 [info] > git reflog main --grep-reflog=branch: Created from *. [3ms]
2024-09-28 06:31:31.224 [info] > git symbolic-ref --short refs/remotes/origin/HEAD [1ms]
2024-09-28 06:31:31.224 [info] fatal: ref refs/remotes/origin/HEAD is not a symbolic ref
2024-09-28 06:31:47.292 [info] > git config --get commit.template [7ms]
2024-09-28 06:31:47.293 [info] > git for-each-ref --format=%(refname)%00%(upstream:short)%00%(objectname)%00%(upstream:track)%00%(upstream:remotename)%00%(upstream:remoteref) refs/heads/main refs/remotes/main [2ms]
2024-09-28 06:31:47.315 [info] > git status -z -uall [16ms]
2024-09-28 06:31:47.322 [info] > git for-each-ref --format=%(refname)%00%(upstream:short)%00%(objectname)%00%(upstream:track)%00%(upstream:remotename)%00%(upstream:remoteref) refs/heads/main refs/remotes/main [1ms]
2024-09-28 06:31:47.329 [info] > git config --local branch.main.vscode-merge-base [1ms]
2024-09-28 06:31:47.329 [warning] [Git][config] git config failed: Failed to execute git
2024-09-28 06:31:47.336 [info] > git reflog main --grep-reflog=branch: Created from *. [3ms]
2024-09-28 06:31:47.341 [info] > git symbolic-ref --short refs/remotes/origin/HEAD [1ms]
2024-09-28 06:31:47.341 [info] fatal: ref refs/remotes/origin/HEAD is not a symbolic ref
2024-09-28 06:31:53.888 [info] > git config --get commit.template [8ms]
2024-09-28 06:31:53.891 [info] > git for-each-ref --format=%(refname)%00%(upstream:short)%00%(objectname)%00%(upstream:track)%00%(upstream:remotename)%00%(upstream:remoteref) refs/heads/main refs/remotes/main [3ms]
2024-09-28 06:31:53.917 [info] > git status -z -uall [19ms]
2024-09-28 06:31:53.927 [info] > git for-each-ref --format=%(refname)%00%(upstream:short)%00%(objectname)%00%(upstream:track)%00%(upstream:remotename)%00%(upstream:remoteref) refs/heads/main refs/remotes/main [2ms]
2024-09-28 06:31:53.935 [info] > git config --local branch.main.vscode-merge-base [2ms]
2024-09-28 06:31:53.935 [warning] [Git][config] git config failed: Failed to execute git
2024-09-28 06:31:53.945 [info] > git reflog main --grep-reflog=branch: Created from *. [4ms]
2024-09-28 06:31:53.953 [info] > git symbolic-ref --short refs/remotes/origin/HEAD [1ms]
2024-09-28 06:31:53.953 [info] fatal: ref refs/remotes/origin/HEAD is not a symbolic ref
2024-09-28 06:32:01.369 [info] > git config --get commit.template [7ms]
2024-09-28 06:32:01.370 [info] > git for-each-ref --format=%(refname)%00%(upstream:short)%00%(objectname)%00%(upstream:track)%00%(upstream:remotename)%00%(upstream:remoteref) refs/heads/main refs/remotes/main [2ms]
2024-09-28 06:32:01.388 [info] > git status -z -uall [11ms]
2024-09-28 06:32:01.395 [info] > git for-each-ref --format=%(refname)%00%(upstream:short)%00%(objectname)%00%(upstream:track)%00%(upstream:remotename)%00%(upstream:remoteref) refs/heads/main refs/remotes/main [1ms]
2024-09-28 06:32:01.400 [info] > git config --local branch.main.vscode-merge-base [1ms]
2024-09-28 06:32:01.400 [warning] [Git][config] git config failed: Failed to execute git
2024-09-28 06:32:01.408 [info] > git reflog main --grep-reflog=branch: Created from *. [3ms]
2024-09-28 06:32:01.414 [info] > git symbolic-ref --short refs/remotes/origin/HEAD [1ms]
2024-09-28 06:32:01.414 [info] fatal: ref refs/remotes/origin/HEAD is not a symbolic ref
2024-09-28 06:32:06.412 [info] > git config --get commit.template [7ms]
2024-09-28 06:32:06.413 [info] > git for-each-ref --format=%(refname)%00%(upstream:short)%00%(objectname)%00%(upstream:track)%00%(upstream:remotename)%00%(upstream:remoteref) refs/heads/main refs/remotes/main [2ms]
2024-09-28 06:32:06.437 [info] > git status -z -uall [17ms]
2024-09-28 06:32:06.446 [info] > git for-each-ref --format=%(refname)%00%(upstream:short)%00%(objectname)%00%(upstream:track)%00%(upstream:remotename)%00%(upstream:remoteref) refs/heads/main refs/remotes/main [2ms]
2024-09-28 06:32:06.455 [info] > git config --local branch.main.vscode-merge-base [2ms]
2024-09-28 06:32:06.455 [warning] [Git][config] git config failed: Failed to execute git
2024-09-28 06:32:06.466 [info] > git reflog main --grep-reflog=branch: Created from *. [5ms]
2024-09-28 06:32:06.472 [info] > git symbolic-ref --short refs/remotes/origin/HEAD [1ms]
2024-09-28 06:32:06.472 [info] fatal: ref refs/remotes/origin/HEAD is not a symbolic ref
2024-09-28 06:32:16.120 [info] > git config --get commit.template [8ms]
2024-09-28 06:32:16.122 [info] > git for-each-ref --format=%(refname)%00%(upstream:short)%00%(objectname)%00%(upstream:track)%00%(upstream:remotename)%00%(upstream:remoteref) refs/heads/main refs/remotes/main [3ms]
2024-09-28 06:32:16.150 [info] > git status -z -uall [19ms]
2024-09-28 06:32:16.157 [info] > git for-each-ref --format=%(refname)%00%(upstream:short)%00%(objectname)%00%(upstream:track)%00%(upstream:remotename)%00%(upstream:remoteref) refs/heads/main refs/remotes/main [2ms]
2024-09-28 06:32:16.164 [info] > git config --local branch.main.vscode-merge-base [1ms]
2024-09-28 06:32:16.164 [warning] [Git][config] git config failed: Failed to execute git
2024-09-28 06:32:16.177 [info] > git reflog main --grep-reflog=branch: Created from *. [6ms]
2024-09-28 06:32:16.184 [info] > git symbolic-ref --short refs/remotes/origin/HEAD [1ms]
2024-09-28 06:32:16.184 [info] fatal: ref refs/remotes/origin/HEAD is not a symbolic ref
2024-09-28 06:32:21.614 [info] > git config --get commit.template [10ms]
2024-09-28 06:32:21.615 [info] > git for-each-ref --format=%(refname)%00%(upstream:short)%00%(objectname)%00%(upstream:track)%00%(upstream:remotename)%00%(upstream:remoteref) refs/heads/main refs/remotes/main [2ms]
2024-09-28 06:32:21.648 [info] > git status -z -uall [24ms]
2024-09-28 06:32:21.656 [info] > git for-each-ref --format=%(refname)%00%(upstream:short)%00%(objectname)%00%(upstream:track)%00%(upstream:remotename)%00%(upstream:remoteref) refs/heads/main refs/remotes/main [2ms]
2024-09-28 06:32:21.664 [info] > git config --local branch.main.vscode-merge-base [2ms]
2024-09-28 06:32:21.664 [warning] [Git][config] git config failed: Failed to execute git
2024-09-28 06:32:21.675 [info] > git reflog main --grep-reflog=branch: Created from *. [4ms]
2024-09-28 06:32:21.683 [info] > git symbolic-ref --short refs/remotes/origin/HEAD [3ms]
2024-09-28 06:32:21.683 [info] fatal: ref refs/remotes/origin/HEAD is not a symbolic ref
2024-09-28 06:32:26.842 [info] > git config --get commit.template [8ms]
2024-09-28 06:32:26.843 [info] > git for-each-ref --format=%(refname)%00%(upstream:short)%00%(objectname)%00%(upstream:track)%00%(upstream:remotename)%00%(upstream:remoteref) refs/heads/main refs/remotes/main [2ms]
2024-09-28 06:32:26.869 [info] > git status -z -uall [19ms]
2024-09-28 06:32:26.879 [info] > git for-each-ref --format=%(refname)%00%(upstream:short)%00%(objectname)%00%(upstream:track)%00%(upstream:remotename)%00%(upstream:remoteref) refs/heads/main refs/remotes/main [2ms]
2024-09-28 06:32:26.887 [info] > git config --local branch.main.vscode-merge-base [1ms]
2024-09-28 06:32:26.887 [warning] [Git][config] git config failed: Failed to execute git
2024-09-28 06:32:26.899 [info] > git reflog main --grep-reflog=branch: Created from *. [5ms]
2024-09-28 06:32:26.908 [info] > git symbolic-ref --short refs/remotes/origin/HEAD [2ms]
2024-09-28 06:32:26.908 [info] fatal: ref refs/remotes/origin/HEAD is not a symbolic ref
2024-09-28 06:33:00.925 [info] > git config --get commit.template [7ms]
2024-09-28 06:33:00.926 [info] > git for-each-ref --format=%(refname)%00%(upstream:short)%00%(objectname)%00%(upstream:track)%00%(upstream:remotename)%00%(upstream:remoteref) refs/heads/main refs/remotes/main [1ms]
2024-09-28 06:33:00.954 [info] > git status -z -uall [22ms]
2024-09-28 06:33:00.960 [info] > git for-each-ref --format=%(refname)%00%(upstream:short)%00%(objectname)%00%(upstream:track)%00%(upstream:remotename)%00%(upstream:remoteref) refs/heads/main refs/remotes/main [1ms]
2024-09-28 06:33:00.967 [info] > git config --local branch.main.vscode-merge-base [2ms]
2024-09-28 06:33:00.967 [warning] [Git][config] git config failed: Failed to execute git
2024-09-28 06:33:00.980 [info] > git reflog main --grep-reflog=branch: Created from *. [6ms]
2024-09-28 06:33:00.986 [info] > git symbolic-ref --short refs/remotes/origin/HEAD [1ms]
2024-09-28 06:33:00.986 [info] fatal: ref refs/remotes/origin/HEAD is not a symbolic ref
2024-09-28 06:34:20.527 [info] > git config --get commit.template [1ms]
2024-09-28 06:34:20.534 [info] > git for-each-ref --format=%(refname)%00%(upstream:short)%00%(objectname)%00%(upstream:track)%00%(upstream:remotename)%00%(upstream:remoteref) refs/heads/main refs/remotes/main [1ms]
2024-09-28 06:34:20.551 [info] > git status -z -uall [11ms]
2024-09-28 06:34:20.558 [info] > git for-each-ref --format=%(refname)%00%(upstream:short)%00%(objectname)%00%(upstream:track)%00%(upstream:remotename)%00%(upstream:remoteref) refs/heads/main refs/remotes/main [2ms]
2024-09-28 06:34:20.562 [info] > git config --local branch.main.vscode-merge-base [1ms]
2024-09-28 06:34:20.562 [warning] [Git][config] git config failed: Failed to execute git
2024-09-28 06:34:20.569 [info] > git reflog main --grep-reflog=branch: Created from *. [3ms]
2024-09-28 06:34:20.574 [info] > git symbolic-ref --short refs/remotes/origin/HEAD [1ms]
2024-09-28 06:34:20.574 [info] fatal: ref refs/remotes/origin/HEAD is not a symbolic ref
2024-09-28 06:35:58.047 [info] > git config --get commit.template [6ms]
2024-09-28 06:35:58.048 [info] > git for-each-ref --format=%(refname)%00%(upstream:short)%00%(objectname)%00%(upstream:track)%00%(upstream:remotename)%00%(upstream:remoteref) refs/heads/main refs/remotes/main [1ms]
2024-09-28 06:35:58.069 [info] > git status -z -uall [16ms]
2024-09-28 06:35:58.076 [info] > git for-each-ref --format=%(refname)%00%(upstream:short)%00%(objectname)%00%(upstream:track)%00%(upstream:remotename)%00%(upstream:remoteref) refs/heads/main refs/remotes/main [2ms]
2024-09-28 06:35:58.082 [info] > git config --local branch.main.vscode-merge-base [1ms]
2024-09-28 06:35:58.082 [warning] [Git][config] git config failed: Failed to execute git
2024-09-28 06:35:58.091 [info] > git reflog main --grep-reflog=branch: Created from *. [3ms]
2024-09-28 06:35:58.096 [info] > git symbolic-ref --short refs/remotes/origin/HEAD [2ms]
2024-09-28 06:35:58.096 [info] fatal: ref refs/remotes/origin/HEAD is not a symbolic ref
2024-09-28 06:36:38.211 [info] > git config --get commit.template [7ms]
2024-09-28 06:36:38.212 [info] > git for-each-ref --format=%(refname)%00%(upstream:short)%00%(objectname)%00%(upstream:track)%00%(upstream:remotename)%00%(upstream:remoteref) refs/heads/main refs/remotes/main [2ms]
2024-09-28 06:36:38.243 [info] > git status -z -uall [22ms]
2024-09-28 06:36:38.252 [info] > git for-each-ref --format=%(refname)%00%(upstream:short)%00%(objectname)%00%(upstream:track)%00%(upstream:remotename)%00%(upstream:remoteref) refs/heads/main refs/remotes/main [3ms]
2024-09-28 06:36:38.259 [info] > git config --local branch.main.vscode-merge-base [1ms]
2024-09-28 06:36:38.259 [warning] [Git][config] git config failed: Failed to execute git
2024-09-28 06:36:38.267 [info] > git reflog main --grep-reflog=branch: Created from *. [4ms]
2024-09-28 06:36:38.274 [info] > git symbolic-ref --short refs/remotes/origin/HEAD [2ms]
2024-09-28 06:36:38.274 [info] fatal: ref refs/remotes/origin/HEAD is not a symbolic ref
2024-09-28 06:36:43.266 [info] > git config --get commit.template [2ms]
2024-09-28 06:36:43.280 [info] > git for-each-ref --format=%(refname)%00%(upstream:short)%00%(objectname)%00%(upstream:track)%00%(upstream:remotename)%00%(upstream:remoteref) refs/heads/main refs/remotes/main [4ms]
2024-09-28 06:36:43.305 [info] > git status -z -uall [18ms]
2024-09-28 06:36:43.316 [info] > git for-each-ref --format=%(refname)%00%(upstream:short)%00%(objectname)%00%(upstream:track)%00%(upstream:remotename)%00%(upstream:remoteref) refs/heads/main refs/remotes/main [2ms]
2024-09-28 06:36:43.324 [info] > git config --local branch.main.vscode-merge-base [2ms]
2024-09-28 06:36:43.324 [warning] [Git][config] git config failed: Failed to execute git
2024-09-28 06:36:43.334 [info] > git reflog main --grep-reflog=branch: Created from *. [4ms]
2024-09-28 06:36:43.340 [info] > git symbolic-ref --short refs/remotes/origin/HEAD [1ms]
2024-09-28 06:36:43.340 [info] fatal: ref refs/remotes/origin/HEAD is not a symbolic ref
2024-09-28 06:36:50.077 [info] > git config --get commit.template [8ms]
2024-09-28 06:36:50.078 [info] > git for-each-ref --format=%(refname)%00%(upstream:short)%00%(objectname)%00%(upstream:track)%00%(upstream:remotename)%00%(upstream:remoteref) refs/heads/main refs/remotes/main [2ms]
2024-09-28 06:36:50.105 [info] > git status -z -uall [20ms]
2024-09-28 06:36:50.114 [info] > git for-each-ref --format=%(refname)%00%(upstream:short)%00%(objectname)%00%(upstream:track)%00%(upstream:remotename)%00%(upstream:remoteref) refs/heads/main refs/remotes/main [2ms]
2024-09-28 06:36:50.122 [info] > git config --local branch.main.vscode-merge-base [2ms]
2024-09-28 06:36:50.122 [warning] [Git][config] git config failed: Failed to execute git
2024-09-28 06:36:50.134 [info] > git reflog main --grep-reflog=branch: Created from *. [5ms]
2024-09-28 06:36:50.142 [info] > git symbolic-ref --short refs/remotes/origin/HEAD [1ms]
2024-09-28 06:36:50.142 [info] fatal: ref refs/remotes/origin/HEAD is not a symbolic ref
2024-09-28 06:36:55.131 [info] > git config --get commit.template [7ms]
2024-09-28 06:36:55.133 [info] > git for-each-ref --format=%(refname)%00%(upstream:short)%00%(objectname)%00%(upstream:track)%00%(upstream:remotename)%00%(upstream:remoteref) refs/heads/main refs/remotes/main [1ms]
2024-09-28 06:36:55.153 [info] > git status -z -uall [14ms]
2024-09-28 06:36:55.159 [info] > git for-each-ref --format=%(refname)%00%(upstream:short)%00%(objectname)%00%(upstream:track)%00%(upstream:remotename)%00%(upstream:remoteref) refs/heads/main refs/remotes/main [2ms]
2024-09-28 06:36:55.165 [info] > git config --local branch.main.vscode-merge-base [1ms]
2024-09-28 06:36:55.165 [warning] [Git][config] git config failed: Failed to execute git
2024-09-28 06:36:55.177 [info] > git reflog main --grep-reflog=branch: Created from *. [5ms]
2024-09-28 06:36:55.186 [info] > git symbolic-ref --short refs/remotes/origin/HEAD [2ms]
2024-09-28 06:36:55.186 [info] fatal: ref refs/remotes/origin/HEAD is not a symbolic ref
2024-09-28 06:37:18.102 [info] > git config --get commit.template [8ms]
2024-09-28 06:37:18.104 [info] > git for-each-ref --format=%(refname)%00%(upstream:short)%00%(objectname)%00%(upstream:track)%00%(upstream:remotename)%00%(upstream:remoteref) refs/heads/main refs/remotes/main [2ms]
2024-09-28 06:37:18.127 [info] > git status -z -uall [16ms]
2024-09-28 06:37:18.135 [info] > git for-each-ref --format=%(refname)%00%(upstream:short)%00%(objectname)%00%(upstream:track)%00%(upstream:remotename)%00%(upstream:remoteref) refs/heads/main refs/remotes/main [3ms]
2024-09-28 06:37:18.143 [info] > git config --local branch.main.vscode-merge-base [2ms]
2024-09-28 06:37:18.143 [warning] [Git][config] git config failed: Failed to execute git
2024-09-28 06:37:18.153 [info] > git reflog main --grep-reflog=branch: Created from *. [4ms]
2024-09-28 06:37:18.160 [info] > git symbolic-ref --short refs/remotes/origin/HEAD [2ms]
2024-09-28 06:37:18.160 [info] fatal: ref refs/remotes/origin/HEAD is not a symbolic ref
2024-09-28 06:37:27.225 [info] > git config --get commit.template [12ms]
2024-09-28 06:37:27.227 [info] > git for-each-ref --format=%(refname)%00%(upstream:short)%00%(objectname)%00%(upstream:track)%00%(upstream:remotename)%00%(upstream:remoteref) refs/heads/main refs/remotes/main [3ms]
2024-09-28 06:37:27.260 [info] > git status -z -uall [24ms]
2024-09-28 06:37:27.270 [info] > git for-each-ref --format=%(refname)%00%(upstream:short)%00%(objectname)%00%(upstream:track)%00%(upstream:remotename)%00%(upstream:remoteref) refs/heads/main refs/remotes/main [2ms]
2024-09-28 06:37:27.279 [info] > git config --local branch.main.vscode-merge-base [3ms]
2024-09-28 06:37:27.279 [warning] [Git][config] git config failed: Failed to execute git
2024-09-28 06:37:27.290 [info] > git reflog main --grep-reflog=branch: Created from *. [4ms]
2024-09-28 06:37:27.297 [info] > git symbolic-ref --short refs/remotes/origin/HEAD [2ms]
2024-09-28 06:37:27.297 [info] fatal: ref refs/remotes/origin/HEAD is not a symbolic ref
2024-09-28 06:41:45.716 [info] > git config --get commit.template [9ms]
2024-09-28 06:41:45.717 [info] > git for-each-ref --format=%(refname)%00%(upstream:short)%00%(objectname)%00%(upstream:track)%00%(upstream:remotename)%00%(upstream:remoteref) refs/heads/main refs/remotes/main [2ms]
2024-09-28 06:41:45.738 [info] > git status -z -uall [14ms]
2024-09-28 06:41:45.747 [info] > git for-each-ref --format=%(refname)%00%(upstream:short)%00%(objectname)%00%(upstream:track)%00%(upstream:remotename)%00%(upstream:remoteref) refs/heads/main refs/remotes/main [2ms]
2024-09-28 06:41:45.756 [info] > git config --local branch.main.vscode-merge-base [3ms]
2024-09-28 06:41:45.756 [warning] [Git][config] git config failed: Failed to execute git
2024-09-28 06:41:45.766 [info] > git reflog main --grep-reflog=branch: Created from *. [4ms]
2024-09-28 06:41:45.774 [info] > git symbolic-ref --short refs/remotes/origin/HEAD [1ms]
2024-09-28 06:41:45.774 [info] fatal: ref refs/remotes/origin/HEAD is not a symbolic ref
2024-09-28 06:42:27.361 [info] > git config --get commit.template [8ms]
2024-09-28 06:42:27.362 [info] > git for-each-ref --format=%(refname)%00%(upstream:short)%00%(objectname)%00%(upstream:track)%00%(upstream:remotename)%00%(upstream:remoteref) refs/heads/main refs/remotes/main [2ms]
2024-09-28 06:42:27.387 [info] > git status -z -uall [18ms]
2024-09-28 06:42:27.396 [info] > git for-each-ref --format=%(refname)%00%(upstream:short)%00%(objectname)%00%(upstream:track)%00%(upstream:remotename)%00%(upstream:remoteref) refs/heads/main refs/remotes/main [2ms]
2024-09-28 06:42:27.404 [info] > git config --local branch.main.vscode-merge-base [2ms]
2024-09-28 06:42:27.404 [warning] [Git][config] git config failed: Failed to execute git
2024-09-28 06:42:27.416 [info] > git reflog main --grep-reflog=branch: Created from *. [5ms]
2024-09-28 06:42:27.424 [info] > git symbolic-ref --short refs/remotes/origin/HEAD [2ms]
2024-09-28 06:42:27.424 [info] fatal: ref refs/remotes/origin/HEAD is not a symbolic ref
2024-09-28 06:43:55.931 [info] > git config --get commit.template [8ms]
2024-09-28 06:43:55.933 [info] > git for-each-ref --format=%(refname)%00%(upstream:short)%00%(objectname)%00%(upstream:track)%00%(upstream:remotename)%00%(upstream:remoteref) refs/heads/main refs/remotes/main [3ms]
2024-09-28 06:43:55.957 [info] > git status -z -uall [17ms]
2024-09-28 06:43:55.966 [info] > git for-each-ref --format=%(refname)%00%(upstream:short)%00%(objectname)%00%(upstream:track)%00%(upstream:remotename)%00%(upstream:remoteref) refs/heads/main refs/remotes/main [2ms]
2024-09-28 06:43:55.973 [info] > git config --local branch.main.vscode-merge-base [2ms]
2024-09-28 06:43:55.973 [warning] [Git][config] git config failed: Failed to execute git
2024-09-28 06:43:55.981 [info] > git reflog main --grep-reflog=branch: Created from *. [3ms]
2024-09-28 06:43:55.986 [info] > git symbolic-ref --short refs/remotes/origin/HEAD [1ms]
2024-09-28 06:43:55.986 [info] fatal: ref refs/remotes/origin/HEAD is not a symbolic ref
2024-09-28 06:44:18.114 [info] > git config --get commit.template [7ms]
2024-09-28 06:44:18.115 [info] > git for-each-ref --format=%(refname)%00%(upstream:short)%00%(objectname)%00%(upstream:track)%00%(upstream:remotename)%00%(upstream:remoteref) refs/heads/main refs/remotes/main [1ms]
2024-09-28 06:44:18.140 [info] > git status -z -uall [17ms]
2024-09-28 06:44:18.153 [info] > git for-each-ref --format=%(refname)%00%(upstream:short)%00%(objectname)%00%(upstream:track)%00%(upstream:remotename)%00%(upstream:remoteref) refs/heads/main refs/remotes/main [3ms]
2024-09-28 06:44:18.162 [info] > git config --local branch.main.vscode-merge-base [2ms]
2024-09-28 06:44:18.162 [warning] [Git][config] git config failed: Failed to execute git
2024-09-28 06:44:18.174 [info] > git reflog main --grep-reflog=branch: Created from *. [6ms]
2024-09-28 06:44:18.181 [info] > git symbolic-ref --short refs/remotes/origin/HEAD [2ms]
2024-09-28 06:44:18.181 [info] fatal: ref refs/remotes/origin/HEAD is not a symbolic ref
2024-09-28 06:47:09.853 [info] > git config --get commit.template [8ms]
2024-09-28 06:47:09.854 [info] > git for-each-ref --format=%(refname)%00%(upstream:short)%00%(objectname)%00%(upstream:track)%00%(upstream:remotename)%00%(upstream:remoteref) refs/heads/main refs/remotes/main [2ms]
2024-09-28 06:47:09.880 [info] > git status -z -uall [20ms]
2024-09-28 06:47:09.888 [info] > git for-each-ref --format=%(refname)%00%(upstream:short)%00%(objectname)%00%(upstream:track)%00%(upstream:remotename)%00%(upstream:remoteref) refs/heads/main refs/remotes/main [2ms]
2024-09-28 06:47:09.894 [info] > git config --local branch.main.vscode-merge-base [1ms]
2024-09-28 06:47:09.894 [warning] [Git][config] git config failed: Failed to execute git
2024-09-28 06:47:09.902 [info] > git reflog main --grep-reflog=branch: Created from *. [3ms]
2024-09-28 06:47:09.908 [info] > git symbolic-ref --short refs/remotes/origin/HEAD [1ms]
2024-09-28 06:47:09.908 [info] fatal: ref refs/remotes/origin/HEAD is not a symbolic ref
2024-09-28 06:47:18.128 [info] > git config --get commit.template [7ms]
2024-09-28 06:47:18.129 [info] > git for-each-ref --format=%(refname)%00%(upstream:short)%00%(objectname)%00%(upstream:track)%00%(upstream:remotename)%00%(upstream:remoteref) refs/heads/main refs/remotes/main [2ms]
2024-09-28 06:47:18.153 [info] > git status -z -uall [16ms]
2024-09-28 06:47:18.160 [info] > git for-each-ref --format=%(refname)%00%(upstream:short)%00%(objectname)%00%(upstream:track)%00%(upstream:remotename)%00%(upstream:remoteref) refs/heads/main refs/remotes/main [2ms]
2024-09-28 06:47:18.168 [info] > git config --local branch.main.vscode-merge-base [2ms]
2024-09-28 06:47:18.168 [warning] [Git][config] git config failed: Failed to execute git
2024-09-28 06:47:18.179 [info] > git reflog main --grep-reflog=branch: Created from *. [5ms]
2024-09-28 06:47:18.188 [info] > git symbolic-ref --short refs/remotes/origin/HEAD [2ms]
2024-09-28 06:47:18.188 [info] fatal: ref refs/remotes/origin/HEAD is not a symbolic ref
2024-09-28 06:47:27.664 [info] > git config --get commit.template [11ms]
2024-09-28 06:47:27.667 [info] > git for-each-ref --format=%(refname)%00%(upstream:short)%00%(objectname)%00%(upstream:track)%00%(upstream:remotename)%00%(upstream:remoteref) refs/heads/main refs/remotes/main [3ms]
2024-09-28 06:47:27.693 [info] > git status -z -uall [15ms]
2024-09-28 06:47:27.700 [info] > git for-each-ref --format=%(refname)%00%(upstream:short)%00%(objectname)%00%(upstream:track)%00%(upstream:remotename)%00%(upstream:remoteref) refs/heads/main refs/remotes/main [2ms]
2024-09-28 06:47:27.707 [info] > git config --local branch.main.vscode-merge-base [2ms]
2024-09-28 06:47:27.707 [warning] [Git][config] git config failed: Failed to execute git
2024-09-28 06:47:27.716 [info] > git reflog main --grep-reflog=branch: Created from *. [4ms]
2024-09-28 06:47:27.723 [info] > git symbolic-ref --short refs/remotes/origin/HEAD [2ms]
2024-09-28 06:47:27.723 [info] fatal: ref refs/remotes/origin/HEAD is not a symbolic ref
2024-09-28 06:48:15.299 [info] > git config --get commit.template [4ms]
2024-09-28 06:48:15.299 [info] > git for-each-ref --format=%(refname)%00%(upstream:short)%00%(objectname)%00%(upstream:track)%00%(upstream:remotename)%00%(upstream:remoteref) refs/heads/main refs/remotes/main [1ms]
2024-09-28 06:48:15.314 [info] > git status -z -uall [10ms]
2024-09-28 06:48:15.320 [info] > git for-each-ref --format=%(refname)%00%(upstream:short)%00%(objectname)%00%(upstream:track)%00%(upstream:remotename)%00%(upstream:remoteref) refs/heads/main refs/remotes/main [1ms]
2024-09-28 06:48:15.326 [info] > git config --local branch.main.vscode-merge-base [1ms]
2024-09-28 06:48:15.326 [warning] [Git][config] git config failed: Failed to execute git
2024-09-28 06:48:15.336 [info] > git reflog main --grep-reflog=branch: Created from *. [5ms]
2024-09-28 06:48:15.341 [info] > git symbolic-ref --short refs/remotes/origin/HEAD [1ms]
2024-09-28 06:48:15.341 [info] fatal: ref refs/remotes/origin/HEAD is not a symbolic ref
2024-09-28 06:48:20.340 [info] > git config --get commit.template [10ms]
2024-09-28 06:48:20.342 [info] > git for-each-ref --format=%(refname)%00%(upstream:short)%00%(objectname)%00%(upstream:track)%00%(upstream:remotename)%00%(upstream:remoteref) refs/heads/main refs/remotes/main [3ms]
2024-09-28 06:48:20.377 [info] > git status -z -uall [26ms]
2024-09-28 06:48:20.384 [info] > git for-each-ref --format=%(refname)%00%(upstream:short)%00%(objectname)%00%(upstream:track)%00%(upstream:remotename)%00%(upstream:remoteref) refs/heads/main refs/remotes/main [1ms]
2024-09-28 06:48:20.389 [info] > git config --local branch.main.vscode-merge-base [0ms]
2024-09-28 06:48:20.389 [warning] [Git][config] git config failed: Failed to execute git
2024-09-28 06:48:20.395 [info] > git reflog main --grep-reflog=branch: Created from *. [2ms]
2024-09-28 06:48:20.399 [info] > git symbolic-ref --short refs/remotes/origin/HEAD [1ms]
2024-09-28 06:48:20.400 [info] fatal: ref refs/remotes/origin/HEAD is not a symbolic ref
2024-09-28 06:48:34.647 [info] > git config --get commit.template [11ms]
2024-09-28 06:48:34.650 [info] > git for-each-ref --format=%(refname)%00%(upstream:short)%00%(objectname)%00%(upstream:track)%00%(upstream:remotename)%00%(upstream:remoteref) refs/heads/main refs/remotes/main [4ms]
2024-09-28 06:48:34.685 [info] > git status -z -uall [26ms]
2024-09-28 06:48:34.692 [info] > git for-each-ref --format=%(refname)%00%(upstream:short)%00%(objectname)%00%(upstream:track)%00%(upstream:remotename)%00%(upstream:remoteref) refs/heads/main refs/remotes/main [2ms]
2024-09-28 06:48:34.700 [info] > git config --local branch.main.vscode-merge-base [1ms]
2024-09-28 06:48:34.700 [warning] [Git][config] git config failed: Failed to execute git
2024-09-28 06:48:34.709 [info] > git reflog main --grep-reflog=branch: Created from *. [4ms]
2024-09-28 06:48:34.716 [info] > git symbolic-ref --short refs/remotes/origin/HEAD [1ms]
2024-09-28 06:48:34.716 [info] fatal: ref refs/remotes/origin/HEAD is not a symbolic ref
2024-09-28 06:48:39.714 [info] > git config --get commit.template [11ms]
2024-09-28 06:48:39.716 [info] > git for-each-ref --format=%(refname)%00%(upstream:short)%00%(objectname)%00%(upstream:track)%00%(upstream:remotename)%00%(upstream:remoteref) refs/heads/main refs/remotes/main [3ms]
2024-09-28 06:48:39.735 [info] > git status -z -uall [12ms]
2024-09-28 06:48:39.746 [info] > git for-each-ref --format=%(refname)%00%(upstream:short)%00%(objectname)%00%(upstream:track)%00%(upstream:remotename)%00%(upstream:remoteref) refs/heads/main refs/remotes/main [3ms]
2024-09-28 06:48:39.757 [info] > git config --local branch.main.vscode-merge-base [2ms]
2024-09-28 06:48:39.757 [warning] [Git][config] git config failed: Failed to execute git
2024-09-28 06:48:39.774 [info] > git reflog main --grep-reflog=branch: Created from *. [7ms]
2024-09-28 06:48:39.785 [info] > git symbolic-ref --short refs/remotes/origin/HEAD [2ms]
2024-09-28 06:48:39.785 [info] fatal: ref refs/remotes/origin/HEAD is not a symbolic ref
2024-09-28 06:48:44.763 [info] > git config --get commit.template [7ms]
2024-09-28 06:48:44.764 [info] > git for-each-ref --format=%(refname)%00%(upstream:short)%00%(objectname)%00%(upstream:track)%00%(upstream:remotename)%00%(upstream:remoteref) refs/heads/main refs/remotes/main [2ms]
2024-09-28 06:48:44.787 [info] > git status -z -uall [17ms]
2024-09-28 06:48:44.795 [info] > git for-each-ref --format=%(refname)%00%(upstream:short)%00%(objectname)%00%(upstream:track)%00%(upstream:remotename)%00%(upstream:remoteref) refs/heads/main refs/remotes/main [2ms]
2024-09-28 06:48:44.803 [info] > git config --local branch.main.vscode-merge-base [2ms]
2024-09-28 06:48:44.803 [warning] [Git][config] git config failed: Failed to execute git
2024-09-28 06:48:44.813 [info] > git reflog main --grep-reflog=branch: Created from *. [4ms]
2024-09-28 06:48:44.821 [info] > git symbolic-ref --short refs/remotes/origin/HEAD [2ms]
2024-09-28 06:48:44.821 [info] fatal: ref refs/remotes/origin/HEAD is not a symbolic ref
2024-09-28 06:48:49.817 [info] > git config --get commit.template [10ms]
2024-09-28 06:48:49.819 [info] > git for-each-ref --format=%(refname)%00%(upstream:short)%00%(objectname)%00%(upstream:track)%00%(upstream:remotename)%00%(upstream:remoteref) refs/heads/main refs/remotes/main [3ms]
2024-09-28 06:48:49.842 [info] > git status -z -uall [14ms]
2024-09-28 06:48:49.848 [info] > git for-each-ref --format=%(refname)%00%(upstream:short)%00%(objectname)%00%(upstream:track)%00%(upstream:remotename)%00%(upstream:remoteref) refs/heads/main refs/remotes/main [1ms]
2024-09-28 06:48:49.856 [info] > git config --local branch.main.vscode-merge-base [1ms]
2024-09-28 06:48:49.856 [warning] [Git][config] git config failed: Failed to execute git
2024-09-28 06:48:49.866 [info] > git reflog main --grep-reflog=branch: Created from *. [5ms]
2024-09-28 06:48:49.870 [info] > git symbolic-ref --short refs/remotes/origin/HEAD [1ms]
2024-09-28 06:48:49.870 [info] fatal: ref refs/remotes/origin/HEAD is not a symbolic ref
2024-09-28 06:49:38.594 [info] > git config --get commit.template [7ms]
2024-09-28 06:49:38.594 [info] > git for-each-ref --format=%(refname)%00%(upstream:short)%00%(objectname)%00%(upstream:track)%00%(upstream:remotename)%00%(upstream:remoteref) refs/heads/main refs/remotes/main [1ms]
2024-09-28 06:49:38.616 [info] > git status -z -uall [16ms]
2024-09-28 06:49:38.623 [info] > git for-each-ref --format=%(refname)%00%(upstream:short)%00%(objectname)%00%(upstream:track)%00%(upstream:remotename)%00%(upstream:remoteref) refs/heads/main refs/remotes/main [2ms]
2024-09-28 06:49:38.629 [info] > git config --local branch.main.vscode-merge-base [1ms]
2024-09-28 06:49:38.629 [warning] [Git][config] git config failed: Failed to execute git
2024-09-28 06:49:38.639 [info] > git reflog main --grep-reflog=branch: Created from *. [5ms]
2024-09-28 06:49:38.648 [info] > git symbolic-ref --short refs/remotes/origin/HEAD [2ms]
2024-09-28 06:49:38.648 [info] fatal: ref refs/remotes/origin/HEAD is not a symbolic ref
2024-09-28 06:49:55.991 [info] > git config --get commit.template [1ms]
2024-09-28 06:49:56.001 [info] > git for-each-ref --format=%(refname)%00%(upstream:short)%00%(objectname)%00%(upstream:track)%00%(upstream:remotename)%00%(upstream:remoteref) refs/heads/main refs/remotes/main [3ms]
2024-09-28 06:49:56.038 [info] > git status -z -uall [27ms]
2024-09-28 06:49:56.049 [info] > git for-each-ref --format=%(refname)%00%(upstream:short)%00%(objectname)%00%(upstream:track)%00%(upstream:remotename)%00%(upstream:remoteref) refs/heads/main refs/remotes/main [3ms]
2024-09-28 06:49:56.061 [info] > git config --local branch.main.vscode-merge-base [3ms]
2024-09-28 06:49:56.061 [warning] [Git][config] git config failed: Failed to execute git
2024-09-28 06:49:56.075 [info] > git reflog main --grep-reflog=branch: Created from *. [6ms]
2024-09-28 06:49:56.087 [info] > git symbolic-ref --short refs/remotes/origin/HEAD [2ms]
2024-09-28 06:49:56.087 [info] fatal: ref refs/remotes/origin/HEAD is not a symbolic ref
2024-09-28 06:50:04.776 [info] > git config --get commit.template [7ms]
2024-09-28 06:50:04.778 [info] > git for-each-ref --format=%(refname)%00%(upstream:short)%00%(objectname)%00%(upstream:track)%00%(upstream:remotename)%00%(upstream:remoteref) refs/heads/main refs/remotes/main [2ms]
2024-09-28 06:50:04.803 [info] > git status -z -uall [18ms]
2024-09-28 06:50:04.812 [info] > git for-each-ref --format=%(refname)%00%(upstream:short)%00%(objectname)%00%(upstream:track)%00%(upstream:remotename)%00%(upstream:remoteref) refs/heads/main refs/remotes/main [3ms]
2024-09-28 06:50:04.819 [info] > git config --local branch.main.vscode-merge-base [2ms]
2024-09-28 06:50:04.819 [warning] [Git][config] git config failed: Failed to execute git
2024-09-28 06:50:04.830 [info] > git reflog main --grep-reflog=branch: Created from *. [4ms]
2024-09-28 06:50:04.837 [info] > git symbolic-ref --short refs/remotes/origin/HEAD [1ms]
2024-09-28 06:50:04.837 [info] fatal: ref refs/remotes/origin/HEAD is not a symbolic ref
2024-09-28 06:50:09.828 [info] > git config --get commit.template [8ms]
2024-09-28 06:50:09.829 [info] > git for-each-ref --format=%(refname)%00%(upstream:short)%00%(objectname)%00%(upstream:track)%00%(upstream:remotename)%00%(upstream:remoteref) refs/heads/main refs/remotes/main [2ms]
2024-09-28 06:50:09.855 [info] > git status -z -uall [19ms]
2024-09-28 06:50:09.864 [info] > git for-each-ref --format=%(refname)%00%(upstream:short)%00%(objectname)%00%(upstream:track)%00%(upstream:remotename)%00%(upstream:remoteref) refs/heads/main refs/remotes/main [2ms]
2024-09-28 06:50:09.871 [info] > git config --local branch.main.vscode-merge-base [2ms]
2024-09-28 06:50:09.871 [warning] [Git][config] git config failed: Failed to execute git
2024-09-28 06:50:09.880 [info] > git reflog main --grep-reflog=branch: Created from *. [3ms]
2024-09-28 06:50:09.886 [info] > git symbolic-ref --short refs/remotes/origin/HEAD [2ms]
2024-09-28 06:50:09.886 [info] fatal: ref refs/remotes/origin/HEAD is not a symbolic ref
2024-09-28 06:51:23.677 [info] [main] Log level: Info
2024-09-28 06:51:23.677 [info] [main] Validating found git in: "git"
2024-09-28 06:51:23.677 [info] [main] Using git "2.46.2" from "git"
2024-09-28 06:51:23.677 [info] [Model][doInitialScan] Initial repository scan started
2024-09-28 06:51:23.679 [info] > git rev-parse --show-toplevel [4ms]
2024-09-28 06:51:23.703 [info] > git rev-parse --git-dir --git-common-dir [4ms]
2024-09-28 06:51:23.709 [info] [Model][openRepository] Opened repository: /home/jasi/.config
2024-09-28 06:51:23.711 [info] [Model][doInitialScan] Initial repository scan completed - repositories (1), closed repositories (0), parent repositories (0), unsafe repositories (0)
2024-09-28 06:51:23.719 [info] > git config --get commit.template [1ms]
2024-09-28 06:51:23.724 [info] > git for-each-ref --format=%(refname)%00%(upstream:short)%00%(objectname)%00%(upstream:track)%00%(upstream:remotename)%00%(upstream:remoteref) refs/heads/main refs/remotes/main [1ms]
2024-09-28 06:51:23.740 [info] > git status -z -uall [12ms]
2024-09-28 06:51:23.754 [info] > git for-each-ref --format=%(refname)%00%(upstream:short)%00%(objectname)%00%(upstream:track)%00%(upstream:remotename)%00%(upstream:remoteref) refs/heads/main refs/remotes/main [9ms]
2024-09-28 06:51:23.759 [info] > git config --local branch.main.vscode-merge-base [2ms]
2024-09-28 06:51:23.759 [warning] [Git][config] git config failed: Failed to execute git
2024-09-28 06:51:23.763 [info] > git config --get commit.template [10ms]
2024-09-28 06:51:23.785 [info] > git reflog main --grep-reflog=branch: Created from *. [22ms]
2024-09-28 06:51:23.797 [info] > git symbolic-ref --short refs/remotes/origin/HEAD [7ms]
2024-09-28 06:51:23.797 [info] fatal: ref refs/remotes/origin/HEAD is not a symbolic ref
2024-09-28 06:51:23.803 [info] > git for-each-ref --format=%(refname)%00%(upstream:short)%00%(objectname)%00%(upstream:track)%00%(upstream:remotename)%00%(upstream:remoteref) refs/heads/main refs/remotes/main [7ms]
2024-09-28 06:51:23.804 [info] > git merge-base refs/heads/main refs/remotes/origin/main [3ms]
2024-09-28 06:51:23.823 [info] > git rev-list --count --left-right refs/heads/main...refs/remotes/origin/main [14ms]
2024-09-28 06:51:23.833 [info] > git diff --name-status -z --diff-filter=ADMR b14198345e64cd35e8d3595b084472d1f2748a10...refs/remotes/origin/main [5ms]
2024-09-28 06:51:23.845 [info] > git status -z -uall [13ms]
2024-09-28 06:51:23.853 [info] > git for-each-ref --format=%(refname)%00%(upstream:short)%00%(objectname)%00%(upstream:track)%00%(upstream:remotename)%00%(upstream:remoteref) refs/heads/main refs/remotes/main [2ms]
2024-09-28 06:51:23.858 [info] > git config --local branch.main.vscode-merge-base [1ms]
2024-09-28 06:51:23.858 [warning] [Git][config] git config failed: Failed to execute git
2024-09-28 06:51:23.866 [info] > git reflog main --grep-reflog=branch: Created from *. [3ms]
2024-09-28 06:51:23.874 [info] > git symbolic-ref --short refs/remotes/origin/HEAD [2ms]
2024-09-28 06:51:23.874 [info] fatal: ref refs/remotes/origin/HEAD is not a symbolic ref
2024-09-28 06:51:24.175 [info] > git show --textconv :READ.md [7ms]
2024-09-28 06:51:24.177 [info] > git ls-files --stage -- /home/jasi/.config/READ.md [3ms]
2024-09-28 06:51:24.227 [info] > git check-ignore -v -z --stdin [3ms]
2024-09-28 06:51:26.707 [info] > git config --get commit.template [8ms]
2024-09-28 06:51:26.708 [info] > git for-each-ref --format=%(refname)%00%(upstream:short)%00%(objectname)%00%(upstream:track)%00%(upstream:remotename)%00%(upstream:remoteref) refs/heads/main refs/remotes/main [2ms]
2024-09-28 06:51:26.737 [info] > git status -z -uall [22ms]
2024-09-28 06:51:26.743 [info] > git for-each-ref --format=%(refname)%00%(upstream:short)%00%(objectname)%00%(upstream:track)%00%(upstream:remotename)%00%(upstream:remoteref) refs/heads/main refs/remotes/main [2ms]
2024-09-28 06:51:26.749 [info] > git config --local branch.main.vscode-merge-base [1ms]
2024-09-28 06:51:26.749 [warning] [Git][config] git config failed: Failed to execute git
2024-09-28 06:51:26.759 [info] > git reflog main --grep-reflog=branch: Created from *. [5ms]
2024-09-28 06:51:26.766 [info] > git symbolic-ref --short refs/remotes/origin/HEAD [1ms]
2024-09-28 06:51:26.766 [info] fatal: ref refs/remotes/origin/HEAD is not a symbolic ref
2024-09-28 06:51:36.195 [info] > git config --get commit.template [11ms]
2024-09-28 06:51:36.197 [info] > git for-each-ref --format=%(refname)%00%(upstream:short)%00%(objectname)%00%(upstream:track)%00%(upstream:remotename)%00%(upstream:remoteref) refs/heads/main refs/remotes/main [3ms]
2024-09-28 06:51:36.222 [info] > git status -z -uall [19ms]
2024-09-28 06:51:36.233 [info] > git for-each-ref --format=%(refname)%00%(upstream:short)%00%(objectname)%00%(upstream:track)%00%(upstream:remotename)%00%(upstream:remoteref) refs/heads/main refs/remotes/main [4ms]
2024-09-28 06:51:36.240 [info] > git config --local branch.main.vscode-merge-base [1ms]
2024-09-28 06:51:36.240 [warning] [Git][config] git config failed: Failed to execute git
2024-09-28 06:51:36.246 [info] > git reflog main --grep-reflog=branch: Created from *. [3ms]
2024-09-28 06:51:36.251 [info] > git symbolic-ref --short refs/remotes/origin/HEAD [1ms]
2024-09-28 06:51:36.251 [info] fatal: ref refs/remotes/origin/HEAD is not a symbolic ref
2024-09-28 06:52:57.045 [info] > git config --get commit.template [2ms]
2024-09-28 06:52:57.056 [info] > git for-each-ref --format=%(refname)%00%(upstream:short)%00%(objectname)%00%(upstream:track)%00%(upstream:remotename)%00%(upstream:remoteref) refs/heads/main refs/remotes/main [2ms]
2024-09-28 06:52:57.089 [info] > git status -z -uall [24ms]
2024-09-28 06:52:57.100 [info] > git for-each-ref --format=%(refname)%00%(upstream:short)%00%(objectname)%00%(upstream:track)%00%(upstream:remotename)%00%(upstream:remoteref) refs/heads/main refs/remotes/main [3ms]
2024-09-28 06:52:57.110 [info] > git config --local branch.main.vscode-merge-base [1ms]
2024-09-28 06:52:57.110 [warning] [Git][config] git config failed: Failed to execute git
2024-09-28 06:52:57.120 [info] > git reflog main --grep-reflog=branch: Created from *. [5ms]
2024-09-28 06:52:57.127 [info] > git symbolic-ref --short refs/remotes/origin/HEAD [2ms]
2024-09-28 06:52:57.127 [info] fatal: ref refs/remotes/origin/HEAD is not a symbolic ref
2024-09-28 06:54:18.339 [info] > git config --get commit.template [7ms]
2024-09-28 06:54:18.340 [info] > git for-each-ref --format=%(refname)%00%(upstream:short)%00%(objectname)%00%(upstream:track)%00%(upstream:remotename)%00%(upstream:remoteref) refs/heads/main refs/remotes/main [2ms]
2024-09-28 06:54:18.357 [info] > git status -z -uall [11ms]
2024-09-28 06:54:18.364 [info] > git for-each-ref --format=%(refname)%00%(upstream:short)%00%(objectname)%00%(upstream:track)%00%(upstream:remotename)%00%(upstream:remoteref) refs/heads/main refs/remotes/main [2ms]
2024-09-28 06:54:18.371 [info] > git config --local branch.main.vscode-merge-base [2ms]
2024-09-28 06:54:18.371 [warning] [Git][config] git config failed: Failed to execute git
2024-09-28 06:54:18.380 [info] > git reflog main --grep-reflog=branch: Created from *. [4ms]
2024-09-28 06:54:18.386 [info] > git symbolic-ref --short refs/remotes/origin/HEAD [2ms]
2024-09-28 06:54:18.386 [info] fatal: ref refs/remotes/origin/HEAD is not a symbolic ref
