2024-09-29 02:35:17.901 [info] Added views:workbench.panel.markers.view in workbench.panel.markers
2024-09-29 02:35:17.901 [info] Added views:workbench.panel.output in workbench.panel.output
2024-09-29 02:35:17.901 [info] Added views:terminal in terminal
2024-09-29 02:35:17.901 [info] Added views:outline in workbench.view.explorer
2024-09-29 02:35:17.901 [info] Added views:workbench.scm in workbench.view.scm
2024-09-29 02:35:17.901 [info] Added views:workbench.view.search in workbench.view.search
2024-09-29 02:35:17.901 [info] Added views:timeline in workbench.view.explorer
2024-09-29 02:35:17.901 [info] Added views:workbench.explorer.openEditorsView,workbench.explorer.emptyView in workbench.view.explorer
2024-09-29 02:35:18.008 [info] Added views:workbench.debug.welcome in workbench.view.debug
2024-09-29 02:35:18.424 [info] Added views:workbench.panel.repl.view in workbench.panel.repl
2024-09-29 02:35:18.643 [info] Added views:~remote.forwardedPorts in ~remote.forwardedPortsContainer
2024-09-29 02:35:18.647 [info] Added views:workbench.scm.history in workbench.view.scm
2024-09-29 02:41:44.184 [info] Removed views:workbench.scm.history from workbench.view.scm
2024-09-29 02:41:44.842 [info] Added views:workbench.panel.markers.view in workbench.panel.markers
2024-09-29 02:41:44.842 [info] Added views:workbench.panel.output in workbench.panel.output
2024-09-29 02:41:44.843 [info] Added views:terminal in terminal
2024-09-29 02:41:44.843 [info] Added views:outline in workbench.view.explorer
2024-09-29 02:41:44.843 [info] Added views:workbench.scm in workbench.view.scm
2024-09-29 02:41:44.843 [info] Added views:workbench.view.search in workbench.view.search
2024-09-29 02:41:44.843 [info] Added views:timeline in workbench.view.explorer
2024-09-29 02:41:44.843 [info] Added views:workbench.explorer.openEditorsView,workbench.explorer.emptyView in workbench.view.explorer
2024-09-29 02:41:44.927 [info] Added views:workbench.debug.welcome in workbench.view.debug
2024-09-29 02:41:45.473 [info] Added views:workbench.panel.markers.view in workbench.panel.markers
2024-09-29 02:41:45.473 [info] Added views:workbench.panel.output in workbench.panel.output
2024-09-29 02:41:45.473 [info] Added views:terminal in terminal
2024-09-29 02:41:45.473 [info] Added views:outline in workbench.view.explorer
2024-09-29 02:41:45.473 [info] Added views:workbench.scm in workbench.view.scm
2024-09-29 02:41:45.473 [info] Added views:workbench.view.search in workbench.view.search
2024-09-29 02:41:45.473 [info] Added views:timeline in workbench.view.explorer
2024-09-29 02:41:45.473 [info] Added views:workbench.explorer.openEditorsView,workbench.explorer.emptyView in workbench.view.explorer
2024-09-29 02:41:45.540 [info] Added views:workbench.debug.welcome in workbench.view.debug
2024-09-29 02:41:45.852 [info] Added views:workbench.panel.repl.view in workbench.panel.repl
2024-09-29 02:41:46.023 [info] Added views:workbench.scm.history in workbench.view.scm
2024-09-29 02:41:46.084 [info] Added views:~remote.forwardedPorts in ~remote.forwardedPortsContainer
2024-09-29 02:41:47.463 [info] Removed views:workbench.scm.history from workbench.view.scm
2024-09-29 02:41:47.738 [info] Added views:workbench.panel.markers.view in workbench.panel.markers
2024-09-29 02:41:47.738 [info] Added views:workbench.panel.output in workbench.panel.output
2024-09-29 02:41:47.738 [info] Added views:terminal in terminal
2024-09-29 02:41:47.738 [info] Added views:outline in workbench.view.explorer
2024-09-29 02:41:47.738 [info] Added views:workbench.scm in workbench.view.scm
2024-09-29 02:41:47.738 [info] Added views:workbench.view.search in workbench.view.search
2024-09-29 02:41:47.738 [info] Added views:timeline in workbench.view.explorer
2024-09-29 02:41:47.738 [info] Added views:workbench.explorer.openEditorsView,workbench.explorer.emptyView in workbench.view.explorer
2024-09-29 02:41:47.806 [info] Added views:workbench.debug.welcome in workbench.view.debug
2024-09-29 02:41:48.189 [info] Added views:workbench.panel.repl.view in workbench.panel.repl
2024-09-29 02:41:48.265 [info] Added views:~remote.forwardedPorts in ~remote.forwardedPortsContainer
2024-09-29 02:41:48.366 [info] Added views:workbench.scm.history in workbench.view.scm
2024-09-29 02:41:52.627 [info] Removed views:workbench.scm.history from workbench.view.scm
2024-09-29 02:41:52.930 [info] Added views:workbench.panel.markers.view in workbench.panel.markers
2024-09-29 02:41:52.930 [info] Added views:workbench.panel.output in workbench.panel.output
2024-09-29 02:41:52.930 [info] Added views:terminal in terminal
2024-09-29 02:41:52.930 [info] Added views:outline in workbench.view.explorer
2024-09-29 02:41:52.930 [info] Added views:workbench.scm in workbench.view.scm
2024-09-29 02:41:52.930 [info] Added views:workbench.view.search in workbench.view.search
2024-09-29 02:41:52.930 [info] Added views:timeline in workbench.view.explorer
2024-09-29 02:41:52.930 [info] Added views:workbench.explorer.openEditorsView,workbench.explorer.emptyView in workbench.view.explorer
2024-09-29 02:41:53.010 [info] Added views:workbench.debug.welcome in workbench.view.debug
2024-09-29 02:41:53.382 [info] Added views:workbench.panel.repl.view in workbench.panel.repl
2024-09-29 02:41:53.770 [info] Added views:workbench.panel.markers.view in workbench.panel.markers
2024-09-29 02:41:53.770 [info] Added views:workbench.panel.output in workbench.panel.output
2024-09-29 02:41:53.770 [info] Added views:terminal in terminal
2024-09-29 02:41:53.770 [info] Added views:outline in workbench.view.explorer
2024-09-29 02:41:53.770 [info] Added views:workbench.scm in workbench.view.scm
2024-09-29 02:41:53.770 [info] Added views:workbench.view.search in workbench.view.search
2024-09-29 02:41:53.770 [info] Added views:timeline in workbench.view.explorer
2024-09-29 02:41:53.770 [info] Added views:workbench.explorer.openEditorsView,workbench.explorer.emptyView in workbench.view.explorer
2024-09-29 02:41:53.854 [info] Added views:workbench.debug.welcome in workbench.view.debug
2024-09-29 02:41:54.163 [info] Added views:~remote.forwardedPorts in ~remote.forwardedPortsContainer
2024-09-29 02:41:54.242 [info] Added views:workbench.panel.repl.view in workbench.panel.repl
2024-09-29 02:41:54.419 [info] Added views:workbench.scm.history in workbench.view.scm
2024-09-29 02:42:11.854 [info] Removed views:workbench.scm.history from workbench.view.scm
2024-09-29 02:42:12.184 [info] Added views:workbench.panel.markers.view in workbench.panel.markers
2024-09-29 02:42:12.184 [info] Added views:workbench.panel.output in workbench.panel.output
2024-09-29 02:42:12.184 [info] Added views:terminal in terminal
2024-09-29 02:42:12.184 [info] Added views:outline in workbench.view.explorer
2024-09-29 02:42:12.184 [info] Added views:workbench.scm in workbench.view.scm
2024-09-29 02:42:12.184 [info] Added views:workbench.view.search in workbench.view.search
2024-09-29 02:42:12.184 [info] Added views:timeline in workbench.view.explorer
2024-09-29 02:42:12.184 [info] Added views:workbench.explorer.openEditorsView,workbench.explorer.emptyView in workbench.view.explorer
2024-09-29 02:42:12.251 [info] Added views:workbench.debug.welcome in workbench.view.debug
2024-09-29 02:42:12.566 [info] Added views:workbench.panel.repl.view in workbench.panel.repl
2024-09-29 02:42:12.738 [info] Added views:workbench.scm.history in workbench.view.scm
2024-09-29 02:42:12.824 [info] Added views:~remote.forwardedPorts in ~remote.forwardedPortsContainer
