2024-09-30 14:29:21.981 [info] Extension host with pid 6194 started
2024-09-30 14:29:21.981 [info] Skipping acquiring lock for /home/jasi/.config/Code - OSS/User/workspaceStorage/f8476c32d1fbf76e40a16abcbabc8bb7.
2024-09-30 14:29:22.085 [info] ExtensionService#_doActivateExtension vscode.git-base, startup: true, activationEvent: '*', root cause: vscode.git
2024-09-30 14:29:22.096 [info] ExtensionService#_doActivateExtension vscode.git, startup: true, activationEvent: '*'
2024-09-30 14:29:22.182 [info] ExtensionService#_doActivateExtension vscode.github, startup: true, activationEvent: '*'
2024-09-30 14:29:22.230 [warning] [vscode.git] Accessing a resource scoped configuration without providing a resource is not expected. To get the effective value for 'git.openRepositoryInParentFolders', provide the URI of a resource or 'null' for any resource.
2024-09-30 14:29:22.230 [warning] [vscode.git] Accessing a resource scoped configuration without providing a resource is not expected. To get the effective value for 'git.showProgress', provide the URI of a resource or 'null' for any resource.
2024-09-30 14:29:22.238 [info] Eager extensions activated
2024-09-30 14:29:22.254 [info] ExtensionService#_doActivateExtension vscode.debug-auto-launch, startup: false, activationEvent: 'onStartupFinished'
2024-09-30 14:29:22.256 [info] ExtensionService#_doActivateExtension vscode.merge-conflict, startup: false, activationEvent: 'onStartupFinished'
2024-09-30 14:29:22.299 [info] ExtensionService#_doActivateExtension vscode.emmet, startup: false, activationEvent: 'onLanguage'
2024-09-30 14:29:22.379 [warning] [Decorations] CAPPING events from decorations provider vscode.git 558
2024-09-30 14:29:22.436 [info] ExtensionService#_doActivateExtension vscode.github-authentication, startup: false, activationEvent: 'onAuthenticationRequest:github'
2024-09-30 14:29:22.523 [warning] [Decorations] CAPPING events from decorations provider vscode.git 559
2024-09-30 14:29:24.635 [warning] [Decorations] CAPPING events from decorations provider vscode.git 559
2024-09-30 14:29:29.706 [warning] [Decorations] CAPPING events from decorations provider vscode.git 559
2024-09-30 14:29:34.788 [warning] [Decorations] CAPPING events from decorations provider vscode.git 627
2024-09-30 14:29:39.862 [warning] [Decorations] CAPPING events from decorations provider vscode.git 627
2024-09-30 14:29:44.931 [warning] [Decorations] CAPPING events from decorations provider vscode.git 627
2024-09-30 14:29:50.009 [warning] [Decorations] CAPPING events from decorations provider vscode.git 627
2024-09-30 14:29:55.078 [warning] [Decorations] CAPPING events from decorations provider vscode.git 627
2024-09-30 14:30:00.159 [warning] [Decorations] CAPPING events from decorations provider vscode.git 627
2024-09-30 14:30:05.234 [warning] [Decorations] CAPPING events from decorations provider vscode.git 627
2024-09-30 14:30:10.303 [warning] [Decorations] CAPPING events from decorations provider vscode.git 627
2024-09-30 14:30:15.374 [warning] [Decorations] CAPPING events from decorations provider vscode.git 628
2024-09-30 14:30:20.465 [warning] [Decorations] CAPPING events from decorations provider vscode.git 628
2024-09-30 14:30:25.540 [warning] [Decorations] CAPPING events from decorations provider vscode.git 628
2024-09-30 14:30:30.615 [warning] [Decorations] CAPPING events from decorations provider vscode.git 629
2024-09-30 14:30:35.701 [warning] [Decorations] CAPPING events from decorations provider vscode.git 629
2024-09-30 14:30:40.793 [warning] [Decorations] CAPPING events from decorations provider vscode.git 629
2024-09-30 14:30:45.864 [warning] [Decorations] CAPPING events from decorations provider vscode.git 630
2024-09-30 14:30:50.930 [warning] [Decorations] CAPPING events from decorations provider vscode.git 630
2024-09-30 14:30:56.004 [warning] [Decorations] CAPPING events from decorations provider vscode.git 631
2024-09-30 14:31:01.075 [warning] [Decorations] CAPPING events from decorations provider vscode.git 631
2024-09-30 14:31:06.148 [warning] [Decorations] CAPPING events from decorations provider vscode.git 631
2024-09-30 14:31:11.216 [warning] [Decorations] CAPPING events from decorations provider vscode.git 631
2024-09-30 14:32:04.469 [warning] [Decorations] CAPPING events from decorations provider vscode.git 631
2024-09-30 14:32:29.675 [warning] [Decorations] CAPPING events from decorations provider vscode.git 631
2024-09-30 14:35:20.645 [warning] [Decorations] CAPPING events from decorations provider vscode.git 631
2024-09-30 14:36:00.167 [warning] [Decorations] CAPPING events from decorations provider vscode.git 631
2024-09-30 14:36:20.685 [warning] [Decorations] CAPPING events from decorations provider vscode.git 631
2024-09-30 14:37:22.975 [warning] [Decorations] CAPPING events from decorations provider vscode.git 632
2024-09-30 14:37:28.050 [warning] [Decorations] CAPPING events from decorations provider vscode.git 632
2024-09-30 14:37:33.128 [warning] [Decorations] CAPPING events from decorations provider vscode.git 632
2024-09-30 14:37:38.201 [warning] [Decorations] CAPPING events from decorations provider vscode.git 632
2024-09-30 14:37:43.276 [warning] [Decorations] CAPPING events from decorations provider vscode.git 632
2024-09-30 14:37:48.342 [warning] [Decorations] CAPPING events from decorations provider vscode.git 632
2024-09-30 14:37:53.420 [warning] [Decorations] CAPPING events from decorations provider vscode.git 632
2024-09-30 14:37:58.498 [warning] [Decorations] CAPPING events from decorations provider vscode.git 632
2024-09-30 14:38:03.572 [warning] [Decorations] CAPPING events from decorations provider vscode.git 632
2024-09-30 14:38:41.757 [warning] [Decorations] CAPPING events from decorations provider vscode.git 632
2024-09-30 14:39:14.711 [warning] [Decorations] CAPPING events from decorations provider vscode.git 632
2024-09-30 14:40:02.287 [warning] [Decorations] CAPPING events from decorations provider vscode.git 632
2024-09-30 14:40:11.669 [warning] [Decorations] CAPPING events from decorations provider vscode.git 632
2024-09-30 14:40:27.177 [warning] [Decorations] CAPPING events from decorations provider vscode.git 632
2024-09-30 14:40:31.152 [info] Extension host terminating: renderer closed the MessagePort
2024-09-30 14:40:31.165 [error] Canceled: Canceled
	at new D (/usr/lib/code/out/vs/workbench/api/node/extensionHostProcess.js:151:35235)
	at y.U (/usr/lib/code/out/vs/workbench/api/node/extensionHostProcess.js:158:6005)
	at V.<computed>.F.charCodeAt.A.CharCode.DollarSign.V.<computed> (/usr/lib/code/out/vs/workbench/api/node/extensionHostProcess.js:158:3107)
	at h.g (/usr/lib/code/out/vs/workbench/api/node/extensionHostProcess.js:161:210015)
	at h.executeCommand (/usr/lib/code/out/vs/workbench/api/node/extensionHostProcess.js:161:209453)
	at C.registerCommand.description (/usr/lib/code/out/vs/workbench/api/node/extensionHostProcess.js:161:208777)
	at h (/usr/lib/code/out/vs/workbench/api/node/extensionHostProcess.js:161:210554)
	at h.g (/usr/lib/code/out/vs/workbench/api/node/extensionHostProcess.js:161:209546)
	at h.executeCommand (/usr/lib/code/out/vs/workbench/api/node/extensionHostProcess.js:161:209453)
	at Object.executeCommand (/usr/lib/code/out/vs/workbench/api/node/extensionHostProcess.js:171:30683)
	at i.O [as value] (/usr/lib/code/extensions/git/dist/main.js:2:952009)
	at r.B (/usr/lib/code/out/vs/workbench/api/node/extensionHostProcess.js:90:732)
	at r.C (/usr/lib/code/out/vs/workbench/api/node/extensionHostProcess.js:90:802)
	at r.fire (/usr/lib/code/out/vs/workbench/api/node/extensionHostProcess.js:90:1018)
	at Object.p [as dispose] (/usr/lib/code/extensions/git/dist/main.js:2:972587)
	at /usr/lib/code/extensions/git/dist/main.js:2:978709
	at Array.forEach (<anonymous>)
	at f.dispose (/usr/lib/code/extensions/git/dist/main.js:2:978695)
	at o.<anonymous> (/usr/lib/code/out/vs/workbench/api/node/extensionHostProcess.js:159:4176)
	at o.dispose (/usr/lib/code/out/vs/workbench/api/node/extensionHostProcess.js:159:4273)
	at o.<anonymous> (/usr/lib/code/extensions/git/dist/main.js:2:954307)
	at o.dispose (/usr/lib/code/out/vs/workbench/api/node/extensionHostProcess.js:159:4273)
	at $ (/usr/lib/code/out/vs/workbench/api/node/extensionHostProcess.js:30:744)
	at /usr/lib/code/out/vs/workbench/api/node/extensionHostProcess.js:167:13607
	at /usr/lib/code/out/vs/workbench/api/node/extensionHostProcess.js:30:1112
	at Object.dispose (/usr/lib/code/out/vs/workbench/api/node/extensionHostProcess.js:11:11463)
	at m.eb (/usr/lib/code/out/vs/workbench/api/node/extensionHostProcess.js:167:10282)
	at /usr/lib/code/out/vs/workbench/api/node/extensionHostProcess.js:167:8153
	at Array.map (<anonymous>)
	at m.$ (/usr/lib/code/out/vs/workbench/api/node/extensionHostProcess.js:167:8140)
	at m.terminate (/usr/lib/code/out/vs/workbench/api/node/extensionHostProcess.js:167:8413)
	at $.terminate (/usr/lib/code/out/vs/workbench/api/node/extensionHostProcess.js:171:1513)
	at n (/usr/lib/code/out/vs/workbench/api/node/extensionHostProcess.js:184:10613)
	at MessagePortMain.<anonymous> (/usr/lib/code/out/vs/workbench/api/node/extensionHostProcess.js:184:6805)
	at MessagePortMain.emit (node:events:519:28)
	at MessagePortMain._internalPort.emit (node:electron/js2c/utility_init:2:2619) setContext undefined
2024-09-30 14:40:31.165 [error] Canceled: Canceled
	at new D (/usr/lib/code/out/vs/workbench/api/node/extensionHostProcess.js:151:35235)
	at y.U (/usr/lib/code/out/vs/workbench/api/node/extensionHostProcess.js:158:6005)
	at V.<computed>.F.charCodeAt.A.CharCode.DollarSign.V.<computed> (/usr/lib/code/out/vs/workbench/api/node/extensionHostProcess.js:158:3107)
	at h.g (/usr/lib/code/out/vs/workbench/api/node/extensionHostProcess.js:161:210015)
	at h.executeCommand (/usr/lib/code/out/vs/workbench/api/node/extensionHostProcess.js:161:209453)
	at C.registerCommand.description (/usr/lib/code/out/vs/workbench/api/node/extensionHostProcess.js:161:208777)
	at h (/usr/lib/code/out/vs/workbench/api/node/extensionHostProcess.js:161:210554)
	at h.g (/usr/lib/code/out/vs/workbench/api/node/extensionHostProcess.js:161:209546)
	at h.executeCommand (/usr/lib/code/out/vs/workbench/api/node/extensionHostProcess.js:161:209453)
	at Object.executeCommand (/usr/lib/code/out/vs/workbench/api/node/extensionHostProcess.js:171:30683)
	at set hasGitHubRepositories (/usr/lib/code/extensions/github/dist/extension.js:2:322969)
	at /usr/lib/code/extensions/github/dist/extension.js:2:323928
	at i.value (/usr/lib/code/extensions/git/dist/main.js:2:1060944)
	at r.B (/usr/lib/code/out/vs/workbench/api/node/extensionHostProcess.js:90:732)
	at r.C (/usr/lib/code/out/vs/workbench/api/node/extensionHostProcess.js:90:802)
	at r.fire (/usr/lib/code/out/vs/workbench/api/node/extensionHostProcess.js:90:1018)
	at Object.p [as dispose] (/usr/lib/code/extensions/git/dist/main.js:2:972587)
	at /usr/lib/code/extensions/git/dist/main.js:2:978709
	at Array.forEach (<anonymous>)
	at f.dispose (/usr/lib/code/extensions/git/dist/main.js:2:978695)
	at o.<anonymous> (/usr/lib/code/out/vs/workbench/api/node/extensionHostProcess.js:159:4176)
	at o.dispose (/usr/lib/code/out/vs/workbench/api/node/extensionHostProcess.js:159:4273)
	at o.<anonymous> (/usr/lib/code/extensions/git/dist/main.js:2:954307)
	at o.dispose (/usr/lib/code/out/vs/workbench/api/node/extensionHostProcess.js:159:4273)
	at $ (/usr/lib/code/out/vs/workbench/api/node/extensionHostProcess.js:30:744)
	at /usr/lib/code/out/vs/workbench/api/node/extensionHostProcess.js:167:13607
	at /usr/lib/code/out/vs/workbench/api/node/extensionHostProcess.js:30:1112
	at Object.dispose (/usr/lib/code/out/vs/workbench/api/node/extensionHostProcess.js:11:11463)
	at m.eb (/usr/lib/code/out/vs/workbench/api/node/extensionHostProcess.js:167:10282)
	at /usr/lib/code/out/vs/workbench/api/node/extensionHostProcess.js:167:8153
	at Array.map (<anonymous>)
	at m.$ (/usr/lib/code/out/vs/workbench/api/node/extensionHostProcess.js:167:8140)
	at m.terminate (/usr/lib/code/out/vs/workbench/api/node/extensionHostProcess.js:167:8413)
	at $.terminate (/usr/lib/code/out/vs/workbench/api/node/extensionHostProcess.js:171:1513)
	at n (/usr/lib/code/out/vs/workbench/api/node/extensionHostProcess.js:184:10613)
	at MessagePortMain.<anonymous> (/usr/lib/code/out/vs/workbench/api/node/extensionHostProcess.js:184:6805)
	at MessagePortMain.emit (node:events:519:28)
	at MessagePortMain._internalPort.emit (node:electron/js2c/utility_init:2:2619) setContext undefined
2024-09-30 14:40:31.166 [info] Extension host with pid 6194 exiting with code 0
