2024-09-28 04:24:51.743 [info] Extension host with pid 118965 started
2024-09-28 04:24:51.743 [info] Skipping acquiring lock for /home/jasi/.config/Code - OSS/User/workspaceStorage/f7c973becd015232e2e5d4c9a26c5702.
2024-09-28 04:24:51.833 [info] ExtensionService#_doActivateExtension vscode.emmet, startup: false, activationEvent: 'onLanguage'
2024-09-28 04:24:51.868 [info] ExtensionService#_doActivateExtension vscode.git-base, startup: true, activationEvent: '*', root cause: vscode.git
2024-09-28 04:24:51.874 [info] ExtensionService#_doActivateExtension vscode.git, startup: true, activationEvent: '*'
2024-09-28 04:24:51.892 [info] ExtensionService#_doActivateExtension vscode.github, startup: true, activationEvent: '*'
2024-09-28 04:24:51.916 [info] Eager extensions activated
2024-09-28 04:24:51.929 [info] ExtensionService#_doActivateExtension vscode.debug-auto-launch, startup: false, activationEvent: 'onStartupFinished'
2024-09-28 04:24:51.930 [info] ExtensionService#_doActivateExtension vscode.merge-conflict, startup: false, activationEvent: 'onStartupFinished'
2024-09-28 04:24:52.690 [info] ExtensionService#_doActivateExtension vscode.github-authentication, startup: false, activationEvent: 'onAuthenticationRequest:github'
2024-09-28 04:29:37.376 [info] ExtensionService#_doActivateExtension vscode.configuration-editing, startup: false, activationEvent: 'onLanguage:json'
2024-09-28 04:29:37.391 [info] ExtensionService#_doActivateExtension vscode.extension-editing, startup: false, activationEvent: 'onLanguage:json'
2024-09-28 04:29:37.405 [info] ExtensionService#_doActivateExtension vscode.json-language-features, startup: false, activationEvent: 'onLanguage:json'
2024-09-28 04:29:37.451 [info] ExtensionService#_doActivateExtension vscode.npm, startup: false, activationEvent: 'onLanguage:json'
2024-09-28 05:54:10.593 [error] Error: No such branch: master.
	at N.getBranch (/usr/lib/code/extensions/git/dist/main.js:2:937115)
	at async T.retryRun (/usr/lib/code/extensions/git/dist/main.js:2:1032816)
	at async T.run (/usr/lib/code/extensions/git/dist/main.js:2:1032420)
	at async T.getBranch (/usr/lib/code/extensions/git/dist/main.js:2:1020563)
	at async T.getBranchBase (/usr/lib/code/extensions/git/dist/main.js:2:1020849)
	at async t.GitHistoryProvider.resolveHEADMergeBase (/usr/lib/code/extensions/git/dist/main.js:2:948410)
	at async t.GitHistoryProvider.onDidRunGitStatus (/usr/lib/code/extensions/git/dist/main.js:2:941737)
2024-09-28 05:54:10.604 [error] Error: No such branch: master.
	at N.getBranch (/usr/lib/code/extensions/git/dist/main.js:2:937115)
	at async T.retryRun (/usr/lib/code/extensions/git/dist/main.js:2:1032816)
	at async T.run (/usr/lib/code/extensions/git/dist/main.js:2:1032420)
	at async T.getBranch (/usr/lib/code/extensions/git/dist/main.js:2:1020563)
	at async T.getBranchBase (/usr/lib/code/extensions/git/dist/main.js:2:1020849)
	at async t.GitHistoryProvider.resolveHEADMergeBase (/usr/lib/code/extensions/git/dist/main.js:2:948410)
	at async t.GitHistoryProvider.onDidRunGitStatus (/usr/lib/code/extensions/git/dist/main.js:2:941737)
2024-09-28 05:59:23.111 [warning] [Decorations] CAPPING events from decorations provider vscode.git 2359
2024-09-28 05:59:23.156 [warning] [Decorations] CAPPING events from decorations provider vscode.git 2359
2024-09-28 05:59:23.604 [error] Error: Git error
	at ChildProcess.<anonymous> (/usr/lib/code/extensions/git/dist/main.js:2:1031708)
	at ChildProcess.emit (node:events:531:35)
	at ChildProcess._handle.onexit (node:internal/child_process:294:12)
2024-09-28 05:59:23.604 [error] Error: Git error
	at ChildProcess.<anonymous> (/usr/lib/code/extensions/git/dist/main.js:2:1031708)
	at ChildProcess.emit (node:events:531:35)
	at ChildProcess._handle.onexit (node:internal/child_process:294:12)
2024-09-28 05:59:23.604 [error] Error: Git error
	at ChildProcess.<anonymous> (/usr/lib/code/extensions/git/dist/main.js:2:1031708)
	at ChildProcess.emit (node:events:531:35)
	at ChildProcess._handle.onexit (node:internal/child_process:294:12)
2024-09-28 05:59:23.604 [error] Error: Git error
	at ChildProcess.<anonymous> (/usr/lib/code/extensions/git/dist/main.js:2:1031708)
	at ChildProcess.emit (node:events:531:35)
	at ChildProcess._handle.onexit (node:internal/child_process:294:12)
2024-09-28 05:59:23.604 [error] Error: Git error
	at ChildProcess.<anonymous> (/usr/lib/code/extensions/git/dist/main.js:2:1031708)
	at ChildProcess.emit (node:events:531:35)
	at ChildProcess._handle.onexit (node:internal/child_process:294:12)
2024-09-28 05:59:23.604 [error] Error: Git error
	at ChildProcess.<anonymous> (/usr/lib/code/extensions/git/dist/main.js:2:1031708)
	at ChildProcess.emit (node:events:531:35)
	at ChildProcess._handle.onexit (node:internal/child_process:294:12)
2024-09-28 05:59:23.605 [error] Error: Git error
	at ChildProcess.<anonymous> (/usr/lib/code/extensions/git/dist/main.js:2:1031708)
	at ChildProcess.emit (node:events:531:35)
	at ChildProcess._handle.onexit (node:internal/child_process:294:12)
2024-09-28 05:59:23.605 [error] Error: Git error
	at ChildProcess.<anonymous> (/usr/lib/code/extensions/git/dist/main.js:2:1031708)
	at ChildProcess.emit (node:events:531:35)
	at ChildProcess._handle.onexit (node:internal/child_process:294:12)
2024-09-28 05:59:23.605 [error] Error: Git error
	at ChildProcess.<anonymous> (/usr/lib/code/extensions/git/dist/main.js:2:1031708)
	at ChildProcess.emit (node:events:531:35)
	at ChildProcess._handle.onexit (node:internal/child_process:294:12)
2024-09-28 05:59:23.605 [error] Error: Git error
	at ChildProcess.<anonymous> (/usr/lib/code/extensions/git/dist/main.js:2:1031708)
	at ChildProcess.emit (node:events:531:35)
	at ChildProcess._handle.onexit (node:internal/child_process:294:12)
2024-09-28 05:59:23.605 [error] Error: Git error
	at ChildProcess.<anonymous> (/usr/lib/code/extensions/git/dist/main.js:2:1031708)
	at ChildProcess.emit (node:events:531:35)
	at ChildProcess._handle.onexit (node:internal/child_process:294:12)
2024-09-28 05:59:23.605 [error] Error: Git error
	at ChildProcess.<anonymous> (/usr/lib/code/extensions/git/dist/main.js:2:1031708)
	at ChildProcess.emit (node:events:531:35)
	at ChildProcess._handle.onexit (node:internal/child_process:294:12)
2024-09-28 05:59:23.605 [error] Error: Git error
	at ChildProcess.<anonymous> (/usr/lib/code/extensions/git/dist/main.js:2:1031708)
	at ChildProcess.emit (node:events:531:35)
	at ChildProcess._handle.onexit (node:internal/child_process:294:12)
2024-09-28 05:59:23.605 [error] Error: Git error
	at ChildProcess.<anonymous> (/usr/lib/code/extensions/git/dist/main.js:2:1031708)
	at ChildProcess.emit (node:events:531:35)
	at ChildProcess._handle.onexit (node:internal/child_process:294:12)
2024-09-28 05:59:23.605 [error] Error: Git error
	at ChildProcess.<anonymous> (/usr/lib/code/extensions/git/dist/main.js:2:1031708)
	at ChildProcess.emit (node:events:531:35)
	at ChildProcess._handle.onexit (node:internal/child_process:294:12)
2024-09-28 05:59:23.605 [error] Error: Git error
	at ChildProcess.<anonymous> (/usr/lib/code/extensions/git/dist/main.js:2:1031708)
	at ChildProcess.emit (node:events:531:35)
	at ChildProcess._handle.onexit (node:internal/child_process:294:12)
2024-09-28 05:59:23.605 [error] Error: Git error
	at ChildProcess.<anonymous> (/usr/lib/code/extensions/git/dist/main.js:2:1031708)
	at ChildProcess.emit (node:events:531:35)
	at ChildProcess._handle.onexit (node:internal/child_process:294:12)
2024-09-28 05:59:23.605 [error] Error: Git error
	at ChildProcess.<anonymous> (/usr/lib/code/extensions/git/dist/main.js:2:1031708)
	at ChildProcess.emit (node:events:531:35)
	at ChildProcess._handle.onexit (node:internal/child_process:294:12)
2024-09-28 05:59:23.605 [error] Error: Git error
	at ChildProcess.<anonymous> (/usr/lib/code/extensions/git/dist/main.js:2:1031708)
	at ChildProcess.emit (node:events:531:35)
	at ChildProcess._handle.onexit (node:internal/child_process:294:12)
2024-09-28 05:59:23.605 [error] Error: Git error
	at ChildProcess.<anonymous> (/usr/lib/code/extensions/git/dist/main.js:2:1031708)
	at ChildProcess.emit (node:events:531:35)
	at ChildProcess._handle.onexit (node:internal/child_process:294:12)
2024-09-28 05:59:23.605 [error] Error: Git error
	at ChildProcess.<anonymous> (/usr/lib/code/extensions/git/dist/main.js:2:1031708)
	at ChildProcess.emit (node:events:531:35)
	at ChildProcess._handle.onexit (node:internal/child_process:294:12)
2024-09-28 05:59:23.605 [error] Error: Git error
	at ChildProcess.<anonymous> (/usr/lib/code/extensions/git/dist/main.js:2:1031708)
	at ChildProcess.emit (node:events:531:35)
	at ChildProcess._handle.onexit (node:internal/child_process:294:12)
2024-09-28 05:59:23.605 [error] Error: Git error
	at ChildProcess.<anonymous> (/usr/lib/code/extensions/git/dist/main.js:2:1031708)
	at ChildProcess.emit (node:events:531:35)
	at ChildProcess._handle.onexit (node:internal/child_process:294:12)
2024-09-28 05:59:23.605 [error] Error: Git error
	at ChildProcess.<anonymous> (/usr/lib/code/extensions/git/dist/main.js:2:1031708)
	at ChildProcess.emit (node:events:531:35)
	at ChildProcess._handle.onexit (node:internal/child_process:294:12)
2024-09-28 05:59:23.605 [error] Error: Git error
	at ChildProcess.<anonymous> (/usr/lib/code/extensions/git/dist/main.js:2:1031708)
	at ChildProcess.emit (node:events:531:35)
	at ChildProcess._handle.onexit (node:internal/child_process:294:12)
2024-09-28 05:59:23.605 [error] Error: Git error
	at ChildProcess.<anonymous> (/usr/lib/code/extensions/git/dist/main.js:2:1031708)
	at ChildProcess.emit (node:events:531:35)
	at ChildProcess._handle.onexit (node:internal/child_process:294:12)
2024-09-28 05:59:23.605 [error] Error: Git error
	at ChildProcess.<anonymous> (/usr/lib/code/extensions/git/dist/main.js:2:1031708)
	at ChildProcess.emit (node:events:531:35)
	at ChildProcess._handle.onexit (node:internal/child_process:294:12)
2024-09-28 05:59:23.605 [error] Error: Git error
	at ChildProcess.<anonymous> (/usr/lib/code/extensions/git/dist/main.js:2:1031708)
	at ChildProcess.emit (node:events:531:35)
	at ChildProcess._handle.onexit (node:internal/child_process:294:12)
2024-09-28 05:59:23.605 [error] Error: Git error
	at ChildProcess.<anonymous> (/usr/lib/code/extensions/git/dist/main.js:2:1031708)
	at ChildProcess.emit (node:events:531:35)
	at ChildProcess._handle.onexit (node:internal/child_process:294:12)
2024-09-28 05:59:23.605 [error] Error: Git error
	at ChildProcess.<anonymous> (/usr/lib/code/extensions/git/dist/main.js:2:1031708)
	at ChildProcess.emit (node:events:531:35)
	at ChildProcess._handle.onexit (node:internal/child_process:294:12)
2024-09-28 05:59:23.605 [error] Error: Git error
	at ChildProcess.<anonymous> (/usr/lib/code/extensions/git/dist/main.js:2:1031708)
	at ChildProcess.emit (node:events:531:35)
	at ChildProcess._handle.onexit (node:internal/child_process:294:12)
2024-09-28 05:59:23.605 [error] Error: Git error
	at ChildProcess.<anonymous> (/usr/lib/code/extensions/git/dist/main.js:2:1031708)
	at ChildProcess.emit (node:events:531:35)
	at ChildProcess._handle.onexit (node:internal/child_process:294:12)
2024-09-28 05:59:23.605 [error] Error: Git error
	at ChildProcess.<anonymous> (/usr/lib/code/extensions/git/dist/main.js:2:1031708)
	at ChildProcess.emit (node:events:531:35)
	at ChildProcess._handle.onexit (node:internal/child_process:294:12)
2024-09-28 05:59:23.605 [error] Error: Git error
	at ChildProcess.<anonymous> (/usr/lib/code/extensions/git/dist/main.js:2:1031708)
	at ChildProcess.emit (node:events:531:35)
	at ChildProcess._handle.onexit (node:internal/child_process:294:12)
2024-09-28 05:59:23.605 [error] Error: Git error
	at ChildProcess.<anonymous> (/usr/lib/code/extensions/git/dist/main.js:2:1031708)
	at ChildProcess.emit (node:events:531:35)
	at ChildProcess._handle.onexit (node:internal/child_process:294:12)
2024-09-28 05:59:23.605 [error] Error: Git error
	at ChildProcess.<anonymous> (/usr/lib/code/extensions/git/dist/main.js:2:1031708)
	at ChildProcess.emit (node:events:531:35)
	at ChildProcess._handle.onexit (node:internal/child_process:294:12)
2024-09-28 05:59:23.605 [error] Error: Git error
	at ChildProcess.<anonymous> (/usr/lib/code/extensions/git/dist/main.js:2:1031708)
	at ChildProcess.emit (node:events:531:35)
	at ChildProcess._handle.onexit (node:internal/child_process:294:12)
2024-09-28 05:59:23.605 [error] Error: Git error
	at ChildProcess.<anonymous> (/usr/lib/code/extensions/git/dist/main.js:2:1031708)
	at ChildProcess.emit (node:events:531:35)
	at ChildProcess._handle.onexit (node:internal/child_process:294:12)
2024-09-28 05:59:23.605 [error] Error: Git error
	at ChildProcess.<anonymous> (/usr/lib/code/extensions/git/dist/main.js:2:1031708)
	at ChildProcess.emit (node:events:531:35)
	at ChildProcess._handle.onexit (node:internal/child_process:294:12)
2024-09-28 05:59:23.605 [error] Error: Git error
	at ChildProcess.<anonymous> (/usr/lib/code/extensions/git/dist/main.js:2:1031708)
	at ChildProcess.emit (node:events:531:35)
	at ChildProcess._handle.onexit (node:internal/child_process:294:12)
2024-09-28 05:59:23.605 [error] Error: Git error
	at ChildProcess.<anonymous> (/usr/lib/code/extensions/git/dist/main.js:2:1031708)
	at ChildProcess.emit (node:events:531:35)
	at ChildProcess._handle.onexit (node:internal/child_process:294:12)
2024-09-28 05:59:24.123 [error] Error: No such branch: master.
	at N.getBranch (/usr/lib/code/extensions/git/dist/main.js:2:937115)
	at async T.retryRun (/usr/lib/code/extensions/git/dist/main.js:2:1032816)
	at async T.run (/usr/lib/code/extensions/git/dist/main.js:2:1032420)
	at async T.getBranch (/usr/lib/code/extensions/git/dist/main.js:2:1020563)
	at async T.getBranchBase (/usr/lib/code/extensions/git/dist/main.js:2:1020849)
	at async t.GitHistoryProvider.resolveHEADMergeBase (/usr/lib/code/extensions/git/dist/main.js:2:948410)
	at async t.GitHistoryProvider.onDidRunGitStatus (/usr/lib/code/extensions/git/dist/main.js:2:941737)
2024-09-28 05:59:24.159 [error] Error: No such branch: master.
	at N.getBranch (/usr/lib/code/extensions/git/dist/main.js:2:937115)
	at async T.retryRun (/usr/lib/code/extensions/git/dist/main.js:2:1032816)
	at async T.run (/usr/lib/code/extensions/git/dist/main.js:2:1032420)
	at async T.getBranch (/usr/lib/code/extensions/git/dist/main.js:2:1020563)
	at async T.getBranchBase (/usr/lib/code/extensions/git/dist/main.js:2:1020849)
	at async t.GitHistoryProvider.resolveHEADMergeBase (/usr/lib/code/extensions/git/dist/main.js:2:948410)
	at async t.GitHistoryProvider.onDidRunGitStatus (/usr/lib/code/extensions/git/dist/main.js:2:941737)
2024-09-28 05:59:24.607 [error] Error: Git error
	at ChildProcess.<anonymous> (/usr/lib/code/extensions/git/dist/main.js:2:1031708)
	at ChildProcess.emit (node:events:531:35)
	at ChildProcess._handle.onexit (node:internal/child_process:294:12)
2024-09-28 05:59:24.608 [error] Error: Git error
	at ChildProcess.<anonymous> (/usr/lib/code/extensions/git/dist/main.js:2:1031708)
	at ChildProcess.emit (node:events:531:35)
	at ChildProcess._handle.onexit (node:internal/child_process:294:12)
2024-09-28 05:59:24.608 [error] Error: Git error
	at ChildProcess.<anonymous> (/usr/lib/code/extensions/git/dist/main.js:2:1031708)
	at ChildProcess.emit (node:events:531:35)
	at ChildProcess._handle.onexit (node:internal/child_process:294:12)
2024-09-28 05:59:24.608 [error] Error: Git error
	at ChildProcess.<anonymous> (/usr/lib/code/extensions/git/dist/main.js:2:1031708)
	at ChildProcess.emit (node:events:531:35)
	at ChildProcess._handle.onexit (node:internal/child_process:294:12)
2024-09-28 05:59:24.609 [error] Error: Git error
	at ChildProcess.<anonymous> (/usr/lib/code/extensions/git/dist/main.js:2:1031708)
	at ChildProcess.emit (node:events:531:35)
	at ChildProcess._handle.onexit (node:internal/child_process:294:12)
2024-09-28 05:59:24.609 [error] Error: Git error
	at ChildProcess.<anonymous> (/usr/lib/code/extensions/git/dist/main.js:2:1031708)
	at ChildProcess.emit (node:events:531:35)
	at ChildProcess._handle.onexit (node:internal/child_process:294:12)
2024-09-28 05:59:24.609 [error] Error: Git error
	at ChildProcess.<anonymous> (/usr/lib/code/extensions/git/dist/main.js:2:1031708)
	at ChildProcess.emit (node:events:531:35)
	at ChildProcess._handle.onexit (node:internal/child_process:294:12)
2024-09-28 05:59:24.610 [error] Error: Git error
	at ChildProcess.<anonymous> (/usr/lib/code/extensions/git/dist/main.js:2:1031708)
	at ChildProcess.emit (node:events:531:35)
	at ChildProcess._handle.onexit (node:internal/child_process:294:12)
2024-09-28 05:59:24.610 [error] Error: Git error
	at ChildProcess.<anonymous> (/usr/lib/code/extensions/git/dist/main.js:2:1031708)
	at ChildProcess.emit (node:events:531:35)
	at ChildProcess._handle.onexit (node:internal/child_process:294:12)
2024-09-28 05:59:24.610 [error] Error: Git error
	at ChildProcess.<anonymous> (/usr/lib/code/extensions/git/dist/main.js:2:1031708)
	at ChildProcess.emit (node:events:531:35)
	at ChildProcess._handle.onexit (node:internal/child_process:294:12)
2024-09-28 05:59:24.610 [error] Error: Git error
	at ChildProcess.<anonymous> (/usr/lib/code/extensions/git/dist/main.js:2:1031708)
	at ChildProcess.emit (node:events:531:35)
	at ChildProcess._handle.onexit (node:internal/child_process:294:12)
2024-09-28 05:59:24.611 [error] Error: Git error
	at ChildProcess.<anonymous> (/usr/lib/code/extensions/git/dist/main.js:2:1031708)
	at ChildProcess.emit (node:events:531:35)
	at ChildProcess._handle.onexit (node:internal/child_process:294:12)
2024-09-28 05:59:24.611 [error] Error: Git error
	at ChildProcess.<anonymous> (/usr/lib/code/extensions/git/dist/main.js:2:1031708)
	at ChildProcess.emit (node:events:531:35)
	at ChildProcess._handle.onexit (node:internal/child_process:294:12)
2024-09-28 05:59:24.611 [error] Error: Git error
	at ChildProcess.<anonymous> (/usr/lib/code/extensions/git/dist/main.js:2:1031708)
	at ChildProcess.emit (node:events:531:35)
	at ChildProcess._handle.onexit (node:internal/child_process:294:12)
2024-09-28 05:59:24.612 [error] Error: Git error
	at ChildProcess.<anonymous> (/usr/lib/code/extensions/git/dist/main.js:2:1031708)
	at ChildProcess.emit (node:events:531:35)
	at ChildProcess._handle.onexit (node:internal/child_process:294:12)
2024-09-28 05:59:24.612 [error] Error: Git error
	at ChildProcess.<anonymous> (/usr/lib/code/extensions/git/dist/main.js:2:1031708)
	at ChildProcess.emit (node:events:531:35)
	at ChildProcess._handle.onexit (node:internal/child_process:294:12)
2024-09-28 05:59:24.612 [error] Error: Git error
	at ChildProcess.<anonymous> (/usr/lib/code/extensions/git/dist/main.js:2:1031708)
	at ChildProcess.emit (node:events:531:35)
	at ChildProcess._handle.onexit (node:internal/child_process:294:12)
2024-09-28 05:59:24.612 [error] Error: Git error
	at ChildProcess.<anonymous> (/usr/lib/code/extensions/git/dist/main.js:2:1031708)
	at ChildProcess.emit (node:events:531:35)
	at ChildProcess._handle.onexit (node:internal/child_process:294:12)
2024-09-28 05:59:24.613 [error] Error: Git error
	at ChildProcess.<anonymous> (/usr/lib/code/extensions/git/dist/main.js:2:1031708)
	at ChildProcess.emit (node:events:531:35)
	at ChildProcess._handle.onexit (node:internal/child_process:294:12)
2024-09-28 05:59:24.613 [error] Error: Git error
	at ChildProcess.<anonymous> (/usr/lib/code/extensions/git/dist/main.js:2:1031708)
	at ChildProcess.emit (node:events:531:35)
	at ChildProcess._handle.onexit (node:internal/child_process:294:12)
2024-09-28 05:59:24.613 [error] Error: Git error
	at ChildProcess.<anonymous> (/usr/lib/code/extensions/git/dist/main.js:2:1031708)
	at ChildProcess.emit (node:events:531:35)
	at ChildProcess._handle.onexit (node:internal/child_process:294:12)
2024-09-28 05:59:24.613 [error] Error: Git error
	at ChildProcess.<anonymous> (/usr/lib/code/extensions/git/dist/main.js:2:1031708)
	at ChildProcess.emit (node:events:531:35)
	at ChildProcess._handle.onexit (node:internal/child_process:294:12)
2024-09-28 05:59:24.613 [error] Error: Git error
	at ChildProcess.<anonymous> (/usr/lib/code/extensions/git/dist/main.js:2:1031708)
	at ChildProcess.emit (node:events:531:35)
	at ChildProcess._handle.onexit (node:internal/child_process:294:12)
2024-09-28 05:59:24.614 [error] Error: Git error
	at ChildProcess.<anonymous> (/usr/lib/code/extensions/git/dist/main.js:2:1031708)
	at ChildProcess.emit (node:events:531:35)
	at ChildProcess._handle.onexit (node:internal/child_process:294:12)
2024-09-28 05:59:24.614 [error] Error: Git error
	at ChildProcess.<anonymous> (/usr/lib/code/extensions/git/dist/main.js:2:1031708)
	at ChildProcess.emit (node:events:531:35)
	at ChildProcess._handle.onexit (node:internal/child_process:294:12)
2024-09-28 05:59:24.614 [error] Error: Git error
	at ChildProcess.<anonymous> (/usr/lib/code/extensions/git/dist/main.js:2:1031708)
	at ChildProcess.emit (node:events:531:35)
	at ChildProcess._handle.onexit (node:internal/child_process:294:12)
2024-09-28 05:59:24.614 [error] Error: Git error
	at ChildProcess.<anonymous> (/usr/lib/code/extensions/git/dist/main.js:2:1031708)
	at ChildProcess.emit (node:events:531:35)
	at ChildProcess._handle.onexit (node:internal/child_process:294:12)
2024-09-28 05:59:24.615 [error] Error: Git error
	at ChildProcess.<anonymous> (/usr/lib/code/extensions/git/dist/main.js:2:1031708)
	at ChildProcess.emit (node:events:531:35)
	at ChildProcess._handle.onexit (node:internal/child_process:294:12)
2024-09-28 05:59:24.615 [error] Error: Git error
	at ChildProcess.<anonymous> (/usr/lib/code/extensions/git/dist/main.js:2:1031708)
	at ChildProcess.emit (node:events:531:35)
	at ChildProcess._handle.onexit (node:internal/child_process:294:12)
2024-09-28 05:59:24.615 [error] Error: Git error
	at ChildProcess.<anonymous> (/usr/lib/code/extensions/git/dist/main.js:2:1031708)
	at ChildProcess.emit (node:events:531:35)
	at ChildProcess._handle.onexit (node:internal/child_process:294:12)
2024-09-28 05:59:24.615 [error] Error: Git error
	at ChildProcess.<anonymous> (/usr/lib/code/extensions/git/dist/main.js:2:1031708)
	at ChildProcess.emit (node:events:531:35)
	at ChildProcess._handle.onexit (node:internal/child_process:294:12)
2024-09-28 05:59:24.616 [error] Error: Git error
	at ChildProcess.<anonymous> (/usr/lib/code/extensions/git/dist/main.js:2:1031708)
	at ChildProcess.emit (node:events:531:35)
	at ChildProcess._handle.onexit (node:internal/child_process:294:12)
2024-09-28 05:59:24.616 [error] Error: Git error
	at ChildProcess.<anonymous> (/usr/lib/code/extensions/git/dist/main.js:2:1031708)
	at ChildProcess.emit (node:events:531:35)
	at ChildProcess._handle.onexit (node:internal/child_process:294:12)
2024-09-28 05:59:24.616 [error] Error: Git error
	at ChildProcess.<anonymous> (/usr/lib/code/extensions/git/dist/main.js:2:1031708)
	at ChildProcess.emit (node:events:531:35)
	at ChildProcess._handle.onexit (node:internal/child_process:294:12)
2024-09-28 05:59:24.616 [error] Error: Git error
	at ChildProcess.<anonymous> (/usr/lib/code/extensions/git/dist/main.js:2:1031708)
	at ChildProcess.emit (node:events:531:35)
	at ChildProcess._handle.onexit (node:internal/child_process:294:12)
2024-09-28 05:59:24.617 [error] Error: Git error
	at ChildProcess.<anonymous> (/usr/lib/code/extensions/git/dist/main.js:2:1031708)
	at ChildProcess.emit (node:events:531:35)
	at ChildProcess._handle.onexit (node:internal/child_process:294:12)
2024-09-28 05:59:24.617 [error] Error: Git error
	at ChildProcess.<anonymous> (/usr/lib/code/extensions/git/dist/main.js:2:1031708)
	at ChildProcess.emit (node:events:531:35)
	at ChildProcess._handle.onexit (node:internal/child_process:294:12)
2024-09-28 05:59:24.617 [error] Error: Git error
	at ChildProcess.<anonymous> (/usr/lib/code/extensions/git/dist/main.js:2:1031708)
	at ChildProcess.emit (node:events:531:35)
	at ChildProcess._handle.onexit (node:internal/child_process:294:12)
2024-09-28 05:59:24.618 [error] Error: Git error
	at ChildProcess.<anonymous> (/usr/lib/code/extensions/git/dist/main.js:2:1031708)
	at ChildProcess.emit (node:events:531:35)
	at ChildProcess._handle.onexit (node:internal/child_process:294:12)
2024-09-28 05:59:24.618 [error] Error: Git error
	at ChildProcess.<anonymous> (/usr/lib/code/extensions/git/dist/main.js:2:1031708)
	at ChildProcess.emit (node:events:531:35)
	at ChildProcess._handle.onexit (node:internal/child_process:294:12)
2024-09-28 05:59:24.618 [error] Error: Git error
	at ChildProcess.<anonymous> (/usr/lib/code/extensions/git/dist/main.js:2:1031708)
	at ChildProcess.emit (node:events:531:35)
	at ChildProcess._handle.onexit (node:internal/child_process:294:12)
2024-09-28 06:24:13.722 [warning] [Decorations] CAPPING events from decorations provider vscode.git 2406
2024-09-28 06:32:10.462 [info] Extension host terminating: renderer closed the MessagePort
2024-09-28 06:32:10.475 [error] Canceled: Canceled
	at new D (/usr/lib/code/out/vs/workbench/api/node/extensionHostProcess.js:151:35235)
	at y.U (/usr/lib/code/out/vs/workbench/api/node/extensionHostProcess.js:158:6005)
	at V.<computed>.F.charCodeAt.A.CharCode.DollarSign.V.<computed> (/usr/lib/code/out/vs/workbench/api/node/extensionHostProcess.js:158:3107)
	at h.g (/usr/lib/code/out/vs/workbench/api/node/extensionHostProcess.js:161:210015)
	at h.executeCommand (/usr/lib/code/out/vs/workbench/api/node/extensionHostProcess.js:161:209453)
	at C.registerCommand.description (/usr/lib/code/out/vs/workbench/api/node/extensionHostProcess.js:161:208777)
	at h (/usr/lib/code/out/vs/workbench/api/node/extensionHostProcess.js:161:210554)
	at h.g (/usr/lib/code/out/vs/workbench/api/node/extensionHostProcess.js:161:209546)
	at h.executeCommand (/usr/lib/code/out/vs/workbench/api/node/extensionHostProcess.js:161:209453)
	at Object.executeCommand (/usr/lib/code/out/vs/workbench/api/node/extensionHostProcess.js:171:30683)
	at i.O [as value] (/usr/lib/code/extensions/git/dist/main.js:2:952009)
	at r.B (/usr/lib/code/out/vs/workbench/api/node/extensionHostProcess.js:90:732)
	at r.C (/usr/lib/code/out/vs/workbench/api/node/extensionHostProcess.js:90:802)
	at r.fire (/usr/lib/code/out/vs/workbench/api/node/extensionHostProcess.js:90:1018)
	at Object.p [as dispose] (/usr/lib/code/extensions/git/dist/main.js:2:972587)
	at /usr/lib/code/extensions/git/dist/main.js:2:978709
	at Array.forEach (<anonymous>)
	at f.dispose (/usr/lib/code/extensions/git/dist/main.js:2:978695)
	at o.<anonymous> (/usr/lib/code/out/vs/workbench/api/node/extensionHostProcess.js:159:4176)
	at o.dispose (/usr/lib/code/out/vs/workbench/api/node/extensionHostProcess.js:159:4273)
	at o.<anonymous> (/usr/lib/code/extensions/git/dist/main.js:2:954307)
	at o.dispose (/usr/lib/code/out/vs/workbench/api/node/extensionHostProcess.js:159:4273)
	at $ (/usr/lib/code/out/vs/workbench/api/node/extensionHostProcess.js:30:744)
	at /usr/lib/code/out/vs/workbench/api/node/extensionHostProcess.js:167:13607
	at /usr/lib/code/out/vs/workbench/api/node/extensionHostProcess.js:30:1112
	at Object.dispose (/usr/lib/code/out/vs/workbench/api/node/extensionHostProcess.js:11:11463)
	at m.eb (/usr/lib/code/out/vs/workbench/api/node/extensionHostProcess.js:167:10282)
	at /usr/lib/code/out/vs/workbench/api/node/extensionHostProcess.js:167:8153
	at Array.map (<anonymous>)
	at m.$ (/usr/lib/code/out/vs/workbench/api/node/extensionHostProcess.js:167:8140)
	at m.terminate (/usr/lib/code/out/vs/workbench/api/node/extensionHostProcess.js:167:8413)
	at $.terminate (/usr/lib/code/out/vs/workbench/api/node/extensionHostProcess.js:171:1513)
	at n (/usr/lib/code/out/vs/workbench/api/node/extensionHostProcess.js:184:10613)
	at MessagePortMain.<anonymous> (/usr/lib/code/out/vs/workbench/api/node/extensionHostProcess.js:184:6805)
	at MessagePortMain.emit (node:events:519:28)
	at MessagePortMain._internalPort.emit (node:electron/js2c/utility_init:2:2619) setContext undefined
2024-09-28 06:32:10.475 [error] Canceled: Canceled
	at new D (/usr/lib/code/out/vs/workbench/api/node/extensionHostProcess.js:151:35235)
	at y.U (/usr/lib/code/out/vs/workbench/api/node/extensionHostProcess.js:158:6005)
	at V.<computed>.F.charCodeAt.A.CharCode.DollarSign.V.<computed> (/usr/lib/code/out/vs/workbench/api/node/extensionHostProcess.js:158:3107)
	at h.g (/usr/lib/code/out/vs/workbench/api/node/extensionHostProcess.js:161:210015)
	at h.executeCommand (/usr/lib/code/out/vs/workbench/api/node/extensionHostProcess.js:161:209453)
	at C.registerCommand.description (/usr/lib/code/out/vs/workbench/api/node/extensionHostProcess.js:161:208777)
	at h (/usr/lib/code/out/vs/workbench/api/node/extensionHostProcess.js:161:210554)
	at h.g (/usr/lib/code/out/vs/workbench/api/node/extensionHostProcess.js:161:209546)
	at h.executeCommand (/usr/lib/code/out/vs/workbench/api/node/extensionHostProcess.js:161:209453)
	at Object.executeCommand (/usr/lib/code/out/vs/workbench/api/node/extensionHostProcess.js:171:30683)
	at i.O [as value] (/usr/lib/code/extensions/git/dist/main.js:2:952009)
	at r.B (/usr/lib/code/out/vs/workbench/api/node/extensionHostProcess.js:90:732)
	at r.C (/usr/lib/code/out/vs/workbench/api/node/extensionHostProcess.js:90:802)
	at r.fire (/usr/lib/code/out/vs/workbench/api/node/extensionHostProcess.js:90:1018)
	at Object.p [as dispose] (/usr/lib/code/extensions/git/dist/main.js:2:972587)
	at /usr/lib/code/extensions/git/dist/main.js:2:978709
	at Array.forEach (<anonymous>)
	at f.dispose (/usr/lib/code/extensions/git/dist/main.js:2:978695)
	at o.<anonymous> (/usr/lib/code/out/vs/workbench/api/node/extensionHostProcess.js:159:4176)
	at o.dispose (/usr/lib/code/out/vs/workbench/api/node/extensionHostProcess.js:159:4273)
	at o.<anonymous> (/usr/lib/code/extensions/git/dist/main.js:2:954307)
	at o.dispose (/usr/lib/code/out/vs/workbench/api/node/extensionHostProcess.js:159:4273)
	at $ (/usr/lib/code/out/vs/workbench/api/node/extensionHostProcess.js:30:744)
	at /usr/lib/code/out/vs/workbench/api/node/extensionHostProcess.js:167:13607
	at /usr/lib/code/out/vs/workbench/api/node/extensionHostProcess.js:30:1112
	at Object.dispose (/usr/lib/code/out/vs/workbench/api/node/extensionHostProcess.js:11:11463)
	at m.eb (/usr/lib/code/out/vs/workbench/api/node/extensionHostProcess.js:167:10282)
	at /usr/lib/code/out/vs/workbench/api/node/extensionHostProcess.js:167:8153
	at Array.map (<anonymous>)
	at m.$ (/usr/lib/code/out/vs/workbench/api/node/extensionHostProcess.js:167:8140)
	at m.terminate (/usr/lib/code/out/vs/workbench/api/node/extensionHostProcess.js:167:8413)
	at $.terminate (/usr/lib/code/out/vs/workbench/api/node/extensionHostProcess.js:171:1513)
	at n (/usr/lib/code/out/vs/workbench/api/node/extensionHostProcess.js:184:10613)
	at MessagePortMain.<anonymous> (/usr/lib/code/out/vs/workbench/api/node/extensionHostProcess.js:184:6805)
	at MessagePortMain.emit (node:events:519:28)
	at MessagePortMain._internalPort.emit (node:electron/js2c/utility_init:2:2619) setContext undefined
2024-09-28 06:32:10.475 [error] Canceled: Canceled
	at new D (/usr/lib/code/out/vs/workbench/api/node/extensionHostProcess.js:151:35235)
	at y.U (/usr/lib/code/out/vs/workbench/api/node/extensionHostProcess.js:158:6005)
	at V.<computed>.F.charCodeAt.A.CharCode.DollarSign.V.<computed> (/usr/lib/code/out/vs/workbench/api/node/extensionHostProcess.js:158:3107)
	at h.g (/usr/lib/code/out/vs/workbench/api/node/extensionHostProcess.js:161:210015)
	at h.executeCommand (/usr/lib/code/out/vs/workbench/api/node/extensionHostProcess.js:161:209453)
	at C.registerCommand.description (/usr/lib/code/out/vs/workbench/api/node/extensionHostProcess.js:161:208777)
	at h (/usr/lib/code/out/vs/workbench/api/node/extensionHostProcess.js:161:210554)
	at h.g (/usr/lib/code/out/vs/workbench/api/node/extensionHostProcess.js:161:209546)
	at h.executeCommand (/usr/lib/code/out/vs/workbench/api/node/extensionHostProcess.js:161:209453)
	at Object.executeCommand (/usr/lib/code/out/vs/workbench/api/node/extensionHostProcess.js:171:30683)
	at i.O [as value] (/usr/lib/code/extensions/git/dist/main.js:2:952009)
	at r.B (/usr/lib/code/out/vs/workbench/api/node/extensionHostProcess.js:90:732)
	at r.C (/usr/lib/code/out/vs/workbench/api/node/extensionHostProcess.js:90:802)
	at r.fire (/usr/lib/code/out/vs/workbench/api/node/extensionHostProcess.js:90:1018)
	at Object.p [as dispose] (/usr/lib/code/extensions/git/dist/main.js:2:972587)
	at /usr/lib/code/extensions/git/dist/main.js:2:978709
	at Array.forEach (<anonymous>)
	at f.dispose (/usr/lib/code/extensions/git/dist/main.js:2:978695)
	at o.<anonymous> (/usr/lib/code/out/vs/workbench/api/node/extensionHostProcess.js:159:4176)
	at o.dispose (/usr/lib/code/out/vs/workbench/api/node/extensionHostProcess.js:159:4273)
	at o.<anonymous> (/usr/lib/code/extensions/git/dist/main.js:2:954307)
	at o.dispose (/usr/lib/code/out/vs/workbench/api/node/extensionHostProcess.js:159:4273)
	at $ (/usr/lib/code/out/vs/workbench/api/node/extensionHostProcess.js:30:744)
	at /usr/lib/code/out/vs/workbench/api/node/extensionHostProcess.js:167:13607
	at /usr/lib/code/out/vs/workbench/api/node/extensionHostProcess.js:30:1112
	at Object.dispose (/usr/lib/code/out/vs/workbench/api/node/extensionHostProcess.js:11:11463)
	at m.eb (/usr/lib/code/out/vs/workbench/api/node/extensionHostProcess.js:167:10282)
	at /usr/lib/code/out/vs/workbench/api/node/extensionHostProcess.js:167:8153
	at Array.map (<anonymous>)
	at m.$ (/usr/lib/code/out/vs/workbench/api/node/extensionHostProcess.js:167:8140)
	at m.terminate (/usr/lib/code/out/vs/workbench/api/node/extensionHostProcess.js:167:8413)
	at $.terminate (/usr/lib/code/out/vs/workbench/api/node/extensionHostProcess.js:171:1513)
	at n (/usr/lib/code/out/vs/workbench/api/node/extensionHostProcess.js:184:10613)
	at MessagePortMain.<anonymous> (/usr/lib/code/out/vs/workbench/api/node/extensionHostProcess.js:184:6805)
	at MessagePortMain.emit (node:events:519:28)
	at MessagePortMain._internalPort.emit (node:electron/js2c/utility_init:2:2619) setContext undefined
2024-09-28 06:32:10.475 [error] Canceled: Canceled
	at new D (/usr/lib/code/out/vs/workbench/api/node/extensionHostProcess.js:151:35235)
	at y.U (/usr/lib/code/out/vs/workbench/api/node/extensionHostProcess.js:158:6005)
	at V.<computed>.F.charCodeAt.A.CharCode.DollarSign.V.<computed> (/usr/lib/code/out/vs/workbench/api/node/extensionHostProcess.js:158:3107)
	at h.g (/usr/lib/code/out/vs/workbench/api/node/extensionHostProcess.js:161:210015)
	at h.executeCommand (/usr/lib/code/out/vs/workbench/api/node/extensionHostProcess.js:161:209453)
	at C.registerCommand.description (/usr/lib/code/out/vs/workbench/api/node/extensionHostProcess.js:161:208777)
	at h (/usr/lib/code/out/vs/workbench/api/node/extensionHostProcess.js:161:210554)
	at h.g (/usr/lib/code/out/vs/workbench/api/node/extensionHostProcess.js:161:209546)
	at h.executeCommand (/usr/lib/code/out/vs/workbench/api/node/extensionHostProcess.js:161:209453)
	at Object.executeCommand (/usr/lib/code/out/vs/workbench/api/node/extensionHostProcess.js:171:30683)
	at i.O [as value] (/usr/lib/code/extensions/git/dist/main.js:2:952009)
	at r.B (/usr/lib/code/out/vs/workbench/api/node/extensionHostProcess.js:90:732)
	at r.C (/usr/lib/code/out/vs/workbench/api/node/extensionHostProcess.js:90:802)
	at r.fire (/usr/lib/code/out/vs/workbench/api/node/extensionHostProcess.js:90:1018)
	at Object.p [as dispose] (/usr/lib/code/extensions/git/dist/main.js:2:972587)
	at /usr/lib/code/extensions/git/dist/main.js:2:978709
	at Array.forEach (<anonymous>)
	at f.dispose (/usr/lib/code/extensions/git/dist/main.js:2:978695)
	at o.<anonymous> (/usr/lib/code/out/vs/workbench/api/node/extensionHostProcess.js:159:4176)
	at o.dispose (/usr/lib/code/out/vs/workbench/api/node/extensionHostProcess.js:159:4273)
	at o.<anonymous> (/usr/lib/code/extensions/git/dist/main.js:2:954307)
	at o.dispose (/usr/lib/code/out/vs/workbench/api/node/extensionHostProcess.js:159:4273)
	at $ (/usr/lib/code/out/vs/workbench/api/node/extensionHostProcess.js:30:744)
	at /usr/lib/code/out/vs/workbench/api/node/extensionHostProcess.js:167:13607
	at /usr/lib/code/out/vs/workbench/api/node/extensionHostProcess.js:30:1112
	at Object.dispose (/usr/lib/code/out/vs/workbench/api/node/extensionHostProcess.js:11:11463)
	at m.eb (/usr/lib/code/out/vs/workbench/api/node/extensionHostProcess.js:167:10282)
	at /usr/lib/code/out/vs/workbench/api/node/extensionHostProcess.js:167:8153
	at Array.map (<anonymous>)
	at m.$ (/usr/lib/code/out/vs/workbench/api/node/extensionHostProcess.js:167:8140)
	at m.terminate (/usr/lib/code/out/vs/workbench/api/node/extensionHostProcess.js:167:8413)
	at $.terminate (/usr/lib/code/out/vs/workbench/api/node/extensionHostProcess.js:171:1513)
	at n (/usr/lib/code/out/vs/workbench/api/node/extensionHostProcess.js:184:10613)
	at MessagePortMain.<anonymous> (/usr/lib/code/out/vs/workbench/api/node/extensionHostProcess.js:184:6805)
	at MessagePortMain.emit (node:events:519:28)
	at MessagePortMain._internalPort.emit (node:electron/js2c/utility_init:2:2619) setContext undefined
2024-09-28 06:32:10.475 [error] Canceled: Canceled
	at new D (/usr/lib/code/out/vs/workbench/api/node/extensionHostProcess.js:151:35235)
	at y.U (/usr/lib/code/out/vs/workbench/api/node/extensionHostProcess.js:158:6005)
	at V.<computed>.F.charCodeAt.A.CharCode.DollarSign.V.<computed> (/usr/lib/code/out/vs/workbench/api/node/extensionHostProcess.js:158:3107)
	at h.g (/usr/lib/code/out/vs/workbench/api/node/extensionHostProcess.js:161:210015)
	at h.executeCommand (/usr/lib/code/out/vs/workbench/api/node/extensionHostProcess.js:161:209453)
	at C.registerCommand.description (/usr/lib/code/out/vs/workbench/api/node/extensionHostProcess.js:161:208777)
	at h (/usr/lib/code/out/vs/workbench/api/node/extensionHostProcess.js:161:210554)
	at h.g (/usr/lib/code/out/vs/workbench/api/node/extensionHostProcess.js:161:209546)
	at h.executeCommand (/usr/lib/code/out/vs/workbench/api/node/extensionHostProcess.js:161:209453)
	at Object.executeCommand (/usr/lib/code/out/vs/workbench/api/node/extensionHostProcess.js:171:30683)
	at i.O [as value] (/usr/lib/code/extensions/git/dist/main.js:2:952009)
	at r.B (/usr/lib/code/out/vs/workbench/api/node/extensionHostProcess.js:90:732)
	at r.C (/usr/lib/code/out/vs/workbench/api/node/extensionHostProcess.js:90:802)
	at r.fire (/usr/lib/code/out/vs/workbench/api/node/extensionHostProcess.js:90:1018)
	at Object.p [as dispose] (/usr/lib/code/extensions/git/dist/main.js:2:972587)
	at /usr/lib/code/extensions/git/dist/main.js:2:978709
	at Array.forEach (<anonymous>)
	at f.dispose (/usr/lib/code/extensions/git/dist/main.js:2:978695)
	at o.<anonymous> (/usr/lib/code/out/vs/workbench/api/node/extensionHostProcess.js:159:4176)
	at o.dispose (/usr/lib/code/out/vs/workbench/api/node/extensionHostProcess.js:159:4273)
	at o.<anonymous> (/usr/lib/code/extensions/git/dist/main.js:2:954307)
	at o.dispose (/usr/lib/code/out/vs/workbench/api/node/extensionHostProcess.js:159:4273)
	at $ (/usr/lib/code/out/vs/workbench/api/node/extensionHostProcess.js:30:744)
	at /usr/lib/code/out/vs/workbench/api/node/extensionHostProcess.js:167:13607
	at /usr/lib/code/out/vs/workbench/api/node/extensionHostProcess.js:30:1112
	at Object.dispose (/usr/lib/code/out/vs/workbench/api/node/extensionHostProcess.js:11:11463)
	at m.eb (/usr/lib/code/out/vs/workbench/api/node/extensionHostProcess.js:167:10282)
	at /usr/lib/code/out/vs/workbench/api/node/extensionHostProcess.js:167:8153
	at Array.map (<anonymous>)
	at m.$ (/usr/lib/code/out/vs/workbench/api/node/extensionHostProcess.js:167:8140)
	at m.terminate (/usr/lib/code/out/vs/workbench/api/node/extensionHostProcess.js:167:8413)
	at $.terminate (/usr/lib/code/out/vs/workbench/api/node/extensionHostProcess.js:171:1513)
	at n (/usr/lib/code/out/vs/workbench/api/node/extensionHostProcess.js:184:10613)
	at MessagePortMain.<anonymous> (/usr/lib/code/out/vs/workbench/api/node/extensionHostProcess.js:184:6805)
	at MessagePortMain.emit (node:events:519:28)
	at MessagePortMain._internalPort.emit (node:electron/js2c/utility_init:2:2619) setContext undefined
2024-09-28 06:32:10.475 [error] Canceled: Canceled
	at new D (/usr/lib/code/out/vs/workbench/api/node/extensionHostProcess.js:151:35235)
	at y.U (/usr/lib/code/out/vs/workbench/api/node/extensionHostProcess.js:158:6005)
	at V.<computed>.F.charCodeAt.A.CharCode.DollarSign.V.<computed> (/usr/lib/code/out/vs/workbench/api/node/extensionHostProcess.js:158:3107)
	at h.g (/usr/lib/code/out/vs/workbench/api/node/extensionHostProcess.js:161:210015)
	at h.executeCommand (/usr/lib/code/out/vs/workbench/api/node/extensionHostProcess.js:161:209453)
	at C.registerCommand.description (/usr/lib/code/out/vs/workbench/api/node/extensionHostProcess.js:161:208777)
	at h (/usr/lib/code/out/vs/workbench/api/node/extensionHostProcess.js:161:210554)
	at h.g (/usr/lib/code/out/vs/workbench/api/node/extensionHostProcess.js:161:209546)
	at h.executeCommand (/usr/lib/code/out/vs/workbench/api/node/extensionHostProcess.js:161:209453)
	at Object.executeCommand (/usr/lib/code/out/vs/workbench/api/node/extensionHostProcess.js:171:30683)
	at i.O [as value] (/usr/lib/code/extensions/git/dist/main.js:2:952009)
	at r.B (/usr/lib/code/out/vs/workbench/api/node/extensionHostProcess.js:90:732)
	at r.C (/usr/lib/code/out/vs/workbench/api/node/extensionHostProcess.js:90:802)
	at r.fire (/usr/lib/code/out/vs/workbench/api/node/extensionHostProcess.js:90:1018)
	at Object.p [as dispose] (/usr/lib/code/extensions/git/dist/main.js:2:972587)
	at /usr/lib/code/extensions/git/dist/main.js:2:978709
	at Array.forEach (<anonymous>)
	at f.dispose (/usr/lib/code/extensions/git/dist/main.js:2:978695)
	at o.<anonymous> (/usr/lib/code/out/vs/workbench/api/node/extensionHostProcess.js:159:4176)
	at o.dispose (/usr/lib/code/out/vs/workbench/api/node/extensionHostProcess.js:159:4273)
	at o.<anonymous> (/usr/lib/code/extensions/git/dist/main.js:2:954307)
	at o.dispose (/usr/lib/code/out/vs/workbench/api/node/extensionHostProcess.js:159:4273)
	at $ (/usr/lib/code/out/vs/workbench/api/node/extensionHostProcess.js:30:744)
	at /usr/lib/code/out/vs/workbench/api/node/extensionHostProcess.js:167:13607
	at /usr/lib/code/out/vs/workbench/api/node/extensionHostProcess.js:30:1112
	at Object.dispose (/usr/lib/code/out/vs/workbench/api/node/extensionHostProcess.js:11:11463)
	at m.eb (/usr/lib/code/out/vs/workbench/api/node/extensionHostProcess.js:167:10282)
	at /usr/lib/code/out/vs/workbench/api/node/extensionHostProcess.js:167:8153
	at Array.map (<anonymous>)
	at m.$ (/usr/lib/code/out/vs/workbench/api/node/extensionHostProcess.js:167:8140)
	at m.terminate (/usr/lib/code/out/vs/workbench/api/node/extensionHostProcess.js:167:8413)
	at $.terminate (/usr/lib/code/out/vs/workbench/api/node/extensionHostProcess.js:171:1513)
	at n (/usr/lib/code/out/vs/workbench/api/node/extensionHostProcess.js:184:10613)
	at MessagePortMain.<anonymous> (/usr/lib/code/out/vs/workbench/api/node/extensionHostProcess.js:184:6805)
	at MessagePortMain.emit (node:events:519:28)
	at MessagePortMain._internalPort.emit (node:electron/js2c/utility_init:2:2619) setContext undefined
2024-09-28 06:32:10.475 [error] Canceled: Canceled
	at new D (/usr/lib/code/out/vs/workbench/api/node/extensionHostProcess.js:151:35235)
	at y.U (/usr/lib/code/out/vs/workbench/api/node/extensionHostProcess.js:158:6005)
	at V.<computed>.F.charCodeAt.A.CharCode.DollarSign.V.<computed> (/usr/lib/code/out/vs/workbench/api/node/extensionHostProcess.js:158:3107)
	at h.g (/usr/lib/code/out/vs/workbench/api/node/extensionHostProcess.js:161:210015)
	at h.executeCommand (/usr/lib/code/out/vs/workbench/api/node/extensionHostProcess.js:161:209453)
	at C.registerCommand.description (/usr/lib/code/out/vs/workbench/api/node/extensionHostProcess.js:161:208777)
	at h (/usr/lib/code/out/vs/workbench/api/node/extensionHostProcess.js:161:210554)
	at h.g (/usr/lib/code/out/vs/workbench/api/node/extensionHostProcess.js:161:209546)
	at h.executeCommand (/usr/lib/code/out/vs/workbench/api/node/extensionHostProcess.js:161:209453)
	at Object.executeCommand (/usr/lib/code/out/vs/workbench/api/node/extensionHostProcess.js:171:30683)
	at i.O [as value] (/usr/lib/code/extensions/git/dist/main.js:2:952009)
	at r.B (/usr/lib/code/out/vs/workbench/api/node/extensionHostProcess.js:90:732)
	at r.C (/usr/lib/code/out/vs/workbench/api/node/extensionHostProcess.js:90:802)
	at r.fire (/usr/lib/code/out/vs/workbench/api/node/extensionHostProcess.js:90:1018)
	at Object.p [as dispose] (/usr/lib/code/extensions/git/dist/main.js:2:972587)
	at /usr/lib/code/extensions/git/dist/main.js:2:978709
	at Array.forEach (<anonymous>)
	at f.dispose (/usr/lib/code/extensions/git/dist/main.js:2:978695)
	at o.<anonymous> (/usr/lib/code/out/vs/workbench/api/node/extensionHostProcess.js:159:4176)
	at o.dispose (/usr/lib/code/out/vs/workbench/api/node/extensionHostProcess.js:159:4273)
	at o.<anonymous> (/usr/lib/code/extensions/git/dist/main.js:2:954307)
	at o.dispose (/usr/lib/code/out/vs/workbench/api/node/extensionHostProcess.js:159:4273)
	at $ (/usr/lib/code/out/vs/workbench/api/node/extensionHostProcess.js:30:744)
	at /usr/lib/code/out/vs/workbench/api/node/extensionHostProcess.js:167:13607
	at /usr/lib/code/out/vs/workbench/api/node/extensionHostProcess.js:30:1112
	at Object.dispose (/usr/lib/code/out/vs/workbench/api/node/extensionHostProcess.js:11:11463)
	at m.eb (/usr/lib/code/out/vs/workbench/api/node/extensionHostProcess.js:167:10282)
	at /usr/lib/code/out/vs/workbench/api/node/extensionHostProcess.js:167:8153
	at Array.map (<anonymous>)
	at m.$ (/usr/lib/code/out/vs/workbench/api/node/extensionHostProcess.js:167:8140)
	at m.terminate (/usr/lib/code/out/vs/workbench/api/node/extensionHostProcess.js:167:8413)
	at $.terminate (/usr/lib/code/out/vs/workbench/api/node/extensionHostProcess.js:171:1513)
	at n (/usr/lib/code/out/vs/workbench/api/node/extensionHostProcess.js:184:10613)
	at MessagePortMain.<anonymous> (/usr/lib/code/out/vs/workbench/api/node/extensionHostProcess.js:184:6805)
	at MessagePortMain.emit (node:events:519:28)
	at MessagePortMain._internalPort.emit (node:electron/js2c/utility_init:2:2619) setContext undefined
2024-09-28 06:32:10.475 [error] Canceled: Canceled
	at new D (/usr/lib/code/out/vs/workbench/api/node/extensionHostProcess.js:151:35235)
	at y.U (/usr/lib/code/out/vs/workbench/api/node/extensionHostProcess.js:158:6005)
	at V.<computed>.F.charCodeAt.A.CharCode.DollarSign.V.<computed> (/usr/lib/code/out/vs/workbench/api/node/extensionHostProcess.js:158:3107)
	at h.g (/usr/lib/code/out/vs/workbench/api/node/extensionHostProcess.js:161:210015)
	at h.executeCommand (/usr/lib/code/out/vs/workbench/api/node/extensionHostProcess.js:161:209453)
	at C.registerCommand.description (/usr/lib/code/out/vs/workbench/api/node/extensionHostProcess.js:161:208777)
	at h (/usr/lib/code/out/vs/workbench/api/node/extensionHostProcess.js:161:210554)
	at h.g (/usr/lib/code/out/vs/workbench/api/node/extensionHostProcess.js:161:209546)
	at h.executeCommand (/usr/lib/code/out/vs/workbench/api/node/extensionHostProcess.js:161:209453)
	at Object.executeCommand (/usr/lib/code/out/vs/workbench/api/node/extensionHostProcess.js:171:30683)
	at i.O [as value] (/usr/lib/code/extensions/git/dist/main.js:2:952009)
	at r.B (/usr/lib/code/out/vs/workbench/api/node/extensionHostProcess.js:90:732)
	at r.C (/usr/lib/code/out/vs/workbench/api/node/extensionHostProcess.js:90:802)
	at r.fire (/usr/lib/code/out/vs/workbench/api/node/extensionHostProcess.js:90:1018)
	at Object.p [as dispose] (/usr/lib/code/extensions/git/dist/main.js:2:972587)
	at /usr/lib/code/extensions/git/dist/main.js:2:978709
	at Array.forEach (<anonymous>)
	at f.dispose (/usr/lib/code/extensions/git/dist/main.js:2:978695)
	at o.<anonymous> (/usr/lib/code/out/vs/workbench/api/node/extensionHostProcess.js:159:4176)
	at o.dispose (/usr/lib/code/out/vs/workbench/api/node/extensionHostProcess.js:159:4273)
	at o.<anonymous> (/usr/lib/code/extensions/git/dist/main.js:2:954307)
	at o.dispose (/usr/lib/code/out/vs/workbench/api/node/extensionHostProcess.js:159:4273)
	at $ (/usr/lib/code/out/vs/workbench/api/node/extensionHostProcess.js:30:744)
	at /usr/lib/code/out/vs/workbench/api/node/extensionHostProcess.js:167:13607
	at /usr/lib/code/out/vs/workbench/api/node/extensionHostProcess.js:30:1112
	at Object.dispose (/usr/lib/code/out/vs/workbench/api/node/extensionHostProcess.js:11:11463)
	at m.eb (/usr/lib/code/out/vs/workbench/api/node/extensionHostProcess.js:167:10282)
	at /usr/lib/code/out/vs/workbench/api/node/extensionHostProcess.js:167:8153
	at Array.map (<anonymous>)
	at m.$ (/usr/lib/code/out/vs/workbench/api/node/extensionHostProcess.js:167:8140)
	at m.terminate (/usr/lib/code/out/vs/workbench/api/node/extensionHostProcess.js:167:8413)
	at $.terminate (/usr/lib/code/out/vs/workbench/api/node/extensionHostProcess.js:171:1513)
	at n (/usr/lib/code/out/vs/workbench/api/node/extensionHostProcess.js:184:10613)
	at MessagePortMain.<anonymous> (/usr/lib/code/out/vs/workbench/api/node/extensionHostProcess.js:184:6805)
	at MessagePortMain.emit (node:events:519:28)
	at MessagePortMain._internalPort.emit (node:electron/js2c/utility_init:2:2619) setContext undefined
2024-09-28 06:32:10.475 [error] Canceled: Canceled
	at new D (/usr/lib/code/out/vs/workbench/api/node/extensionHostProcess.js:151:35235)
	at y.U (/usr/lib/code/out/vs/workbench/api/node/extensionHostProcess.js:158:6005)
	at V.<computed>.F.charCodeAt.A.CharCode.DollarSign.V.<computed> (/usr/lib/code/out/vs/workbench/api/node/extensionHostProcess.js:158:3107)
	at h.g (/usr/lib/code/out/vs/workbench/api/node/extensionHostProcess.js:161:210015)
	at h.executeCommand (/usr/lib/code/out/vs/workbench/api/node/extensionHostProcess.js:161:209453)
	at C.registerCommand.description (/usr/lib/code/out/vs/workbench/api/node/extensionHostProcess.js:161:208777)
	at h (/usr/lib/code/out/vs/workbench/api/node/extensionHostProcess.js:161:210554)
	at h.g (/usr/lib/code/out/vs/workbench/api/node/extensionHostProcess.js:161:209546)
	at h.executeCommand (/usr/lib/code/out/vs/workbench/api/node/extensionHostProcess.js:161:209453)
	at Object.executeCommand (/usr/lib/code/out/vs/workbench/api/node/extensionHostProcess.js:171:30683)
	at i.O [as value] (/usr/lib/code/extensions/git/dist/main.js:2:952009)
	at r.B (/usr/lib/code/out/vs/workbench/api/node/extensionHostProcess.js:90:732)
	at r.C (/usr/lib/code/out/vs/workbench/api/node/extensionHostProcess.js:90:802)
	at r.fire (/usr/lib/code/out/vs/workbench/api/node/extensionHostProcess.js:90:1018)
	at Object.p [as dispose] (/usr/lib/code/extensions/git/dist/main.js:2:972587)
	at /usr/lib/code/extensions/git/dist/main.js:2:978709
	at Array.forEach (<anonymous>)
	at f.dispose (/usr/lib/code/extensions/git/dist/main.js:2:978695)
	at o.<anonymous> (/usr/lib/code/out/vs/workbench/api/node/extensionHostProcess.js:159:4176)
	at o.dispose (/usr/lib/code/out/vs/workbench/api/node/extensionHostProcess.js:159:4273)
	at o.<anonymous> (/usr/lib/code/extensions/git/dist/main.js:2:954307)
	at o.dispose (/usr/lib/code/out/vs/workbench/api/node/extensionHostProcess.js:159:4273)
	at $ (/usr/lib/code/out/vs/workbench/api/node/extensionHostProcess.js:30:744)
	at /usr/lib/code/out/vs/workbench/api/node/extensionHostProcess.js:167:13607
	at /usr/lib/code/out/vs/workbench/api/node/extensionHostProcess.js:30:1112
	at Object.dispose (/usr/lib/code/out/vs/workbench/api/node/extensionHostProcess.js:11:11463)
	at m.eb (/usr/lib/code/out/vs/workbench/api/node/extensionHostProcess.js:167:10282)
	at /usr/lib/code/out/vs/workbench/api/node/extensionHostProcess.js:167:8153
	at Array.map (<anonymous>)
	at m.$ (/usr/lib/code/out/vs/workbench/api/node/extensionHostProcess.js:167:8140)
	at m.terminate (/usr/lib/code/out/vs/workbench/api/node/extensionHostProcess.js:167:8413)
	at $.terminate (/usr/lib/code/out/vs/workbench/api/node/extensionHostProcess.js:171:1513)
	at n (/usr/lib/code/out/vs/workbench/api/node/extensionHostProcess.js:184:10613)
	at MessagePortMain.<anonymous> (/usr/lib/code/out/vs/workbench/api/node/extensionHostProcess.js:184:6805)
	at MessagePortMain.emit (node:events:519:28)
	at MessagePortMain._internalPort.emit (node:electron/js2c/utility_init:2:2619) setContext undefined
2024-09-28 06:32:10.475 [error] Canceled: Canceled
	at new D (/usr/lib/code/out/vs/workbench/api/node/extensionHostProcess.js:151:35235)
	at y.U (/usr/lib/code/out/vs/workbench/api/node/extensionHostProcess.js:158:6005)
	at V.<computed>.F.charCodeAt.A.CharCode.DollarSign.V.<computed> (/usr/lib/code/out/vs/workbench/api/node/extensionHostProcess.js:158:3107)
	at h.g (/usr/lib/code/out/vs/workbench/api/node/extensionHostProcess.js:161:210015)
	at h.executeCommand (/usr/lib/code/out/vs/workbench/api/node/extensionHostProcess.js:161:209453)
	at C.registerCommand.description (/usr/lib/code/out/vs/workbench/api/node/extensionHostProcess.js:161:208777)
	at h (/usr/lib/code/out/vs/workbench/api/node/extensionHostProcess.js:161:210554)
	at h.g (/usr/lib/code/out/vs/workbench/api/node/extensionHostProcess.js:161:209546)
	at h.executeCommand (/usr/lib/code/out/vs/workbench/api/node/extensionHostProcess.js:161:209453)
	at Object.executeCommand (/usr/lib/code/out/vs/workbench/api/node/extensionHostProcess.js:171:30683)
	at i.O [as value] (/usr/lib/code/extensions/git/dist/main.js:2:952009)
	at r.B (/usr/lib/code/out/vs/workbench/api/node/extensionHostProcess.js:90:732)
	at r.C (/usr/lib/code/out/vs/workbench/api/node/extensionHostProcess.js:90:802)
	at r.fire (/usr/lib/code/out/vs/workbench/api/node/extensionHostProcess.js:90:1018)
	at Object.p [as dispose] (/usr/lib/code/extensions/git/dist/main.js:2:972587)
	at /usr/lib/code/extensions/git/dist/main.js:2:978709
	at Array.forEach (<anonymous>)
	at f.dispose (/usr/lib/code/extensions/git/dist/main.js:2:978695)
	at o.<anonymous> (/usr/lib/code/out/vs/workbench/api/node/extensionHostProcess.js:159:4176)
	at o.dispose (/usr/lib/code/out/vs/workbench/api/node/extensionHostProcess.js:159:4273)
	at o.<anonymous> (/usr/lib/code/extensions/git/dist/main.js:2:954307)
	at o.dispose (/usr/lib/code/out/vs/workbench/api/node/extensionHostProcess.js:159:4273)
	at $ (/usr/lib/code/out/vs/workbench/api/node/extensionHostProcess.js:30:744)
	at /usr/lib/code/out/vs/workbench/api/node/extensionHostProcess.js:167:13607
	at /usr/lib/code/out/vs/workbench/api/node/extensionHostProcess.js:30:1112
	at Object.dispose (/usr/lib/code/out/vs/workbench/api/node/extensionHostProcess.js:11:11463)
	at m.eb (/usr/lib/code/out/vs/workbench/api/node/extensionHostProcess.js:167:10282)
	at /usr/lib/code/out/vs/workbench/api/node/extensionHostProcess.js:167:8153
	at Array.map (<anonymous>)
	at m.$ (/usr/lib/code/out/vs/workbench/api/node/extensionHostProcess.js:167:8140)
	at m.terminate (/usr/lib/code/out/vs/workbench/api/node/extensionHostProcess.js:167:8413)
	at $.terminate (/usr/lib/code/out/vs/workbench/api/node/extensionHostProcess.js:171:1513)
	at n (/usr/lib/code/out/vs/workbench/api/node/extensionHostProcess.js:184:10613)
	at MessagePortMain.<anonymous> (/usr/lib/code/out/vs/workbench/api/node/extensionHostProcess.js:184:6805)
	at MessagePortMain.emit (node:events:519:28)
	at MessagePortMain._internalPort.emit (node:electron/js2c/utility_init:2:2619) setContext undefined
2024-09-28 06:32:10.476 [error] Canceled: Canceled
	at new D (/usr/lib/code/out/vs/workbench/api/node/extensionHostProcess.js:151:35235)
	at y.U (/usr/lib/code/out/vs/workbench/api/node/extensionHostProcess.js:158:6005)
	at V.<computed>.F.charCodeAt.A.CharCode.DollarSign.V.<computed> (/usr/lib/code/out/vs/workbench/api/node/extensionHostProcess.js:158:3107)
	at h.g (/usr/lib/code/out/vs/workbench/api/node/extensionHostProcess.js:161:210015)
	at h.executeCommand (/usr/lib/code/out/vs/workbench/api/node/extensionHostProcess.js:161:209453)
	at C.registerCommand.description (/usr/lib/code/out/vs/workbench/api/node/extensionHostProcess.js:161:208777)
	at h (/usr/lib/code/out/vs/workbench/api/node/extensionHostProcess.js:161:210554)
	at h.g (/usr/lib/code/out/vs/workbench/api/node/extensionHostProcess.js:161:209546)
	at h.executeCommand (/usr/lib/code/out/vs/workbench/api/node/extensionHostProcess.js:161:209453)
	at Object.executeCommand (/usr/lib/code/out/vs/workbench/api/node/extensionHostProcess.js:171:30683)
	at set hasGitHubRepositories (/usr/lib/code/extensions/github/dist/extension.js:2:322969)
	at /usr/lib/code/extensions/github/dist/extension.js:2:323928
	at i.value (/usr/lib/code/extensions/git/dist/main.js:2:1060944)
	at r.B (/usr/lib/code/out/vs/workbench/api/node/extensionHostProcess.js:90:732)
	at r.C (/usr/lib/code/out/vs/workbench/api/node/extensionHostProcess.js:90:802)
	at r.fire (/usr/lib/code/out/vs/workbench/api/node/extensionHostProcess.js:90:1018)
	at Object.p [as dispose] (/usr/lib/code/extensions/git/dist/main.js:2:972587)
	at /usr/lib/code/extensions/git/dist/main.js:2:978709
	at Array.forEach (<anonymous>)
	at f.dispose (/usr/lib/code/extensions/git/dist/main.js:2:978695)
	at o.<anonymous> (/usr/lib/code/out/vs/workbench/api/node/extensionHostProcess.js:159:4176)
	at o.dispose (/usr/lib/code/out/vs/workbench/api/node/extensionHostProcess.js:159:4273)
	at o.<anonymous> (/usr/lib/code/extensions/git/dist/main.js:2:954307)
	at o.dispose (/usr/lib/code/out/vs/workbench/api/node/extensionHostProcess.js:159:4273)
	at $ (/usr/lib/code/out/vs/workbench/api/node/extensionHostProcess.js:30:744)
	at /usr/lib/code/out/vs/workbench/api/node/extensionHostProcess.js:167:13607
	at /usr/lib/code/out/vs/workbench/api/node/extensionHostProcess.js:30:1112
	at Object.dispose (/usr/lib/code/out/vs/workbench/api/node/extensionHostProcess.js:11:11463)
	at m.eb (/usr/lib/code/out/vs/workbench/api/node/extensionHostProcess.js:167:10282)
	at /usr/lib/code/out/vs/workbench/api/node/extensionHostProcess.js:167:8153
	at Array.map (<anonymous>)
	at m.$ (/usr/lib/code/out/vs/workbench/api/node/extensionHostProcess.js:167:8140)
	at m.terminate (/usr/lib/code/out/vs/workbench/api/node/extensionHostProcess.js:167:8413)
	at $.terminate (/usr/lib/code/out/vs/workbench/api/node/extensionHostProcess.js:171:1513)
	at n (/usr/lib/code/out/vs/workbench/api/node/extensionHostProcess.js:184:10613)
	at MessagePortMain.<anonymous> (/usr/lib/code/out/vs/workbench/api/node/extensionHostProcess.js:184:6805)
	at MessagePortMain.emit (node:events:519:28)
	at MessagePortMain._internalPort.emit (node:electron/js2c/utility_init:2:2619) setContext undefined
2024-09-28 06:32:10.477 [info] Extension host with pid 118965 exiting with code 0
