2024-09-28 06:23:20.952 [info] Started local extension host with pid 268848.
2024-09-28 06:23:21.221 [error] Error scanning extensions at /$HOME/.vscode-oss/extensions/undefined_publisher.wallbash-0.0.1: Unable to resolve nonexistent file '/$HOME/.vscode-oss/extensions/undefined_publisher.wallbash-0.0.1'
2024-09-28 06:23:23.654 [info] [perf] Render performance baseline is 29ms
2024-09-28 06:24:46.152 [info] Started local extension host with pid 269699.
2024-09-28 06:24:46.331 [error] Error scanning extensions at /$HOME/.vscode-oss/extensions/undefined_publisher.wallbash-0.0.1: Unable to resolve nonexistent file '/$HOME/.vscode-oss/extensions/undefined_publisher.wallbash-0.0.1'
2024-09-28 06:25:00.605 [info] [perf] Render performance baseline is 27ms
2024-09-28 06:25:58.359 [error] [123] potential listener LEAK detected, having 175 listeners already. MOST frequent listener (1):: Error
    at u.create (vscode-file://vscode-app/usr/lib/code/out/vs/workbench/workbench.desktop.main.js:95:57873)
    at y.q [as onDidChangeFilesAssociation] (vscode-file://vscode-app/usr/lib/code/out/vs/workbench/workbench.desktop.main.js:98:1100)
    at P.vb (vscode-file://vscode-app/usr/lib/code/out/vs/workbench/workbench.desktop.main.js:2455:9052)
    at new P (vscode-file://vscode-app/usr/lib/code/out/vs/workbench/workbench.desktop.main.js:2455:8979)
    at f.o (vscode-file://vscode-app/usr/lib/code/out/vs/workbench/workbench.desktop.main.js:666:1608)
    at f.createInstance (vscode-file://vscode-app/usr/lib/code/out/vs/workbench/workbench.desktop.main.js:666:1100)
    at n.W (vscode-file://vscode-app/usr/lib/code/out/vs/workbench/workbench.desktop.main.js:2466:31507)
    at n.resolve (vscode-file://vscode-app/usr/lib/code/out/vs/workbench/workbench.desktop.main.js:2466:31213)
    at a.r (vscode-file://vscode-app/usr/lib/code/out/vs/workbench/workbench.desktop.main.js:2455:25398)
    at a.b (vscode-file://vscode-app/usr/lib/code/out/vs/workbench/workbench.desktop.main.js:2455:24988)
    at a.acquire (vscode-file://vscode-app/usr/lib/code/out/vs/workbench/workbench.desktop.main.js:40:3078)
    at I.acquire (vscode-file://vscode-app/usr/lib/code/out/vs/workbench/workbench.desktop.main.js:40:3316)
    at c.createModelReference (vscode-file://vscode-app/usr/lib/code/out/vs/workbench/workbench.desktop.main.js:2455:27001)
    at D.c (vscode-file://vscode-app/usr/lib/code/out/vs/workbench/workbench.desktop.main.js:1882:74486)
    at D.setItems (vscode-file://vscode-app/usr/lib/code/out/vs/workbench/workbench.desktop.main.js:100:16604)
    at u._computeFn (vscode-file://vscode-app/usr/lib/code/out/vs/workbench/workbench.desktop.main.js:100:16274)
    at u.t (vscode-file://vscode-app/usr/lib/code/out/vs/workbench/workbench.desktop.main.js:95:20908)
    at u.get (vscode-file://vscode-app/usr/lib/code/out/vs/workbench/workbench.desktop.main.js:95:20687)
    at u.readObservable (vscode-file://vscode-app/usr/lib/code/out/vs/workbench/workbench.desktop.main.js:95:22060)
    at u.read (vscode-file://vscode-app/usr/lib/code/out/vs/workbench/workbench.desktop.main.js:95:16202)
    at u._computeFn (vscode-file://vscode-app/usr/lib/code/out/vs/workbench/workbench.desktop.main.js:1882:75244)
    at u.t (vscode-file://vscode-app/usr/lib/code/out/vs/workbench/workbench.desktop.main.js:95:20908)
    at u.get (vscode-file://vscode-app/usr/lib/code/out/vs/workbench/workbench.desktop.main.js:95:20687)
    at u.reportChanges (vscode-file://vscode-app/usr/lib/code/out/vs/workbench/workbench.desktop.main.js:95:16177)
    at y (vscode-file://vscode-app/usr/lib/code/out/vs/workbench/workbench.desktop.main.js:100:15561)
    at E.y (vscode-file://vscode-app/usr/lib/code/out/vs/workbench/workbench.desktop.main.js:1882:75320)
    at async _.b (vscode-file://vscode-app/usr/lib/code/out/vs/workbench/workbench.desktop.main.js:1882:72684)
    at async u.setInput (vscode-file://vscode-app/usr/lib/code/out/vs/workbench/workbench.desktop.main.js:1882:78179)
    at async o.S (vscode-file://vscode-app/usr/lib/code/out/vs/workbench/workbench.desktop.main.js:2449:24889)
    at async o.L (vscode-file://vscode-app/usr/lib/code/out/vs/workbench/workbench.desktop.main.js:2449:23416)
    at async o.openEditor (vscode-file://vscode-app/usr/lib/code/out/vs/workbench/workbench.desktop.main.js:2449:22399)
    at async vscode-file://vscode-app/usr/lib/code/out/vs/workbench/workbench.desktop.main.js:2577:27047
    at async vscode-file://vscode-app/usr/lib/code/out/vs/workbench/workbench.desktop.main.js:2455:38788
    at async ge.hc (vscode-file://vscode-app/usr/lib/code/out/vs/workbench/workbench.desktop.main.js:2658:9085)
2024-09-28 06:25:58.359 [error] [124] potential listener LEAK detected, having 175 listeners already. MOST frequent listener (1):: Error
    at u.create (vscode-file://vscode-app/usr/lib/code/out/vs/workbench/workbench.desktop.main.js:95:57873)
    at y.q [as onDidChangeReadonly] (vscode-file://vscode-app/usr/lib/code/out/vs/workbench/workbench.desktop.main.js:98:1100)
    at P.vb (vscode-file://vscode-app/usr/lib/code/out/vs/workbench/workbench.desktop.main.js:2455:9111)
    at new P (vscode-file://vscode-app/usr/lib/code/out/vs/workbench/workbench.desktop.main.js:2455:8979)
    at f.o (vscode-file://vscode-app/usr/lib/code/out/vs/workbench/workbench.desktop.main.js:666:1608)
    at f.createInstance (vscode-file://vscode-app/usr/lib/code/out/vs/workbench/workbench.desktop.main.js:666:1100)
    at n.W (vscode-file://vscode-app/usr/lib/code/out/vs/workbench/workbench.desktop.main.js:2466:31507)
    at n.resolve (vscode-file://vscode-app/usr/lib/code/out/vs/workbench/workbench.desktop.main.js:2466:31213)
    at a.r (vscode-file://vscode-app/usr/lib/code/out/vs/workbench/workbench.desktop.main.js:2455:25398)
    at a.b (vscode-file://vscode-app/usr/lib/code/out/vs/workbench/workbench.desktop.main.js:2455:24988)
    at a.acquire (vscode-file://vscode-app/usr/lib/code/out/vs/workbench/workbench.desktop.main.js:40:3078)
    at I.acquire (vscode-file://vscode-app/usr/lib/code/out/vs/workbench/workbench.desktop.main.js:40:3316)
    at c.createModelReference (vscode-file://vscode-app/usr/lib/code/out/vs/workbench/workbench.desktop.main.js:2455:27001)
    at D.c (vscode-file://vscode-app/usr/lib/code/out/vs/workbench/workbench.desktop.main.js:1882:74486)
    at D.setItems (vscode-file://vscode-app/usr/lib/code/out/vs/workbench/workbench.desktop.main.js:100:16604)
    at u._computeFn (vscode-file://vscode-app/usr/lib/code/out/vs/workbench/workbench.desktop.main.js:100:16274)
    at u.t (vscode-file://vscode-app/usr/lib/code/out/vs/workbench/workbench.desktop.main.js:95:20908)
    at u.get (vscode-file://vscode-app/usr/lib/code/out/vs/workbench/workbench.desktop.main.js:95:20687)
    at u.readObservable (vscode-file://vscode-app/usr/lib/code/out/vs/workbench/workbench.desktop.main.js:95:22060)
    at u.read (vscode-file://vscode-app/usr/lib/code/out/vs/workbench/workbench.desktop.main.js:95:16202)
    at u._computeFn (vscode-file://vscode-app/usr/lib/code/out/vs/workbench/workbench.desktop.main.js:1882:75244)
    at u.t (vscode-file://vscode-app/usr/lib/code/out/vs/workbench/workbench.desktop.main.js:95:20908)
    at u.get (vscode-file://vscode-app/usr/lib/code/out/vs/workbench/workbench.desktop.main.js:95:20687)
    at u.reportChanges (vscode-file://vscode-app/usr/lib/code/out/vs/workbench/workbench.desktop.main.js:95:16177)
    at y (vscode-file://vscode-app/usr/lib/code/out/vs/workbench/workbench.desktop.main.js:100:15561)
    at E.y (vscode-file://vscode-app/usr/lib/code/out/vs/workbench/workbench.desktop.main.js:1882:75320)
    at async _.b (vscode-file://vscode-app/usr/lib/code/out/vs/workbench/workbench.desktop.main.js:1882:72684)
    at async u.setInput (vscode-file://vscode-app/usr/lib/code/out/vs/workbench/workbench.desktop.main.js:1882:78179)
    at async o.S (vscode-file://vscode-app/usr/lib/code/out/vs/workbench/workbench.desktop.main.js:2449:24889)
    at async o.L (vscode-file://vscode-app/usr/lib/code/out/vs/workbench/workbench.desktop.main.js:2449:23416)
    at async o.openEditor (vscode-file://vscode-app/usr/lib/code/out/vs/workbench/workbench.desktop.main.js:2449:22399)
    at async vscode-file://vscode-app/usr/lib/code/out/vs/workbench/workbench.desktop.main.js:2577:27047
    at async vscode-file://vscode-app/usr/lib/code/out/vs/workbench/workbench.desktop.main.js:2455:38788
    at async ge.hc (vscode-file://vscode-app/usr/lib/code/out/vs/workbench/workbench.desktop.main.js:2658:9085)
2024-09-28 06:26:00.606 [error] [577] potential listener LEAK detected, having 175 listeners already. MOST frequent listener (1):: Error
    at u.create (vscode-file://vscode-app/usr/lib/code/out/vs/workbench/workbench.desktop.main.js:95:57873)
    at d.q [as onDidChange] (vscode-file://vscode-app/usr/lib/code/out/vs/workbench/workbench.desktop.main.js:98:1100)
    at new l (vscode-file://vscode-app/usr/lib/code/out/vs/workbench/workbench.desktop.main.js:690:8831)
    at f.o (vscode-file://vscode-app/usr/lib/code/out/vs/workbench/workbench.desktop.main.js:666:1608)
    at f.createInstance (vscode-file://vscode-app/usr/lib/code/out/vs/workbench/workbench.desktop.main.js:666:1100)
    at new K (vscode-file://vscode-app/usr/lib/code/out/vs/workbench/workbench.desktop.main.js:765:4810)
    at f.o (vscode-file://vscode-app/usr/lib/code/out/vs/workbench/workbench.desktop.main.js:666:1608)
    at f.createInstance (vscode-file://vscode-app/usr/lib/code/out/vs/workbench/workbench.desktop.main.js:666:1100)
    at w.I (vscode-file://vscode-app/usr/lib/code/out/vs/workbench/workbench.desktop.main.js:778:1976)
    at w.createModel (vscode-file://vscode-app/usr/lib/code/out/vs/workbench/workbench.desktop.main.js:779:963)
    at P.H (vscode-file://vscode-app/usr/lib/code/out/vs/workbench/workbench.desktop.main.js:1776:13490)
    at P.G (vscode-file://vscode-app/usr/lib/code/out/vs/workbench/workbench.desktop.main.js:1776:13382)
    at P.Fb (vscode-file://vscode-app/usr/lib/code/out/vs/workbench/workbench.desktop.main.js:2455:13406)
    at P.Eb (vscode-file://vscode-app/usr/lib/code/out/vs/workbench/workbench.desktop.main.js:2455:13258)
    at P.Db (vscode-file://vscode-app/usr/lib/code/out/vs/workbench/workbench.desktop.main.js:2455:12473)
    at async P.resolve (vscode-file://vscode-app/usr/lib/code/out/vs/workbench/workbench.desktop.main.js:2455:10652)
    at async n.W (vscode-file://vscode-app/usr/lib/code/out/vs/workbench/workbench.desktop.main.js:2466:31681)
    at async a.r (vscode-file://vscode-app/usr/lib/code/out/vs/workbench/workbench.desktop.main.js:2455:25379)
    at async I.acquire (vscode-file://vscode-app/usr/lib/code/out/vs/workbench/workbench.desktop.main.js:40:3350)
    at async c.createModelReference (vscode-file://vscode-app/usr/lib/code/out/vs/workbench/workbench.desktop.main.js:2455:26988)
    at async Promise.all (index 1)
    at async D.c (vscode-file://vscode-app/usr/lib/code/out/vs/workbench/workbench.desktop.main.js:1882:74446)
    at async Promise.all (index 59)
    at async u._computeFn (vscode-file://vscode-app/usr/lib/code/out/vs/workbench/workbench.desktop.main.js:1882:75255)
    at async E.y (vscode-file://vscode-app/usr/lib/code/out/vs/workbench/workbench.desktop.main.js:1882:75331)
    at async _.b (vscode-file://vscode-app/usr/lib/code/out/vs/workbench/workbench.desktop.main.js:1882:72684)
    at async u.setInput (vscode-file://vscode-app/usr/lib/code/out/vs/workbench/workbench.desktop.main.js:1882:78179)
    at async o.S (vscode-file://vscode-app/usr/lib/code/out/vs/workbench/workbench.desktop.main.js:2449:24889)
    at async o.L (vscode-file://vscode-app/usr/lib/code/out/vs/workbench/workbench.desktop.main.js:2449:23416)
    at async o.openEditor (vscode-file://vscode-app/usr/lib/code/out/vs/workbench/workbench.desktop.main.js:2449:22399)
    at async vscode-file://vscode-app/usr/lib/code/out/vs/workbench/workbench.desktop.main.js:2577:27047
    at async vscode-file://vscode-app/usr/lib/code/out/vs/workbench/workbench.desktop.main.js:2455:38788
    at async ge.hc (vscode-file://vscode-app/usr/lib/code/out/vs/workbench/workbench.desktop.main.js:2658:9085)
2024-09-28 06:26:00.648 [error] [577] potential listener LEAK detected, having 263 listeners already. MOST frequent listener (1):: Error
    at u.create (vscode-file://vscode-app/usr/lib/code/out/vs/workbench/workbench.desktop.main.js:95:57873)
    at d.q [as onDidChange] (vscode-file://vscode-app/usr/lib/code/out/vs/workbench/workbench.desktop.main.js:98:1100)
    at new l (vscode-file://vscode-app/usr/lib/code/out/vs/workbench/workbench.desktop.main.js:690:8831)
    at f.o (vscode-file://vscode-app/usr/lib/code/out/vs/workbench/workbench.desktop.main.js:666:1608)
    at f.createInstance (vscode-file://vscode-app/usr/lib/code/out/vs/workbench/workbench.desktop.main.js:666:1100)
    at new K (vscode-file://vscode-app/usr/lib/code/out/vs/workbench/workbench.desktop.main.js:765:4810)
    at f.o (vscode-file://vscode-app/usr/lib/code/out/vs/workbench/workbench.desktop.main.js:666:1608)
    at f.createInstance (vscode-file://vscode-app/usr/lib/code/out/vs/workbench/workbench.desktop.main.js:666:1100)
    at w.I (vscode-file://vscode-app/usr/lib/code/out/vs/workbench/workbench.desktop.main.js:778:1976)
    at w.createModel (vscode-file://vscode-app/usr/lib/code/out/vs/workbench/workbench.desktop.main.js:779:963)
    at P.H (vscode-file://vscode-app/usr/lib/code/out/vs/workbench/workbench.desktop.main.js:1776:13490)
    at P.G (vscode-file://vscode-app/usr/lib/code/out/vs/workbench/workbench.desktop.main.js:1776:13382)
    at P.Fb (vscode-file://vscode-app/usr/lib/code/out/vs/workbench/workbench.desktop.main.js:2455:13406)
    at P.Eb (vscode-file://vscode-app/usr/lib/code/out/vs/workbench/workbench.desktop.main.js:2455:13258)
    at P.Db (vscode-file://vscode-app/usr/lib/code/out/vs/workbench/workbench.desktop.main.js:2455:12473)
    at async P.resolve (vscode-file://vscode-app/usr/lib/code/out/vs/workbench/workbench.desktop.main.js:2455:10652)
    at async n.W (vscode-file://vscode-app/usr/lib/code/out/vs/workbench/workbench.desktop.main.js:2466:31681)
    at async a.r (vscode-file://vscode-app/usr/lib/code/out/vs/workbench/workbench.desktop.main.js:2455:25379)
    at async I.acquire (vscode-file://vscode-app/usr/lib/code/out/vs/workbench/workbench.desktop.main.js:40:3350)
    at async c.createModelReference (vscode-file://vscode-app/usr/lib/code/out/vs/workbench/workbench.desktop.main.js:2455:26988)
    at async Promise.all (index 1)
    at async D.c (vscode-file://vscode-app/usr/lib/code/out/vs/workbench/workbench.desktop.main.js:1882:74446)
    at async Promise.all (index 59)
    at async u._computeFn (vscode-file://vscode-app/usr/lib/code/out/vs/workbench/workbench.desktop.main.js:1882:75255)
    at async E.y (vscode-file://vscode-app/usr/lib/code/out/vs/workbench/workbench.desktop.main.js:1882:75331)
    at async _.b (vscode-file://vscode-app/usr/lib/code/out/vs/workbench/workbench.desktop.main.js:1882:72684)
    at async u.setInput (vscode-file://vscode-app/usr/lib/code/out/vs/workbench/workbench.desktop.main.js:1882:78179)
    at async o.S (vscode-file://vscode-app/usr/lib/code/out/vs/workbench/workbench.desktop.main.js:2449:24889)
    at async o.L (vscode-file://vscode-app/usr/lib/code/out/vs/workbench/workbench.desktop.main.js:2449:23416)
    at async o.openEditor (vscode-file://vscode-app/usr/lib/code/out/vs/workbench/workbench.desktop.main.js:2449:22399)
    at async vscode-file://vscode-app/usr/lib/code/out/vs/workbench/workbench.desktop.main.js:2577:27047
    at async vscode-file://vscode-app/usr/lib/code/out/vs/workbench/workbench.desktop.main.js:2455:38788
    at async ge.hc (vscode-file://vscode-app/usr/lib/code/out/vs/workbench/workbench.desktop.main.js:2658:9085)
2024-09-28 06:26:00.711 [error] [577] potential listener LEAK detected, having 351 listeners already. MOST frequent listener (1):: Error
    at u.create (vscode-file://vscode-app/usr/lib/code/out/vs/workbench/workbench.desktop.main.js:95:57873)
    at d.q [as onDidChange] (vscode-file://vscode-app/usr/lib/code/out/vs/workbench/workbench.desktop.main.js:98:1100)
    at new l (vscode-file://vscode-app/usr/lib/code/out/vs/workbench/workbench.desktop.main.js:690:8831)
    at f.o (vscode-file://vscode-app/usr/lib/code/out/vs/workbench/workbench.desktop.main.js:666:1608)
    at f.createInstance (vscode-file://vscode-app/usr/lib/code/out/vs/workbench/workbench.desktop.main.js:666:1100)
    at new K (vscode-file://vscode-app/usr/lib/code/out/vs/workbench/workbench.desktop.main.js:765:4810)
    at f.o (vscode-file://vscode-app/usr/lib/code/out/vs/workbench/workbench.desktop.main.js:666:1608)
    at f.createInstance (vscode-file://vscode-app/usr/lib/code/out/vs/workbench/workbench.desktop.main.js:666:1100)
    at w.I (vscode-file://vscode-app/usr/lib/code/out/vs/workbench/workbench.desktop.main.js:778:1976)
    at w.createModel (vscode-file://vscode-app/usr/lib/code/out/vs/workbench/workbench.desktop.main.js:779:963)
    at P.H (vscode-file://vscode-app/usr/lib/code/out/vs/workbench/workbench.desktop.main.js:1776:13490)
    at P.G (vscode-file://vscode-app/usr/lib/code/out/vs/workbench/workbench.desktop.main.js:1776:13382)
    at P.Fb (vscode-file://vscode-app/usr/lib/code/out/vs/workbench/workbench.desktop.main.js:2455:13406)
    at P.Eb (vscode-file://vscode-app/usr/lib/code/out/vs/workbench/workbench.desktop.main.js:2455:13258)
    at P.Db (vscode-file://vscode-app/usr/lib/code/out/vs/workbench/workbench.desktop.main.js:2455:12473)
    at async P.resolve (vscode-file://vscode-app/usr/lib/code/out/vs/workbench/workbench.desktop.main.js:2455:10652)
    at async n.W (vscode-file://vscode-app/usr/lib/code/out/vs/workbench/workbench.desktop.main.js:2466:31681)
    at async a.r (vscode-file://vscode-app/usr/lib/code/out/vs/workbench/workbench.desktop.main.js:2455:25379)
    at async I.acquire (vscode-file://vscode-app/usr/lib/code/out/vs/workbench/workbench.desktop.main.js:40:3350)
    at async c.createModelReference (vscode-file://vscode-app/usr/lib/code/out/vs/workbench/workbench.desktop.main.js:2455:26988)
    at async Promise.all (index 1)
    at async D.c (vscode-file://vscode-app/usr/lib/code/out/vs/workbench/workbench.desktop.main.js:1882:74446)
    at async Promise.all (index 59)
    at async u._computeFn (vscode-file://vscode-app/usr/lib/code/out/vs/workbench/workbench.desktop.main.js:1882:75255)
    at async E.y (vscode-file://vscode-app/usr/lib/code/out/vs/workbench/workbench.desktop.main.js:1882:75331)
    at async _.b (vscode-file://vscode-app/usr/lib/code/out/vs/workbench/workbench.desktop.main.js:1882:72684)
    at async u.setInput (vscode-file://vscode-app/usr/lib/code/out/vs/workbench/workbench.desktop.main.js:1882:78179)
    at async o.S (vscode-file://vscode-app/usr/lib/code/out/vs/workbench/workbench.desktop.main.js:2449:24889)
    at async o.L (vscode-file://vscode-app/usr/lib/code/out/vs/workbench/workbench.desktop.main.js:2449:23416)
    at async o.openEditor (vscode-file://vscode-app/usr/lib/code/out/vs/workbench/workbench.desktop.main.js:2449:22399)
    at async vscode-file://vscode-app/usr/lib/code/out/vs/workbench/workbench.desktop.main.js:2577:27047
    at async vscode-file://vscode-app/usr/lib/code/out/vs/workbench/workbench.desktop.main.js:2455:38788
    at async ge.hc (vscode-file://vscode-app/usr/lib/code/out/vs/workbench/workbench.desktop.main.js:2658:9085)
2024-09-28 06:26:00.714 [error] [1c1] potential listener LEAK detected, having 175 listeners already. MOST frequent listener (1):: Error
    at u.create (vscode-file://vscode-app/usr/lib/code/out/vs/workbench/workbench.desktop.main.js:95:57873)
    at S.q [as onDidChange] (vscode-file://vscode-app/usr/lib/code/out/vs/workbench/workbench.desktop.main.js:98:1100)
    at new d (vscode-file://vscode-app/usr/lib/code/out/vs/workbench/workbench.desktop.main.js:762:9995)
    at I (vscode-file://vscode-app/usr/lib/code/out/vs/workbench/workbench.desktop.main.js:762:8380)
    at d.value (vscode-file://vscode-app/usr/lib/code/out/vs/workbench/workbench.desktop.main.js:762:8658)
    at l.B (vscode-file://vscode-app/usr/lib/code/out/vs/workbench/workbench.desktop.main.js:100:732)
    at l.C (vscode-file://vscode-app/usr/lib/code/out/vs/workbench/workbench.desktop.main.js:100:802)
    at l.fire (vscode-file://vscode-app/usr/lib/code/out/vs/workbench/workbench.desktop.main.js:100:1018)
    at w.createModel (vscode-file://vscode-app/usr/lib/code/out/vs/workbench/workbench.desktop.main.js:779:1003)
    at P.H (vscode-file://vscode-app/usr/lib/code/out/vs/workbench/workbench.desktop.main.js:1776:13490)
    at P.G (vscode-file://vscode-app/usr/lib/code/out/vs/workbench/workbench.desktop.main.js:1776:13382)
    at P.Fb (vscode-file://vscode-app/usr/lib/code/out/vs/workbench/workbench.desktop.main.js:2455:13406)
    at P.Eb (vscode-file://vscode-app/usr/lib/code/out/vs/workbench/workbench.desktop.main.js:2455:13258)
    at P.Db (vscode-file://vscode-app/usr/lib/code/out/vs/workbench/workbench.desktop.main.js:2455:12473)
    at async P.resolve (vscode-file://vscode-app/usr/lib/code/out/vs/workbench/workbench.desktop.main.js:2455:10652)
    at async n.W (vscode-file://vscode-app/usr/lib/code/out/vs/workbench/workbench.desktop.main.js:2466:31681)
    at async a.r (vscode-file://vscode-app/usr/lib/code/out/vs/workbench/workbench.desktop.main.js:2455:25379)
    at async I.acquire (vscode-file://vscode-app/usr/lib/code/out/vs/workbench/workbench.desktop.main.js:40:3350)
    at async c.createModelReference (vscode-file://vscode-app/usr/lib/code/out/vs/workbench/workbench.desktop.main.js:2455:26988)
    at async Promise.all (index 1)
    at async D.c (vscode-file://vscode-app/usr/lib/code/out/vs/workbench/workbench.desktop.main.js:1882:74446)
    at async Promise.all (index 14)
    at async u._computeFn (vscode-file://vscode-app/usr/lib/code/out/vs/workbench/workbench.desktop.main.js:1882:75255)
    at async E.y (vscode-file://vscode-app/usr/lib/code/out/vs/workbench/workbench.desktop.main.js:1882:75331)
    at async _.b (vscode-file://vscode-app/usr/lib/code/out/vs/workbench/workbench.desktop.main.js:1882:72684)
    at async u.setInput (vscode-file://vscode-app/usr/lib/code/out/vs/workbench/workbench.desktop.main.js:1882:78179)
    at async o.S (vscode-file://vscode-app/usr/lib/code/out/vs/workbench/workbench.desktop.main.js:2449:24889)
    at async o.L (vscode-file://vscode-app/usr/lib/code/out/vs/workbench/workbench.desktop.main.js:2449:23416)
    at async o.openEditor (vscode-file://vscode-app/usr/lib/code/out/vs/workbench/workbench.desktop.main.js:2449:22399)
    at async vscode-file://vscode-app/usr/lib/code/out/vs/workbench/workbench.desktop.main.js:2577:27047
    at async vscode-file://vscode-app/usr/lib/code/out/vs/workbench/workbench.desktop.main.js:2455:38788
    at async ge.hc (vscode-file://vscode-app/usr/lib/code/out/vs/workbench/workbench.desktop.main.js:2658:9085)
2024-09-28 06:26:00.729 [error] [034] potential listener LEAK detected, having 200 listeners already. MOST frequent listener (1):: Error
    at u.create (vscode-file://vscode-app/usr/lib/code/out/vs/workbench/workbench.desktop.main.js:95:57873)
    at h.q [as k] (vscode-file://vscode-app/usr/lib/code/out/vs/workbench/workbench.desktop.main.js:98:1100)
    at h.c (vscode-file://vscode-app/usr/lib/code/out/vs/workbench/workbench.desktop.main.js:100:13728)
    at h.addObserver (vscode-file://vscode-app/usr/lib/code/out/vs/workbench/workbench.desktop.main.js:95:16984)
    at Object.onWillAddFirstListener (vscode-file://vscode-app/usr/lib/code/out/vs/workbench/workbench.desktop.main.js:95:55839)
    at w.q [as onDidChange] (vscode-file://vscode-app/usr/lib/code/out/vs/workbench/workbench.desktop.main.js:98:1280)
    at new K (vscode-file://vscode-app/usr/lib/code/out/vs/workbench/workbench.desktop.main.js:765:4641)
    at f.o (vscode-file://vscode-app/usr/lib/code/out/vs/workbench/workbench.desktop.main.js:666:1608)
    at f.createInstance (vscode-file://vscode-app/usr/lib/code/out/vs/workbench/workbench.desktop.main.js:666:1100)
    at w.I (vscode-file://vscode-app/usr/lib/code/out/vs/workbench/workbench.desktop.main.js:778:1976)
    at w.createModel (vscode-file://vscode-app/usr/lib/code/out/vs/workbench/workbench.desktop.main.js:779:963)
    at P.H (vscode-file://vscode-app/usr/lib/code/out/vs/workbench/workbench.desktop.main.js:1776:13490)
    at P.G (vscode-file://vscode-app/usr/lib/code/out/vs/workbench/workbench.desktop.main.js:1776:13382)
    at P.Fb (vscode-file://vscode-app/usr/lib/code/out/vs/workbench/workbench.desktop.main.js:2455:13406)
    at P.Eb (vscode-file://vscode-app/usr/lib/code/out/vs/workbench/workbench.desktop.main.js:2455:13258)
    at P.Db (vscode-file://vscode-app/usr/lib/code/out/vs/workbench/workbench.desktop.main.js:2455:12473)
    at async P.resolve (vscode-file://vscode-app/usr/lib/code/out/vs/workbench/workbench.desktop.main.js:2455:10652)
    at async n.W (vscode-file://vscode-app/usr/lib/code/out/vs/workbench/workbench.desktop.main.js:2466:31681)
    at async a.r (vscode-file://vscode-app/usr/lib/code/out/vs/workbench/workbench.desktop.main.js:2455:25379)
    at async I.acquire (vscode-file://vscode-app/usr/lib/code/out/vs/workbench/workbench.desktop.main.js:40:3350)
    at async c.createModelReference (vscode-file://vscode-app/usr/lib/code/out/vs/workbench/workbench.desktop.main.js:2455:26988)
    at async Promise.all (index 0)
    at async D.c (vscode-file://vscode-app/usr/lib/code/out/vs/workbench/workbench.desktop.main.js:1882:74446)
    at async Promise.all (index 6)
    at async u._computeFn (vscode-file://vscode-app/usr/lib/code/out/vs/workbench/workbench.desktop.main.js:1882:75255)
    at async E.y (vscode-file://vscode-app/usr/lib/code/out/vs/workbench/workbench.desktop.main.js:1882:75331)
    at async _.b (vscode-file://vscode-app/usr/lib/code/out/vs/workbench/workbench.desktop.main.js:1882:72684)
    at async u.setInput (vscode-file://vscode-app/usr/lib/code/out/vs/workbench/workbench.desktop.main.js:1882:78179)
    at async o.S (vscode-file://vscode-app/usr/lib/code/out/vs/workbench/workbench.desktop.main.js:2449:24889)
    at async o.L (vscode-file://vscode-app/usr/lib/code/out/vs/workbench/workbench.desktop.main.js:2449:23416)
    at async o.openEditor (vscode-file://vscode-app/usr/lib/code/out/vs/workbench/workbench.desktop.main.js:2449:22399)
    at async vscode-file://vscode-app/usr/lib/code/out/vs/workbench/workbench.desktop.main.js:2577:27047
    at async vscode-file://vscode-app/usr/lib/code/out/vs/workbench/workbench.desktop.main.js:2455:38788
    at async ge.hc (vscode-file://vscode-app/usr/lib/code/out/vs/workbench/workbench.desktop.main.js:2658:9085)
