2024-09-28 06:23:20.856 [info] Added views:workbench.panel.markers.view in workbench.panel.markers
2024-09-28 06:23:20.856 [info] Added views:workbench.panel.output in workbench.panel.output
2024-09-28 06:23:20.856 [info] Added views:terminal in terminal
2024-09-28 06:23:20.856 [info] Added views:outline in workbench.view.explorer
2024-09-28 06:23:20.856 [info] Added views:workbench.scm in workbench.view.scm
2024-09-28 06:23:20.856 [info] Added views:workbench.view.search in workbench.view.search
2024-09-28 06:23:20.856 [info] Added views:timeline in workbench.view.explorer
2024-09-28 06:23:20.856 [info] Added views:workbench.explorer.emptyView in workbench.view.explorer
2024-09-28 06:23:20.997 [info] Added views:workbench.debug.welcome in workbench.view.debug
2024-09-28 06:23:21.389 [info] Added views:workbench.panel.repl.view in workbench.panel.repl
2024-09-28 06:23:21.824 [info] Added views:~remote.forwardedPorts in ~remote.forwardedPortsContainer
2024-09-28 06:23:22.006 [info] Added views:workbench.scm.history in workbench.view.scm
2024-09-28 06:24:45.833 [info] Removed views:workbench.scm.history from workbench.view.scm
2024-09-28 06:24:46.120 [info] Added views:workbench.panel.markers.view in workbench.panel.markers
2024-09-28 06:24:46.120 [info] Added views:workbench.panel.output in workbench.panel.output
2024-09-28 06:24:46.120 [info] Added views:terminal in terminal
2024-09-28 06:24:46.120 [info] Added views:outline in workbench.view.explorer
2024-09-28 06:24:46.120 [info] Added views:workbench.scm in workbench.view.scm
2024-09-28 06:24:46.120 [info] Added views:workbench.view.search in workbench.view.search
2024-09-28 06:24:46.120 [info] Added views:timeline in workbench.view.explorer
2024-09-28 06:24:46.120 [info] Added views:workbench.explorer.emptyView in workbench.view.explorer
2024-09-28 06:24:46.193 [info] Added views:workbench.debug.welcome in workbench.view.debug
2024-09-28 06:24:46.523 [info] Added views:workbench.panel.repl.view in workbench.panel.repl
2024-09-28 06:24:47.056 [info] Added views:workbench.scm.history in workbench.view.scm
2024-09-28 06:25:00.560 [info] Added views:~remote.forwardedPorts in ~remote.forwardedPortsContainer
2024-09-28 06:26:13.357 [info] Removed views:workbench.scm.history from workbench.view.scm
