2024-09-28 06:26:16.952 [info] Added views:workbench.panel.markers.view in workbench.panel.markers
2024-09-28 06:26:16.952 [info] Added views:workbench.panel.output in workbench.panel.output
2024-09-28 06:26:16.952 [info] Added views:terminal in terminal
2024-09-28 06:26:16.952 [info] Added views:outline in workbench.view.explorer
2024-09-28 06:26:16.952 [info] Added views:workbench.scm in workbench.view.scm
2024-09-28 06:26:16.952 [info] Added views:workbench.view.search in workbench.view.search
2024-09-28 06:26:16.952 [info] Added views:timeline in workbench.view.explorer
2024-09-28 06:26:16.952 [info] Added views:workbench.explorer.emptyView in workbench.view.explorer
2024-09-28 06:26:17.063 [info] Added views:workbench.debug.welcome in workbench.view.debug
2024-09-28 06:26:17.488 [info] Added views:workbench.panel.repl.view in workbench.panel.repl
2024-09-28 06:26:17.807 [info] Added views:~remote.forwardedPorts in ~remote.forwardedPortsContainer
2024-09-28 06:26:18.133 [info] Added views:workbench.scm.history in workbench.view.scm
2024-09-28 06:27:54.164 [info] Showing view workbench.explorer.openEditorsView in the container workbench.view.explorer
2024-09-28 06:27:54.181 [info] Added views:workbench.explorer.openEditorsView in workbench.view.explorer
2024-09-28 06:51:21.922 [info] Removed views:workbench.scm.history from workbench.view.scm
2024-09-28 06:51:22.580 [info] Added views:workbench.panel.markers.view in workbench.panel.markers
2024-09-28 06:51:22.580 [info] Added views:workbench.panel.output in workbench.panel.output
2024-09-28 06:51:22.580 [info] Added views:terminal in terminal
2024-09-28 06:51:22.580 [info] Added views:outline in workbench.view.explorer
2024-09-28 06:51:22.580 [info] Added views:workbench.scm in workbench.view.scm
2024-09-28 06:51:22.580 [info] Added views:workbench.view.search in workbench.view.search
2024-09-28 06:51:22.580 [info] Added views:timeline in workbench.view.explorer
2024-09-28 06:51:22.580 [info] Added views:workbench.explorer.openEditorsView,workbench.explorer.emptyView in workbench.view.explorer
2024-09-28 06:51:22.671 [info] Added views:workbench.debug.welcome in workbench.view.debug
2024-09-28 06:51:22.979 [info] Added views:~remote.forwardedPorts in ~remote.forwardedPortsContainer
2024-09-28 06:51:23.159 [info] Added views:workbench.panel.repl.view in workbench.panel.repl
2024-09-28 06:51:23.707 [info] Added views:workbench.scm.history in workbench.view.scm
2024-09-28 06:54:20.143 [info] Removed views:workbench.scm.history from workbench.view.scm
