2024-09-27 15:04:49.964 [info] [main] Log level: Info
2024-09-27 15:04:49.964 [info] [main] Validating found git in: "git"
2024-09-27 15:04:49.964 [info] [main] Using git "2.46.2" from "git"
2024-09-27 15:04:49.964 [info] [Model][doInitialScan] Initial repository scan started
2024-09-27 15:04:49.964 [info] > git rev-parse --show-toplevel [3ms]
2024-09-27 15:04:49.964 [info] fatal: not a git repository (or any of the parent directories): .git
2024-09-27 15:04:49.971 [info] > git rev-parse --show-toplevel [1ms]
2024-09-27 15:04:49.971 [info] fatal: not a git repository (or any of the parent directories): .git
2024-09-27 15:04:49.974 [info] > git rev-parse --show-toplevel [0ms]
2024-09-27 15:04:49.974 [info] fatal: not a git repository (or any of the parent directories): .git
2024-09-27 15:04:49.979 [info] > git rev-parse --show-toplevel [2ms]
2024-09-27 15:04:49.979 [info] fatal: not a git repository (or any of the parent directories): .git
2024-09-27 15:04:49.983 [info] > git rev-parse --show-toplevel [1ms]
2024-09-27 15:04:49.983 [info] fatal: not a git repository (or any of the parent directories): .git
2024-09-27 15:04:49.986 [info] > git rev-parse --show-toplevel [0ms]
2024-09-27 15:04:49.986 [info] fatal: not a git repository (or any of the parent directories): .git
2024-09-27 15:04:49.990 [info] > git rev-parse --show-toplevel [1ms]
2024-09-27 15:04:49.990 [info] fatal: not a git repository (or any of the parent directories): .git
2024-09-27 15:04:49.993 [info] > git rev-parse --show-toplevel [1ms]
2024-09-27 15:04:49.993 [info] fatal: not a git repository (or any of the parent directories): .git
2024-09-27 15:04:49.997 [info] > git rev-parse --show-toplevel [1ms]
2024-09-27 15:04:49.997 [info] fatal: not a git repository (or any of the parent directories): .git
2024-09-27 15:04:50.000 [info] > git rev-parse --show-toplevel [1ms]
2024-09-27 15:04:50.000 [info] fatal: not a git repository (or any of the parent directories): .git
2024-09-27 15:04:50.003 [info] > git rev-parse --show-toplevel [1ms]
2024-09-27 15:04:50.003 [info] fatal: not a git repository (or any of the parent directories): .git
2024-09-27 15:04:50.007 [info] > git rev-parse --show-toplevel [1ms]
2024-09-27 15:04:50.007 [info] fatal: not a git repository (or any of the parent directories): .git
2024-09-27 15:04:50.010 [info] > git rev-parse --show-toplevel [1ms]
2024-09-27 15:04:50.010 [info] fatal: not a git repository (or any of the parent directories): .git
2024-09-27 15:04:50.013 [info] > git rev-parse --show-toplevel [1ms]
2024-09-27 15:04:50.013 [info] fatal: not a git repository (or any of the parent directories): .git
2024-09-27 15:04:50.017 [info] > git rev-parse --show-toplevel [1ms]
2024-09-27 15:04:50.017 [info] fatal: not a git repository (or any of the parent directories): .git
2024-09-27 15:04:50.021 [info] > git rev-parse --show-toplevel [1ms]
2024-09-27 15:04:50.021 [info] fatal: not a git repository (or any of the parent directories): .git
2024-09-27 15:04:50.025 [info] > git rev-parse --show-toplevel [1ms]
2024-09-27 15:04:50.026 [info] fatal: not a git repository (or any of the parent directories): .git
2024-09-27 15:04:50.031 [info] > git rev-parse --show-toplevel [1ms]
2024-09-27 15:04:50.031 [info] fatal: not a git repository (or any of the parent directories): .git
2024-09-27 15:04:50.037 [info] > git rev-parse --show-toplevel [1ms]
2024-09-27 15:04:50.037 [info] fatal: not a git repository (or any of the parent directories): .git
2024-09-27 15:04:50.044 [info] > git rev-parse --show-toplevel [2ms]
2024-09-27 15:04:50.044 [info] fatal: not a git repository (or any of the parent directories): .git
2024-09-27 15:04:50.050 [info] > git rev-parse --show-toplevel [2ms]
2024-09-27 15:04:50.050 [info] fatal: not a git repository (or any of the parent directories): .git
2024-09-27 15:04:50.057 [info] > git rev-parse --show-toplevel [1ms]
2024-09-27 15:04:50.057 [info] fatal: not a git repository (or any of the parent directories): .git
2024-09-27 15:04:50.063 [info] > git rev-parse --show-toplevel [2ms]
2024-09-27 15:04:50.063 [info] fatal: not a git repository (or any of the parent directories): .git
2024-09-27 15:04:50.071 [info] > git rev-parse --show-toplevel [2ms]
2024-09-27 15:04:50.078 [info] > git rev-parse --git-dir --git-common-dir [1ms]
2024-09-27 15:04:50.091 [info] [Model][openRepository] Opened repository: /home/jasi/yay-git
2024-09-27 15:04:50.095 [info] [Model][doInitialScan] Initial repository scan completed - repositories (1), closed repositories (0), parent repositories (0), unsafe repositories (0)
2024-09-27 15:04:50.101 [info] > git config --get commit.template [1ms]
2024-09-27 15:04:50.151 [info] > git for-each-ref --format=%(refname)%00%(upstream:short)%00%(objectname)%00%(upstream:track)%00%(upstream:remotename)%00%(upstream:remoteref) refs/heads/master refs/remotes/master [47ms]
2024-09-27 15:04:50.159 [warning] [Git][revParse] Unable to read file: ENOENT: no such file or directory, open '/home/jasi/yay-git/.git/refs/remotes/origin/master'
2024-09-27 15:04:50.162 [info] > git rev-parse refs/remotes/origin/master [3ms]
2024-09-27 15:04:50.178 [info] > git status -z -uall [8ms]
2024-09-27 15:04:50.202 [info] > git for-each-ref --format=%(refname)%00%(upstream:short)%00%(objectname)%00%(upstream:track)%00%(upstream:remotename)%00%(upstream:remoteref) refs/heads/master refs/remotes/master [15ms]
2024-09-27 15:04:50.206 [info] > git config --local branch.master.vscode-merge-base [1ms]
2024-09-27 15:04:50.206 [warning] [Git][config] git config failed: Failed to execute git
2024-09-27 15:04:50.209 [info] > git config --get commit.template [8ms]
2024-09-27 15:04:50.212 [info] > git reflog master --grep-reflog=branch: Created from *. [3ms]
2024-09-27 15:04:50.215 [info] > git for-each-ref --format=%(refname)%00%(upstream:short)%00%(objectname)%00%(upstream:track)%00%(upstream:remotename)%00%(upstream:remoteref) refs/heads/master refs/remotes/master [3ms]
2024-09-27 15:04:50.218 [warning] [Git][revParse] Unable to read file: ENOENT: no such file or directory, open '/home/jasi/yay-git/.git/refs/remotes/origin/master'
2024-09-27 15:04:50.218 [info] > git symbolic-ref --short refs/remotes/origin/HEAD [3ms]
2024-09-27 15:04:50.222 [info] > git rev-parse refs/remotes/origin/master [4ms]
2024-09-27 15:04:50.227 [info] > git for-each-ref --format=%(refname)%00%(upstream:short)%00%(objectname)%00%(upstream:track)%00%(upstream:remotename)%00%(upstream:remoteref) refs/heads/origin/master refs/remotes/origin/master [4ms]
2024-09-27 15:04:50.231 [info] > git status -z -uall [5ms]
2024-09-27 15:04:50.236 [info] > git config --local branch.master.vscode-merge-base origin/master [5ms]
2024-09-27 15:04:50.240 [info] > git for-each-ref --format=%(refname)%00%(upstream:short)%00%(objectname)%00%(upstream:track)%00%(upstream:remotename)%00%(upstream:remoteref) refs/heads/master refs/remotes/master [5ms]
2024-09-27 15:04:50.244 [info] > git config --get commit.template [4ms]
2024-09-27 15:04:50.247 [info] > git config --local branch.master.vscode-merge-base [4ms]
2024-09-27 15:04:50.251 [info] > git for-each-ref --format=%(refname)%00%(upstream:short)%00%(objectname)%00%(upstream:track)%00%(upstream:remotename)%00%(upstream:remoteref) refs/heads/master refs/remotes/master [4ms]
2024-09-27 15:04:50.253 [warning] [Git][revParse] Unable to read file: ENOENT: no such file or directory, open '/home/jasi/yay-git/.git/refs/remotes/origin/master'
2024-09-27 15:04:50.254 [info] > git for-each-ref --format=%(refname)%00%(upstream:short)%00%(objectname)%00%(upstream:track)%00%(upstream:remotename)%00%(upstream:remoteref) refs/heads/origin/master refs/remotes/origin/master [4ms]
2024-09-27 15:04:50.257 [info] > git rev-parse refs/remotes/origin/master [4ms]
2024-09-27 15:04:50.260 [info] > git merge-base refs/heads/master refs/remotes/origin/master [3ms]
2024-09-27 15:04:50.263 [info] > git status -z -uall [4ms]
2024-09-27 15:04:50.266 [info] > git rev-list --count --left-right refs/heads/master...refs/remotes/origin/master [3ms]
2024-09-27 15:04:50.270 [info] > git for-each-ref --format=%(refname)%00%(upstream:short)%00%(objectname)%00%(upstream:track)%00%(upstream:remotename)%00%(upstream:remoteref) refs/heads/master refs/remotes/master [5ms]
2024-09-27 15:04:50.273 [info] > git diff --name-status -z --diff-filter=ADMR 0e3c34691a2837d814c48bbcd11b755392f1c1a5...refs/remotes/origin/master [4ms]
2024-09-27 15:04:50.273 [info] > git config --local branch.master.vscode-merge-base [1ms]
2024-09-27 15:04:50.276 [info] > git for-each-ref --format=%(refname)%00%(upstream:short)%00%(objectname)%00%(upstream:track)%00%(upstream:remotename)%00%(upstream:remoteref) refs/heads/origin/master refs/remotes/origin/master [0ms]
2024-09-27 15:04:51.435 [info] > git config --get commit.template [10ms]
2024-09-27 15:04:51.436 [info] > git for-each-ref --format=%(refname)%00%(upstream:short)%00%(objectname)%00%(upstream:track)%00%(upstream:remotename)%00%(upstream:remoteref) refs/heads/master refs/remotes/master [2ms]
2024-09-27 15:04:51.443 [warning] [Git][revParse] Unable to read file: ENOENT: no such file or directory, open '/home/jasi/yay-git/.git/refs/remotes/origin/master'
2024-09-27 15:04:51.446 [info] > git rev-parse refs/remotes/origin/master [2ms]
2024-09-27 15:04:51.456 [info] > git status -z -uall [3ms]
2024-09-27 15:04:51.468 [info] > git for-each-ref --format=%(refname)%00%(upstream:short)%00%(objectname)%00%(upstream:track)%00%(upstream:remotename)%00%(upstream:remoteref) refs/heads/master refs/remotes/master [3ms]
2024-09-27 15:04:51.475 [info] > git config --local branch.master.vscode-merge-base [1ms]
2024-09-27 15:04:51.482 [info] > git for-each-ref --format=%(refname)%00%(upstream:short)%00%(objectname)%00%(upstream:track)%00%(upstream:remotename)%00%(upstream:remoteref) refs/heads/origin/master refs/remotes/origin/master [2ms]
2024-09-27 15:04:51.774 [info] > git check-ignore -v -z --stdin [2ms]
2024-09-27 15:04:54.040 [info] > git rev-parse --show-toplevel [1ms]
2024-09-27 15:04:54.040 [info] fatal: not a git repository (or any of the parent directories): .git
2024-09-27 15:05:18.874 [info] > git rev-parse --show-toplevel [1ms]
2024-09-27 15:05:18.874 [info] fatal: not a git repository (or any of the parent directories): .git
2024-09-27 15:05:22.428 [info] > git rev-parse --show-toplevel [1ms]
2024-09-27 15:05:22.428 [info] fatal: not a git repository (or any of the parent directories): .git
2024-09-27 15:05:34.775 [info] > git rev-parse --show-toplevel [1ms]
2024-09-27 15:05:34.775 [info] fatal: not a git repository (or any of the parent directories): .git
2024-09-27 15:05:39.930 [info] > git rev-parse --show-toplevel [1ms]
2024-09-27 15:05:39.930 [info] fatal: not a git repository (or any of the parent directories): .git
2024-09-27 15:05:51.523 [info] > git rev-parse --show-toplevel [1ms]
2024-09-27 15:05:51.523 [info] fatal: not a git repository (or any of the parent directories): .git
2024-09-27 15:05:56.122 [info] > git rev-parse --show-toplevel [1ms]
2024-09-27 15:05:56.122 [info] fatal: not a git repository (or any of the parent directories): .git
2024-09-27 15:06:07.974 [info] > git rev-parse --show-toplevel [1ms]
2024-09-27 15:06:07.974 [info] fatal: not a git repository (or any of the parent directories): .git
2024-09-27 15:06:38.092 [info] > git rev-parse --show-toplevel [1ms]
2024-09-27 15:06:38.092 [info] fatal: not a git repository (or any of the parent directories): .git
2024-09-27 15:06:50.899 [info] > git rev-parse --show-toplevel [1ms]
2024-09-27 15:06:50.899 [info] fatal: not a git repository (or any of the parent directories): .git
2024-09-27 15:07:00.566 [info] > git rev-parse --show-toplevel [1ms]
2024-09-27 15:07:00.566 [info] fatal: not a git repository (or any of the parent directories): .git
2024-09-27 15:07:03.895 [info] > git rev-parse --show-toplevel [1ms]
2024-09-27 15:07:03.895 [info] fatal: not a git repository (or any of the parent directories): .git
2024-09-27 15:07:59.017 [info] > git rev-parse --show-toplevel [1ms]
2024-09-27 15:07:59.017 [info] fatal: not a git repository (or any of the parent directories): .git
2024-09-27 15:22:57.583 [info] > git rev-parse --show-toplevel [1ms]
2024-09-27 15:22:57.583 [info] fatal: not a git repository (or any of the parent directories): .git
2024-09-27 15:23:00.652 [info] > git rev-parse --show-toplevel [1ms]
2024-09-27 15:23:00.652 [info] fatal: not a git repository (or any of the parent directories): .git
2024-09-27 15:23:03.589 [info] > git rev-parse --show-toplevel [1ms]
2024-09-27 15:23:03.589 [info] fatal: not a git repository (or any of the parent directories): .git
2024-09-27 15:23:22.072 [info] > git rev-parse --show-toplevel [1ms]
2024-09-27 15:23:22.072 [info] fatal: not a git repository (or any of the parent directories): .git
2024-09-27 15:23:36.899 [info] > git rev-parse --show-toplevel [1ms]
2024-09-27 15:23:36.899 [info] fatal: not a git repository (or any of the parent directories): .git
2024-09-27 15:23:39.378 [info] > git rev-parse --show-toplevel [1ms]
2024-09-27 15:23:39.378 [info] fatal: not a git repository (or any of the parent directories): .git
2024-09-27 15:23:40.075 [info] > git rev-parse --show-toplevel [1ms]
2024-09-27 15:23:40.075 [info] fatal: not a git repository (or any of the parent directories): .git
2024-09-27 15:23:43.022 [info] > git rev-parse --show-toplevel [0ms]
2024-09-27 15:23:43.022 [info] fatal: not a git repository (or any of the parent directories): .git
2024-09-27 15:23:47.021 [info] > git rev-parse --show-toplevel [1ms]
2024-09-27 15:23:47.022 [info] fatal: not a git repository (or any of the parent directories): .git
2024-09-27 15:24:51.561 [info] > git rev-parse --show-toplevel [2ms]
2024-09-27 15:24:51.568 [info] > git rev-parse --git-dir --git-common-dir [2ms]
2024-09-27 15:24:51.572 [info] [Model][openRepository] Opened repository: /home/jasi/oh-my-posh
2024-09-27 15:24:51.580 [info] > git config --get commit.template [1ms]
2024-09-27 15:24:51.586 [info] > git for-each-ref --format=%(refname)%00%(upstream:short)%00%(objectname)%00%(upstream:track)%00%(upstream:remotename)%00%(upstream:remoteref) refs/heads/main refs/remotes/main [1ms]
2024-09-27 15:24:51.589 [warning] [Git][revParse] Unable to read file: ENOENT: no such file or directory, open '/home/jasi/oh-my-posh/.git/refs/remotes/origin/main'
2024-09-27 15:24:51.590 [info] > git rev-parse refs/remotes/origin/main [1ms]
2024-09-27 15:24:51.661 [info] > git status -z -uall [68ms]
2024-09-27 15:24:51.671 [info] > git for-each-ref --format=%(refname)%00%(upstream:short)%00%(objectname)%00%(upstream:track)%00%(upstream:remotename)%00%(upstream:remoteref) refs/heads/main refs/remotes/main [6ms]
2024-09-27 15:24:51.702 [info] > git config --local branch.main.vscode-merge-base [27ms]
2024-09-27 15:24:51.702 [warning] [Git][config] git config failed: Failed to execute git
2024-09-27 15:24:51.705 [info] > git config --get commit.template [34ms]
2024-09-27 15:24:51.710 [info] > git reflog main --grep-reflog=branch: Created from *. [5ms]
2024-09-27 15:24:51.713 [info] > git for-each-ref --format=%(refname)%00%(upstream:short)%00%(objectname)%00%(upstream:track)%00%(upstream:remotename)%00%(upstream:remoteref) refs/heads/main refs/remotes/main [4ms]
2024-09-27 15:24:51.716 [warning] [Git][revParse] Unable to read file: ENOENT: no such file or directory, open '/home/jasi/oh-my-posh/.git/refs/remotes/origin/main'
2024-09-27 15:24:51.716 [info] > git symbolic-ref --short refs/remotes/origin/HEAD [3ms]
2024-09-27 15:24:51.720 [info] > git rev-parse refs/remotes/origin/main [4ms]
2024-09-27 15:24:51.723 [info] > git for-each-ref --format=%(refname)%00%(upstream:short)%00%(objectname)%00%(upstream:track)%00%(upstream:remotename)%00%(upstream:remoteref) refs/heads/origin/main refs/remotes/origin/main [4ms]
2024-09-27 15:24:51.726 [info] > git config --local branch.main.vscode-merge-base origin/main [1ms]
2024-09-27 15:24:51.731 [info] > git status -z -uall [9ms] (cancelled)
2024-09-27 15:24:51.736 [info] > git config --get commit.template [6ms]
2024-09-27 15:24:51.737 [info] > git for-each-ref --format=%(refname)%00%(upstream:short)%00%(objectname)%00%(upstream:track)%00%(upstream:remotename)%00%(upstream:remoteref) refs/heads/main refs/remotes/main [2ms]
2024-09-27 15:24:51.741 [warning] [Git][revParse] Unable to read file: ENOENT: no such file or directory, open '/home/jasi/oh-my-posh/.git/refs/remotes/origin/main'
2024-09-27 15:24:51.742 [info] > git rev-parse refs/remotes/origin/main [1ms]
2024-09-27 15:24:51.813 [info] > git status -z -uall [68ms]
2024-09-27 15:24:51.820 [info] > git for-each-ref --format=%(refname)%00%(upstream:short)%00%(objectname)%00%(upstream:track)%00%(upstream:remotename)%00%(upstream:remoteref) refs/heads/main refs/remotes/main [4ms]
2024-09-27 15:24:51.823 [info] > git merge-base refs/heads/main refs/remotes/origin/main [4ms]
2024-09-27 15:24:51.826 [info] > git config --local branch.main.vscode-merge-base [4ms]
2024-09-27 15:24:51.829 [info] > git rev-list --count --left-right refs/heads/main...refs/remotes/origin/main [4ms]
2024-09-27 15:24:51.832 [info] > git for-each-ref --format=%(refname)%00%(upstream:short)%00%(objectname)%00%(upstream:track)%00%(upstream:remotename)%00%(upstream:remoteref) refs/heads/origin/main refs/remotes/origin/main [4ms]
2024-09-27 15:24:51.832 [info] > git diff --name-status -z --diff-filter=ADMR a7d73be1e7d4470b2bccf1da0063a7d75c21f483...refs/remotes/origin/main [1ms]
2024-09-27 15:33:37.884 [info] > git rev-parse --show-toplevel [1ms]
2024-09-27 15:33:37.884 [info] fatal: not a git repository (or any of the parent directories): .git
2024-09-27 15:33:48.311 [info] > git rev-parse --show-toplevel [1ms]
2024-09-27 15:33:48.311 [info] fatal: not a git repository (or any of the parent directories): .git
2024-09-27 15:33:56.370 [info] > git check-ignore -v -z --stdin [7ms]
2024-09-27 15:33:56.371 [info] > git check-ignore -v -z --stdin [2ms]
2024-09-27 15:33:57.919 [info] > git rev-parse --show-toplevel [2ms]
2024-09-27 15:33:57.919 [info] fatal: not a git repository (or any of the parent directories): .git
2024-09-27 15:34:00.908 [info] > git check-ignore -v -z --stdin [2ms]
2024-09-27 15:34:01.826 [info] > git rev-parse --show-toplevel [0ms]
2024-09-27 15:34:01.826 [info] fatal: not a git repository (or any of the parent directories): .git
2024-09-27 15:34:16.939 [info] > git rev-parse --show-toplevel [1ms]
2024-09-27 15:34:16.939 [info] fatal: not a git repository (or any of the parent directories): .git
2024-09-27 15:34:17.722 [info] > git rev-parse --show-toplevel [1ms]
2024-09-27 15:34:17.722 [info] fatal: not a git repository (or any of the parent directories): .git
2024-09-27 15:34:33.106 [info] > git rev-parse --show-toplevel [1ms]
2024-09-27 15:34:33.106 [info] fatal: not a git repository (or any of the parent directories): .git
2024-09-27 15:34:33.834 [info] > git rev-parse --show-toplevel [1ms]
2024-09-27 15:34:33.834 [info] fatal: not a git repository (or any of the parent directories): .git
2024-09-27 15:34:51.016 [info] > git rev-parse --show-toplevel [1ms]
2024-09-27 15:34:51.016 [info] fatal: not a git repository (or any of the parent directories): .git
2024-09-27 15:34:52.750 [info] > git rev-parse --show-toplevel [1ms]
2024-09-27 15:34:52.750 [info] fatal: not a git repository (or any of the parent directories): .git
2024-09-27 15:35:24.677 [info] > git check-ignore -v -z --stdin [2ms]
2024-09-27 15:35:49.879 [info] > git rev-parse --show-toplevel [1ms]
2024-09-27 15:35:49.879 [info] fatal: not a git repository (or any of the parent directories): .git
2024-09-27 15:36:01.796 [info] > git rev-parse --show-toplevel [1ms]
2024-09-27 15:36:01.796 [info] fatal: not a git repository (or any of the parent directories): .git
2024-09-27 15:36:18.366 [info] > git rev-parse --show-toplevel [1ms]
2024-09-27 15:36:18.367 [info] fatal: not a git repository (or any of the parent directories): .git
2024-09-27 15:36:29.903 [info] > git rev-parse --show-toplevel [0ms]
2024-09-27 15:36:29.903 [info] fatal: not a git repository (or any of the parent directories): .git
2024-09-27 15:37:31.925 [info] > git rev-parse --show-toplevel [1ms]
2024-09-27 15:37:31.925 [info] fatal: not a git repository (or any of the parent directories): .git
2024-09-27 15:37:36.314 [info] > git rev-parse --show-toplevel [1ms]
2024-09-27 15:37:36.314 [info] fatal: not a git repository (or any of the parent directories): .git
2024-09-27 15:39:12.135 [info] > git rev-parse --show-toplevel [1ms]
2024-09-27 15:39:12.135 [info] fatal: not a git repository (or any of the parent directories): .git
2024-09-27 15:39:56.468 [info] > git rev-parse --show-toplevel [1ms]
2024-09-27 15:39:56.468 [info] fatal: not a git repository (or any of the parent directories): .git
2024-09-27 15:40:02.197 [info] > git rev-parse --show-toplevel [0ms]
2024-09-27 15:40:02.197 [info] fatal: not a git repository (or any of the parent directories): .git
