2024-09-29 02:35:19.022 [info] Reading sessions from keychain...
2024-09-29 02:35:19.022 [info] Getting sessions for all scopes...
2024-09-29 02:35:19.022 [info] Got 0 sessions for ...
2024-09-29 02:35:19.022 [info] Getting sessions for read:user,repo,user:email,workflow...
2024-09-29 02:35:19.022 [info] Got 0 sessions for read:user,repo,user:email,workflow...
2024-09-29 02:41:46.236 [info] Reading sessions from keychain...
2024-09-29 02:41:46.236 [info] Getting sessions for all scopes...
2024-09-29 02:41:46.236 [info] Got 0 sessions for ...
2024-09-29 02:41:46.236 [info] Getting sessions for read:user,repo,user:email,workflow...
2024-09-29 02:41:46.236 [info] Got 0 sessions for read:user,repo,user:email,workflow...
2024-09-29 02:41:48.517 [info] Reading sessions from keychain...
2024-09-29 02:41:48.517 [info] Getting sessions for all scopes...
2024-09-29 02:41:48.517 [info] Got 0 sessions for ...
2024-09-29 02:41:48.517 [info] Getting sessions for read:user,repo,user:email,workflow...
2024-09-29 02:41:48.517 [info] Got 0 sessions for read:user,repo,user:email,workflow...
2024-09-29 02:41:54.572 [info] Reading sessions from keychain...
2024-09-29 02:41:54.572 [info] Getting sessions for all scopes...
2024-09-29 02:41:54.572 [info] Got 0 sessions for ...
2024-09-29 02:41:54.572 [info] Getting sessions for read:user,repo,user:email,workflow...
2024-09-29 02:41:54.572 [info] Got 0 sessions for read:user,repo,user:email,workflow...
2024-09-29 02:42:12.909 [info] Reading sessions from keychain...
2024-09-29 02:42:12.909 [info] Getting sessions for all scopes...
2024-09-29 02:42:12.909 [info] Got 0 sessions for ...
2024-09-29 02:42:12.909 [info] Getting sessions for read:user,repo,user:email,workflow...
2024-09-29 02:42:12.909 [info] Got 0 sessions for read:user,repo,user:email,workflow...
