2024-09-28 06:54:53.548 [info] [main] Log level: Info
2024-09-28 06:54:53.548 [info] [main] Validating found git in: "git"
2024-09-28 06:54:53.548 [info] [main] Using git "2.46.2" from "git"
2024-09-28 06:54:53.548 [info] [Model][doInitialScan] Initial repository scan started
2024-09-28 06:54:53.548 [info] > git rev-parse --show-toplevel [2ms]
2024-09-28 06:54:53.548 [info] > git rev-parse --git-dir --git-common-dir [22ms]
2024-09-28 06:54:53.548 [info] [Model][openRepository] Opened repository: /home/jasi/.config
2024-09-28 06:54:53.548 [info] [Model][doInitialScan] Initial repository scan completed - repositories (1), closed repositories (0), parent repositories (0), unsafe repositories (0)
2024-09-28 06:54:53.557 [info] > git config --get commit.template [2ms]
2024-09-28 06:54:53.563 [info] > git for-each-ref --format=%(refname)%00%(upstream:short)%00%(objectname)%00%(upstream:track)%00%(upstream:remotename)%00%(upstream:remoteref) refs/heads/main refs/remotes/main [2ms]
2024-09-28 06:54:53.587 [info] > git status -z -uall [18ms]
2024-09-28 06:54:53.604 [info] > git for-each-ref --format=%(refname)%00%(upstream:short)%00%(objectname)%00%(upstream:track)%00%(upstream:remotename)%00%(upstream:remoteref) refs/heads/main refs/remotes/main [10ms]
2024-09-28 06:54:53.610 [info] > git config --get commit.template [7ms]
2024-09-28 06:54:53.611 [info] > git config --local branch.main.vscode-merge-base [3ms]
2024-09-28 06:54:53.611 [warning] [Git][config] git config failed: Failed to execute git
2024-09-28 06:54:53.650 [info] > git for-each-ref --format=%(refname)%00%(upstream:short)%00%(objectname)%00%(upstream:track)%00%(upstream:remotename)%00%(upstream:remoteref) refs/heads/main refs/remotes/main [28ms]
2024-09-28 06:54:53.651 [info] > git reflog main --grep-reflog=branch: Created from *. [35ms]
2024-09-28 06:54:53.670 [info] > git symbolic-ref --short refs/remotes/origin/HEAD [15ms]
2024-09-28 06:54:53.670 [info] fatal: ref refs/remotes/origin/HEAD is not a symbolic ref
2024-09-28 06:54:53.676 [info] > git merge-base refs/heads/main refs/remotes/origin/main [1ms]
2024-09-28 06:54:53.689 [info] > git rev-list --count --left-right refs/heads/main...refs/remotes/origin/main [8ms]
2024-09-28 06:54:53.694 [info] > git diff --name-status -z --diff-filter=ADMR b14198345e64cd35e8d3595b084472d1f2748a10...refs/remotes/origin/main [1ms]
2024-09-28 06:54:53.699 [info] > git status -z -uall [15ms]
2024-09-28 06:54:53.705 [info] > git for-each-ref --format=%(refname)%00%(upstream:short)%00%(objectname)%00%(upstream:track)%00%(upstream:remotename)%00%(upstream:remoteref) refs/heads/main refs/remotes/main [2ms]
2024-09-28 06:54:53.711 [info] > git config --local branch.main.vscode-merge-base [2ms]
2024-09-28 06:54:53.711 [warning] [Git][config] git config failed: Failed to execute git
2024-09-28 06:54:53.717 [info] > git reflog main --grep-reflog=branch: Created from *. [2ms]
2024-09-28 06:54:53.721 [info] > git symbolic-ref --short refs/remotes/origin/HEAD [1ms]
2024-09-28 06:54:53.721 [info] fatal: ref refs/remotes/origin/HEAD is not a symbolic ref
2024-09-28 06:54:54.036 [info] > git show --textconv :README.md [7ms]
2024-09-28 06:54:54.039 [info] > git ls-files --stage -- /home/jasi/.config/README.md [3ms]
2024-09-28 06:54:54.046 [info] > git cat-file -s b9f5a650f149c4b9e2778d4ead9a50d65ae8fc6e [2ms]
2024-09-28 06:54:54.075 [info] > git check-ignore -v -z --stdin [2ms]
2024-09-28 06:54:56.321 [info] > git config --get commit.template [8ms]
2024-09-28 06:54:56.322 [info] > git for-each-ref --format=%(refname)%00%(upstream:short)%00%(objectname)%00%(upstream:track)%00%(upstream:remotename)%00%(upstream:remoteref) refs/heads/main refs/remotes/main [1ms]
2024-09-28 06:54:56.350 [info] > git status -z -uall [23ms]
2024-09-28 06:54:56.358 [info] > git for-each-ref --format=%(refname)%00%(upstream:short)%00%(objectname)%00%(upstream:track)%00%(upstream:remotename)%00%(upstream:remoteref) refs/heads/main refs/remotes/main [2ms]
2024-09-28 06:54:56.365 [info] > git config --local branch.main.vscode-merge-base [2ms]
2024-09-28 06:54:56.365 [warning] [Git][config] git config failed: Failed to execute git
2024-09-28 06:54:56.372 [info] > git reflog main --grep-reflog=branch: Created from *. [3ms]
2024-09-28 06:54:56.377 [info] > git symbolic-ref --short refs/remotes/origin/HEAD [1ms]
2024-09-28 06:54:56.377 [info] fatal: ref refs/remotes/origin/HEAD is not a symbolic ref
2024-09-28 06:55:01.984 [info] > git config --get commit.template [10ms]
2024-09-28 06:55:01.985 [info] > git for-each-ref --format=%(refname)%00%(upstream:short)%00%(objectname)%00%(upstream:track)%00%(upstream:remotename)%00%(upstream:remoteref) refs/heads/main refs/remotes/main [2ms]
2024-09-28 06:55:02.028 [info] > git status -z -uall [37ms]
2024-09-28 06:55:02.035 [info] > git for-each-ref --format=%(refname)%00%(upstream:short)%00%(objectname)%00%(upstream:track)%00%(upstream:remotename)%00%(upstream:remoteref) refs/heads/main refs/remotes/main [2ms]
2024-09-28 06:55:02.045 [info] > git config --local branch.main.vscode-merge-base [3ms]
2024-09-28 06:55:02.045 [warning] [Git][config] git config failed: Failed to execute git
2024-09-28 06:55:02.058 [info] > git reflog main --grep-reflog=branch: Created from *. [7ms]
2024-09-28 06:55:02.065 [info] > git symbolic-ref --short refs/remotes/origin/HEAD [1ms]
2024-09-28 06:55:02.065 [info] fatal: ref refs/remotes/origin/HEAD is not a symbolic ref
2024-09-28 06:55:39.884 [info] > git config --get commit.template [9ms]
2024-09-28 06:55:39.892 [info] > git ls-files --stage -- /home/jasi/.config/README.md [9ms]
2024-09-28 06:55:39.899 [info] > git for-each-ref --format=%(refname)%00%(upstream:short)%00%(objectname)%00%(upstream:track)%00%(upstream:remotename)%00%(upstream:remoteref) refs/heads/main refs/remotes/main [8ms]
2024-09-28 06:55:39.906 [info] > git cat-file -s b9f5a650f149c4b9e2778d4ead9a50d65ae8fc6e [8ms]
2024-09-28 06:55:39.913 [info] > git show --textconv :README.md [1ms]
2024-09-28 06:55:39.922 [info] > git status -z -uall [16ms]
2024-09-28 06:55:39.939 [info] > git for-each-ref --format=%(refname)%00%(upstream:short)%00%(objectname)%00%(upstream:track)%00%(upstream:remotename)%00%(upstream:remoteref) refs/heads/main refs/remotes/main [10ms]
2024-09-28 06:55:39.946 [info] > git config --local branch.main.vscode-merge-base [3ms]
2024-09-28 06:55:39.946 [warning] [Git][config] git config failed: Failed to execute git
2024-09-28 06:55:39.951 [info] > git reflog main --grep-reflog=branch: Created from *. [2ms]
2024-09-28 06:55:39.956 [info] > git symbolic-ref --short refs/remotes/origin/HEAD [1ms]
2024-09-28 06:55:39.956 [info] fatal: ref refs/remotes/origin/HEAD is not a symbolic ref
2024-09-28 06:56:14.234 [info] > git ls-files --stage -- /home/jasi/.config/README.md [5ms]
2024-09-28 06:56:14.245 [info] > git config --get commit.template [12ms]
2024-09-28 06:56:14.245 [info] > git cat-file -s b9f5a650f149c4b9e2778d4ead9a50d65ae8fc6e [7ms]
2024-09-28 06:56:14.247 [info] > git for-each-ref --format=%(refname)%00%(upstream:short)%00%(objectname)%00%(upstream:track)%00%(upstream:remotename)%00%(upstream:remoteref) refs/heads/main refs/remotes/main [3ms]
2024-09-28 06:56:14.269 [info] > git status -z -uall [17ms]
2024-09-28 06:56:14.284 [info] > git for-each-ref --format=%(refname)%00%(upstream:short)%00%(objectname)%00%(upstream:track)%00%(upstream:remotename)%00%(upstream:remoteref) refs/heads/main refs/remotes/main [8ms]
2024-09-28 06:56:14.289 [info] > git config --local branch.main.vscode-merge-base [1ms]
2024-09-28 06:56:14.289 [warning] [Git][config] git config failed: Failed to execute git
2024-09-28 06:56:14.296 [info] > git reflog main --grep-reflog=branch: Created from *. [3ms]
2024-09-28 06:56:14.301 [info] > git symbolic-ref --short refs/remotes/origin/HEAD [1ms]
2024-09-28 06:56:14.301 [info] fatal: ref refs/remotes/origin/HEAD is not a symbolic ref
2024-09-28 06:56:14.309 [info] > git merge-base refs/heads/main refs/remotes/origin/main [5ms]
2024-09-28 06:56:14.317 [info] > git show --textconv :README.md [8ms]
2024-09-28 06:56:14.317 [info] > git rev-list --count --left-right refs/heads/main...refs/remotes/origin/main [3ms]
2024-09-28 06:56:14.322 [info] > git diff --name-status -z --diff-filter=ADMR b14198345e64cd35e8d3595b084472d1f2748a10...refs/remotes/origin/main [1ms]
2024-09-28 06:56:34.795 [info] > git config --get commit.template [5ms]
2024-09-28 06:56:34.796 [info] > git for-each-ref --format=%(refname)%00%(upstream:short)%00%(objectname)%00%(upstream:track)%00%(upstream:remotename)%00%(upstream:remoteref) refs/heads/main refs/remotes/main [2ms]
2024-09-28 06:56:34.823 [info] > git status -z -uall [20ms]
2024-09-28 06:56:34.842 [info] > git for-each-ref --format=%(refname)%00%(upstream:short)%00%(objectname)%00%(upstream:track)%00%(upstream:remotename)%00%(upstream:remoteref) refs/heads/main refs/remotes/main [11ms]
2024-09-28 06:56:34.850 [info] > git config --local branch.main.vscode-merge-base [3ms]
2024-09-28 06:56:34.850 [warning] [Git][config] git config failed: Failed to execute git
2024-09-28 06:56:34.858 [info] > git reflog main --grep-reflog=branch: Created from *. [4ms]
2024-09-28 06:56:34.864 [info] > git symbolic-ref --short refs/remotes/origin/HEAD [2ms]
2024-09-28 06:56:34.864 [info] fatal: ref refs/remotes/origin/HEAD is not a symbolic ref
2024-09-28 06:56:36.543 [info] > git check-ignore -v -z --stdin [3ms]
2024-09-28 06:56:37.189 [info] > git log --format=%H%n%aN%n%aE%n%at%n%ct%n%P%n%D%n%B -z --shortstat --diff-merges=first-parent -n50 --skip=0 --topo-order --decorate=full 4a104f7e055185ab24bd3cc941d15a509a7518e8 b14198345e64cd35e8d3595b084472d1f2748a10 [1246ms]
2024-09-28 06:56:37.291 [info] > git add -A -- . [35ms]
2024-09-28 06:56:37.684 [info] > git show --textconv :.git/COMMIT_EDITMSG [5ms]
2024-09-28 06:56:37.685 [info] > git ls-files --stage -- /home/jasi/.config/.git/COMMIT_EDITMSG [2ms]
2024-09-28 06:56:37.996 [info] > git check-ignore -v -z --stdin [2ms]
2024-09-28 06:56:38.491 [info] > git log --format=%H%n%aN%n%aE%n%at%n%ct%n%P%n%D%n%B -z --shortstat --diff-merges=first-parent -n50 --skip=0 --topo-order --decorate=full 4a104f7e055185ab24bd3cc941d15a509a7518e8 b14198345e64cd35e8d3595b084472d1f2748a10 [1284ms]
2024-09-28 06:56:38.606 [info] > git ls-files --stage -- /home/jasi/.config/.git/COMMIT_EDITMSG [2ms]
2024-09-28 06:56:38.615 [info] > git show --textconv :.git/COMMIT_EDITMSG [2ms]
2024-09-28 06:56:57.288 [info] > git ls-files --stage -- /home/jasi/.config/.git/COMMIT_EDITMSG [4ms]
2024-09-28 06:56:57.300 [info] > git show --textconv :.git/COMMIT_EDITMSG [3ms]
2024-09-28 06:57:02.044 [info] > git -c user.useConfigOnly=true commit --quiet [24747ms]
2024-09-28 06:57:02.051 [info] > git config --get commit.template [1ms]
2024-09-28 06:57:02.056 [info] > git for-each-ref --format=%(refname)%00%(upstream:short)%00%(objectname)%00%(upstream:track)%00%(upstream:remotename)%00%(upstream:remoteref) refs/heads/main refs/remotes/main [1ms]
2024-09-28 06:57:02.071 [info] > git status -z -uall [9ms]
2024-09-28 06:57:02.088 [info] > git for-each-ref --format=%(refname)%00%(upstream:short)%00%(objectname)%00%(upstream:track)%00%(upstream:remotename)%00%(upstream:remoteref) refs/heads/main refs/remotes/main [11ms]
2024-09-28 06:57:02.093 [info] > git config --get commit.template [5ms]
2024-09-28 06:57:02.094 [info] > git config --local branch.main.vscode-merge-base [1ms]
2024-09-28 06:57:02.094 [warning] [Git][config] git config failed: Failed to execute git
2024-09-28 06:57:02.103 [info] > git reflog main --grep-reflog=branch: Created from *. [5ms]
2024-09-28 06:57:02.107 [info] > git for-each-ref --format=%(refname)%00%(upstream:short)%00%(objectname)%00%(upstream:track)%00%(upstream:remotename)%00%(upstream:remoteref) refs/heads/main refs/remotes/main [5ms]
2024-09-28 06:57:02.108 [info] > git symbolic-ref --short refs/remotes/origin/HEAD [2ms]
2024-09-28 06:57:02.108 [info] fatal: ref refs/remotes/origin/HEAD is not a symbolic ref
2024-09-28 06:57:02.118 [info] > git merge-base refs/heads/main refs/remotes/origin/main [5ms]
2024-09-28 06:57:02.125 [info] > git rev-list --count --left-right refs/heads/main...refs/remotes/origin/main [1ms]
2024-09-28 06:57:02.131 [info] > git status -z -uall [13ms]
2024-09-28 06:57:02.137 [info] > git diff --name-status -z --diff-filter=ADMR b14198345e64cd35e8d3595b084472d1f2748a10...refs/remotes/origin/main [7ms]
2024-09-28 06:57:02.138 [info] > git for-each-ref --format=%(refname)%00%(upstream:short)%00%(objectname)%00%(upstream:track)%00%(upstream:remotename)%00%(upstream:remoteref) refs/heads/main refs/remotes/main [1ms]
2024-09-28 06:57:02.143 [info] > git config --local branch.main.vscode-merge-base [1ms]
2024-09-28 06:57:02.143 [warning] [Git][config] git config failed: Failed to execute git
2024-09-28 06:57:02.161 [info] > git config --get commit.template [6ms]
2024-09-28 06:57:02.161 [info] > git reflog main --grep-reflog=branch: Created from *. [14ms]
2024-09-28 06:57:02.171 [info] > git symbolic-ref --short refs/remotes/origin/HEAD [5ms]
2024-09-28 06:57:02.171 [info] fatal: ref refs/remotes/origin/HEAD is not a symbolic ref
2024-09-28 06:57:02.171 [info] > git for-each-ref --format=%(refname)%00%(upstream:short)%00%(objectname)%00%(upstream:track)%00%(upstream:remotename)%00%(upstream:remoteref) refs/heads/main refs/remotes/main [1ms]
2024-09-28 06:57:02.190 [info] > git status -z -uall [12ms]
2024-09-28 06:57:02.202 [info] > git for-each-ref --format=%(refname)%00%(upstream:short)%00%(objectname)%00%(upstream:track)%00%(upstream:remotename)%00%(upstream:remoteref) refs/heads/main refs/remotes/main [4ms]
2024-09-28 06:57:02.210 [info] > git config --local branch.main.vscode-merge-base [1ms]
2024-09-28 06:57:02.210 [warning] [Git][config] git config failed: Failed to execute git
2024-09-28 06:57:02.219 [info] > git reflog main --grep-reflog=branch: Created from *. [4ms]
2024-09-28 06:57:02.226 [info] > git symbolic-ref --short refs/remotes/origin/HEAD [2ms]
2024-09-28 06:57:02.226 [info] fatal: ref refs/remotes/origin/HEAD is not a symbolic ref
2024-09-28 06:57:02.506 [info] > git show --textconv :README.md [5ms]
2024-09-28 06:57:02.507 [info] > git ls-files --stage -- /home/jasi/.config/README.md [2ms]
2024-09-28 06:57:02.512 [info] > git cat-file -s b9f5a650f149c4b9e2778d4ead9a50d65ae8fc6e [1ms]
2024-09-28 06:57:02.811 [info] > git check-ignore -v -z --stdin [2ms]
2024-09-28 06:57:03.340 [info] > git ls-files --stage -- /home/jasi/.config/README.md [1ms]
2024-09-28 06:57:03.345 [info] > git cat-file -s b9f5a650f149c4b9e2778d4ead9a50d65ae8fc6e [1ms]
2024-09-28 06:57:03.353 [info] > git show --textconv :README.md [1ms]
2024-09-28 06:57:03.514 [info] > git log --format=%H%n%aN%n%aE%n%at%n%ct%n%P%n%D%n%B -z --shortstat --diff-merges=first-parent -n50 --skip=0 --topo-order --decorate=full e0f6621a1e2a0d50e3919f6e3732ebb3f18fdc0e b14198345e64cd35e8d3595b084472d1f2748a10 [1355ms]
2024-09-28 06:57:07.154 [info] > git config --get commit.template [7ms]
2024-09-28 06:57:07.155 [info] > git for-each-ref --format=%(refname)%00%(upstream:short)%00%(objectname)%00%(upstream:track)%00%(upstream:remotename)%00%(upstream:remoteref) refs/heads/main refs/remotes/main [2ms]
2024-09-28 06:57:07.177 [info] > git status -z -uall [14ms]
2024-09-28 06:57:07.184 [info] > git for-each-ref --format=%(refname)%00%(upstream:short)%00%(objectname)%00%(upstream:track)%00%(upstream:remotename)%00%(upstream:remoteref) refs/heads/main refs/remotes/main [1ms]
2024-09-28 06:57:07.191 [info] > git config --local branch.main.vscode-merge-base [1ms]
2024-09-28 06:57:07.191 [warning] [Git][config] git config failed: Failed to execute git
2024-09-28 06:57:07.202 [info] > git reflog main --grep-reflog=branch: Created from *. [5ms]
2024-09-28 06:57:07.209 [info] > git symbolic-ref --short refs/remotes/origin/HEAD [2ms]
2024-09-28 06:57:07.209 [info] fatal: ref refs/remotes/origin/HEAD is not a symbolic ref
2024-09-28 06:57:55.836 [info] > git config --get commit.template [7ms]
2024-09-28 06:57:55.837 [info] > git for-each-ref --format=%(refname)%00%(upstream:short)%00%(objectname)%00%(upstream:track)%00%(upstream:remotename)%00%(upstream:remoteref) refs/heads/main refs/remotes/main [2ms]
2024-09-28 06:57:55.858 [info] > git status -z -uall [14ms]
2024-09-28 06:57:55.867 [info] > git for-each-ref --format=%(refname)%00%(upstream:short)%00%(objectname)%00%(upstream:track)%00%(upstream:remotename)%00%(upstream:remoteref) refs/heads/main refs/remotes/main [2ms]
2024-09-28 06:57:55.875 [info] > git config --local branch.main.vscode-merge-base [1ms]
2024-09-28 06:57:55.876 [warning] [Git][config] git config failed: Failed to execute git
2024-09-28 06:57:55.887 [info] > git reflog main --grep-reflog=branch: Created from *. [6ms]
2024-09-28 06:57:55.894 [info] > git symbolic-ref --short refs/remotes/origin/HEAD [2ms]
2024-09-28 06:57:55.894 [info] fatal: ref refs/remotes/origin/HEAD is not a symbolic ref
