2024-09-29 02:23:11.641 [info] [main] Log level: Info
2024-09-29 02:23:11.641 [info] [main] Validating found git in: "git"
2024-09-29 02:23:11.641 [info] [main] Using git "2.46.2" from "git"
2024-09-29 02:23:11.641 [info] [Model][doInitialScan] Initial repository scan started
2024-09-29 02:23:11.641 [info] > git rev-parse --show-toplevel [23ms]
2024-09-29 02:23:11.641 [info] fatal: not a git repository (or any of the parent directories): .git
2024-09-29 02:23:11.641 [info] [Model][doInitialScan] Initial repository scan completed - repositories (0), closed repositories (0), parent repositories (0), unsafe repositories (0)
2024-09-29 02:23:13.367 [info] > git rev-parse --show-toplevel [1ms]
2024-09-29 02:23:13.367 [info] fatal: not a git repository (or any of the parent directories): .git
2024-09-29 02:23:16.975 [info] > git rev-parse --show-toplevel [1ms]
2024-09-29 02:23:16.975 [info] fatal: not a git repository (or any of the parent directories): .git
2024-09-29 02:35:07.930 [info] [main] Log level: Info
2024-09-29 02:35:07.930 [info] [main] Validating found git in: "git"
2024-09-29 02:35:07.930 [info] [main] Using git "2.46.2" from "git"
2024-09-29 02:35:07.930 [info] [Model][doInitialScan] Initial repository scan started
2024-09-29 02:35:07.930 [info] > git rev-parse --show-toplevel [19ms]
2024-09-29 02:35:07.930 [info] fatal: not a git repository (or any of the parent directories): .git
2024-09-29 02:35:07.936 [info] > git rev-parse --show-toplevel [2ms]
2024-09-29 02:35:07.936 [info] fatal: not a git repository (or any of the parent directories): .git
2024-09-29 02:35:07.936 [info] [Model][doInitialScan] Initial repository scan completed - repositories (0), closed repositories (0), parent repositories (0), unsafe repositories (0)
2024-09-29 02:35:09.653 [info] > git rev-parse --show-toplevel [1ms]
2024-09-29 02:35:09.653 [info] fatal: not a git repository (or any of the parent directories): .git
