2024-09-28 06:19:53.773 [info] [main] Log level: Info
2024-09-28 06:19:53.773 [info] [main] Validating found git in: "git"
2024-09-28 06:19:53.773 [info] [main] Using git "2.46.2" from "git"
2024-09-28 06:19:53.773 [info] [Model][doInitialScan] Initial repository scan started
2024-09-28 06:19:53.773 [info] > git rev-parse --show-toplevel [22ms]
2024-09-28 06:19:53.773 [info] > git rev-parse --git-dir --git-common-dir [1ms]
2024-09-28 06:19:53.773 [info] [Model][openRepository] Opened repository: /home/jasi/.config
2024-09-28 06:19:53.773 [info] [Model][doInitialScan] Initial repository scan completed - repositories (1), closed repositories (0), parent repositories (0), unsafe repositories (0)
2024-09-28 06:19:53.774 [info] > git config --get commit.template [1ms]
2024-09-28 06:19:53.780 [info] > git for-each-ref --format=%(refname)%00%(upstream:short)%00%(objectname)%00%(upstream:track)%00%(upstream:remotename)%00%(upstream:remoteref) refs/heads/main refs/remotes/main [1ms]
2024-09-28 06:19:53.797 [info] > git status -z -uall [12ms]
2024-09-28 06:19:53.813 [info] > git for-each-ref --format=%(refname)%00%(upstream:short)%00%(objectname)%00%(upstream:track)%00%(upstream:remotename)%00%(upstream:remoteref) refs/heads/main refs/remotes/main [11ms]
2024-09-28 06:19:53.821 [info] > git config --local branch.main.vscode-merge-base [2ms]
2024-09-28 06:19:53.821 [warning] [Git][config] git config failed: Failed to execute git
2024-09-28 06:19:53.825 [info] > git config --get commit.template [12ms]
2024-09-28 06:19:53.853 [info] > git reflog main --grep-reflog=branch: Created from *. [28ms]
2024-09-28 06:19:53.864 [info] > git symbolic-ref --short refs/remotes/origin/HEAD [6ms]
2024-09-28 06:19:53.864 [info] fatal: ref refs/remotes/origin/HEAD is not a symbolic ref
2024-09-28 06:19:53.883 [info] > git merge-base refs/heads/main refs/remotes/origin/main [14ms]
2024-09-28 06:19:53.889 [info] > git for-each-ref --format=%(refname)%00%(upstream:short)%00%(objectname)%00%(upstream:track)%00%(upstream:remotename)%00%(upstream:remoteref) refs/heads/main refs/remotes/main [26ms]
2024-09-28 06:19:53.892 [info] > git rev-list --count --left-right refs/heads/main...refs/remotes/origin/main [3ms]
2024-09-28 06:19:53.903 [info] > git diff --name-status -z --diff-filter=ADMR d794d5ff440e446fc6c49077a1479975bc9a215d...refs/remotes/origin/main [7ms]
2024-09-28 06:19:53.915 [info] > git status -z -uall [13ms]
2024-09-28 06:19:53.924 [info] > git for-each-ref --format=%(refname)%00%(upstream:short)%00%(objectname)%00%(upstream:track)%00%(upstream:remotename)%00%(upstream:remoteref) refs/heads/main refs/remotes/main [2ms]
2024-09-28 06:19:53.929 [info] > git config --local branch.main.vscode-merge-base [1ms]
2024-09-28 06:19:53.929 [warning] [Git][config] git config failed: Failed to execute git
2024-09-28 06:19:53.936 [info] > git reflog main --grep-reflog=branch: Created from *. [3ms]
2024-09-28 06:19:53.940 [info] > git symbolic-ref --short refs/remotes/origin/HEAD [1ms]
2024-09-28 06:19:53.940 [info] fatal: ref refs/remotes/origin/HEAD is not a symbolic ref
2024-09-28 06:19:54.242 [info] > git show --textconv :READ.md [7ms]
2024-09-28 06:19:54.244 [info] > git ls-files --stage -- /home/jasi/.config/READ.md [3ms]
2024-09-28 06:19:54.253 [info] > git cat-file -s 2dd03a1916d1841fd90410cfd220290f0140219e [2ms]
2024-09-28 06:19:54.286 [info] > git check-ignore -v -z --stdin [3ms]
2024-09-28 06:19:56.571 [info] > git config --get commit.template [7ms]
2024-09-28 06:19:56.572 [info] > git for-each-ref --format=%(refname)%00%(upstream:short)%00%(objectname)%00%(upstream:track)%00%(upstream:remotename)%00%(upstream:remoteref) refs/heads/main refs/remotes/main [2ms]
2024-09-28 06:19:56.593 [info] > git status -z -uall [14ms]
2024-09-28 06:19:56.601 [info] > git for-each-ref --format=%(refname)%00%(upstream:short)%00%(objectname)%00%(upstream:track)%00%(upstream:remotename)%00%(upstream:remoteref) refs/heads/main refs/remotes/main [4ms]
2024-09-28 06:19:56.606 [info] > git config --local branch.main.vscode-merge-base [1ms]
2024-09-28 06:19:56.606 [warning] [Git][config] git config failed: Failed to execute git
2024-09-28 06:19:56.613 [info] > git reflog main --grep-reflog=branch: Created from *. [3ms]
2024-09-28 06:19:56.617 [info] > git symbolic-ref --short refs/remotes/origin/HEAD [1ms]
2024-09-28 06:19:56.617 [info] fatal: ref refs/remotes/origin/HEAD is not a symbolic ref
2024-09-28 06:20:01.614 [info] > git config --get commit.template [5ms]
2024-09-28 06:20:01.616 [info] > git for-each-ref --format=%(refname)%00%(upstream:short)%00%(objectname)%00%(upstream:track)%00%(upstream:remotename)%00%(upstream:remoteref) refs/heads/main refs/remotes/main [3ms]
2024-09-28 06:20:01.646 [info] > git status -z -uall [23ms]
2024-09-28 06:20:01.657 [info] > git for-each-ref --format=%(refname)%00%(upstream:short)%00%(objectname)%00%(upstream:track)%00%(upstream:remotename)%00%(upstream:remoteref) refs/heads/main refs/remotes/main [2ms]
2024-09-28 06:20:01.666 [info] > git config --local branch.main.vscode-merge-base [1ms]
2024-09-28 06:20:01.666 [warning] [Git][config] git config failed: Failed to execute git
2024-09-28 06:20:01.677 [info] > git reflog main --grep-reflog=branch: Created from *. [6ms]
2024-09-28 06:20:01.684 [info] > git symbolic-ref --short refs/remotes/origin/HEAD [2ms]
2024-09-28 06:20:01.684 [info] fatal: ref refs/remotes/origin/HEAD is not a symbolic ref
2024-09-28 06:20:23.477 [info] > git config --get commit.template [9ms]
2024-09-28 06:20:23.478 [info] > git for-each-ref --format=%(refname)%00%(upstream:short)%00%(objectname)%00%(upstream:track)%00%(upstream:remotename)%00%(upstream:remoteref) refs/heads/main refs/remotes/main [2ms]
2024-09-28 06:20:23.511 [info] > git status -z -uall [24ms]
2024-09-28 06:20:23.521 [info] > git for-each-ref --format=%(refname)%00%(upstream:short)%00%(objectname)%00%(upstream:track)%00%(upstream:remotename)%00%(upstream:remoteref) refs/heads/main refs/remotes/main [3ms]
2024-09-28 06:20:23.529 [info] > git config --local branch.main.vscode-merge-base [2ms]
2024-09-28 06:20:23.530 [warning] [Git][config] git config failed: Failed to execute git
2024-09-28 06:20:23.541 [info] > git reflog main --grep-reflog=branch: Created from *. [5ms]
2024-09-28 06:20:23.550 [info] > git symbolic-ref --short refs/remotes/origin/HEAD [1ms]
2024-09-28 06:20:23.550 [info] fatal: ref refs/remotes/origin/HEAD is not a symbolic ref
2024-09-28 06:20:28.538 [info] > git config --get commit.template [7ms]
2024-09-28 06:20:28.539 [info] > git for-each-ref --format=%(refname)%00%(upstream:short)%00%(objectname)%00%(upstream:track)%00%(upstream:remotename)%00%(upstream:remoteref) refs/heads/main refs/remotes/main [2ms]
2024-09-28 06:20:28.571 [info] > git status -z -uall [24ms]
2024-09-28 06:20:28.581 [info] > git for-each-ref --format=%(refname)%00%(upstream:short)%00%(objectname)%00%(upstream:track)%00%(upstream:remotename)%00%(upstream:remoteref) refs/heads/main refs/remotes/main [2ms]
2024-09-28 06:20:28.588 [info] > git config --local branch.main.vscode-merge-base [1ms]
2024-09-28 06:20:28.588 [warning] [Git][config] git config failed: Failed to execute git
2024-09-28 06:20:28.594 [info] > git reflog main --grep-reflog=branch: Created from *. [3ms]
2024-09-28 06:20:28.599 [info] > git symbolic-ref --short refs/remotes/origin/HEAD [2ms]
2024-09-28 06:20:28.599 [info] fatal: ref refs/remotes/origin/HEAD is not a symbolic ref
2024-09-28 06:20:33.599 [info] > git config --get commit.template [8ms]
2024-09-28 06:20:33.601 [info] > git for-each-ref --format=%(refname)%00%(upstream:short)%00%(objectname)%00%(upstream:track)%00%(upstream:remotename)%00%(upstream:remoteref) refs/heads/main refs/remotes/main [2ms]
2024-09-28 06:20:33.626 [info] > git status -z -uall [19ms]
2024-09-28 06:20:33.633 [info] > git for-each-ref --format=%(refname)%00%(upstream:short)%00%(objectname)%00%(upstream:track)%00%(upstream:remotename)%00%(upstream:remoteref) refs/heads/main refs/remotes/main [2ms]
2024-09-28 06:20:33.641 [info] > git config --local branch.main.vscode-merge-base [2ms]
2024-09-28 06:20:33.641 [warning] [Git][config] git config failed: Failed to execute git
2024-09-28 06:20:33.650 [info] > git reflog main --grep-reflog=branch: Created from *. [3ms]
2024-09-28 06:20:33.656 [info] > git symbolic-ref --short refs/remotes/origin/HEAD [1ms]
2024-09-28 06:20:33.656 [info] fatal: ref refs/remotes/origin/HEAD is not a symbolic ref
