2024-09-28 06:54:52.840 [info] Extension host with pid 283582 started
2024-09-28 06:54:52.957 [info] ExtensionService#_doActivateExtension vscode.emmet, startup: false, activationEvent: 'onLanguage'
2024-09-28 06:54:52.976 [info] ExtensionService#_doActivateExtension vscode.extension-editing, startup: false, activationEvent: 'onLanguage:markdown'
2024-09-28 06:54:52.988 [info] ExtensionService#_doActivateExtension vscode.markdown-language-features, startup: false, activationEvent: 'onLanguage:markdown'
2024-09-28 06:54:53.291 [info] ExtensionService#_doActivateExtension vscode.git-base, startup: true, activationEvent: '*', root cause: vscode.git
2024-09-28 06:54:53.348 [info] ExtensionService#_doActivateExtension vscode.markdown-math, startup: false, activationEvent: 'api', root cause: vscode.markdown-language-features
2024-09-28 06:54:53.356 [info] ExtensionService#_doActivateExtension vscode.git, startup: true, activationEvent: '*'
2024-09-28 06:54:53.416 [info] ExtensionService#_doActivateExtension vscode.github, startup: true, activationEvent: '*'
2024-09-28 06:54:53.453 [warning] [vscode.markdown-math] Accessing a resource scoped configuration without providing a resource is not expected. To get the effective value for 'markdown.math.macros', provide the URI of a resource or 'null' for any resource.
2024-09-28 06:54:53.480 [warning] [vscode.git] Accessing a resource scoped configuration without providing a resource is not expected. To get the effective value for 'git.openRepositoryInParentFolders', provide the URI of a resource or 'null' for any resource.
2024-09-28 06:54:53.480 [warning] [vscode.git] Accessing a resource scoped configuration without providing a resource is not expected. To get the effective value for 'git.showProgress', provide the URI of a resource or 'null' for any resource.
2024-09-28 06:54:53.490 [info] Eager extensions activated
2024-09-28 06:54:53.512 [info] ExtensionService#_doActivateExtension vscode.debug-auto-launch, startup: false, activationEvent: 'onStartupFinished'
2024-09-28 06:54:53.514 [info] ExtensionService#_doActivateExtension vscode.merge-conflict, startup: false, activationEvent: 'onStartupFinished'
2024-09-28 06:54:53.623 [info] ExtensionService#_doActivateExtension vscode.github-authentication, startup: false, activationEvent: 'onAuthenticationRequest:github'
2024-09-28 06:55:39.937 [warning] [Decorations] CAPPING events from decorations provider vscode.git 373
2024-09-28 06:56:14.283 [warning] [Decorations] CAPPING events from decorations provider vscode.git 373
2024-09-28 06:56:34.840 [warning] [Decorations] CAPPING events from decorations provider vscode.git 372
2024-09-28 06:56:37.249 [warning] [vscode.git] Accessing a window scoped configuration for a resource is not expected. To associate 'git.useEditorAsCommitInput' to a resource, define its scope to 'resource' in configuration contributions in 'package.json'.
2024-09-28 06:56:37.249 [warning] [vscode.git] Accessing a window scoped configuration for a resource is not expected. To associate 'git.useEditorAsCommitInput' to a resource, define its scope to 'resource' in configuration contributions in 'package.json'.
