2024-09-28 06:23:22.010 [info] [main] Log level: Info
2024-09-28 06:23:22.010 [info] [main] Validating found git in: "git"
2024-09-28 06:23:22.010 [info] [main] Using git "2.46.2" from "git"
2024-09-28 06:23:22.010 [info] [Model][doInitialScan] Initial repository scan started
2024-09-28 06:23:22.010 [info] > git rev-parse --show-toplevel [22ms]
2024-09-28 06:23:22.010 [info] > git rev-parse --git-dir --git-common-dir [1ms]
2024-09-28 06:23:22.010 [info] [Model][openRepository] Opened repository: /home/jasi/.config
2024-09-28 06:23:22.010 [info] [Model][doInitialScan] Initial repository scan completed - repositories (1), closed repositories (0), parent repositories (0), unsafe repositories (0)
2024-09-28 06:23:22.017 [info] > git config --get commit.template [1ms]
2024-09-28 06:23:22.024 [info] > git for-each-ref --format=%(refname)%00%(upstream:short)%00%(objectname)%00%(upstream:track)%00%(upstream:remotename)%00%(upstream:remoteref) refs/heads/main refs/remotes/main [1ms]
2024-09-28 06:23:22.043 [info] > git status -z -uall [13ms]
2024-09-28 06:23:22.059 [info] > git for-each-ref --format=%(refname)%00%(upstream:short)%00%(objectname)%00%(upstream:track)%00%(upstream:remotename)%00%(upstream:remoteref) refs/heads/main refs/remotes/main [10ms]
2024-09-28 06:23:22.065 [info] > git config --get commit.template [6ms]
2024-09-28 06:23:22.068 [info] > git config --local branch.main.vscode-merge-base [4ms]
2024-09-28 06:23:22.068 [warning] [Git][config] git config failed: Failed to execute git
2024-09-28 06:23:22.103 [info] > git reflog main --grep-reflog=branch: Created from *. [32ms]
2024-09-28 06:23:22.120 [info] > git symbolic-ref --short refs/remotes/origin/HEAD [13ms]
2024-09-28 06:23:22.120 [info] fatal: ref refs/remotes/origin/HEAD is not a symbolic ref
2024-09-28 06:23:22.125 [info] > git for-each-ref --format=%(refname)%00%(upstream:short)%00%(objectname)%00%(upstream:track)%00%(upstream:remotename)%00%(upstream:remoteref) refs/heads/main refs/remotes/main [26ms]
2024-09-28 06:23:22.127 [info] > git merge-base refs/heads/main refs/remotes/origin/main [2ms]
2024-09-28 06:23:22.136 [info] > git rev-list --count --left-right refs/heads/main...refs/remotes/origin/main [4ms]
2024-09-28 06:23:22.140 [info] > git diff --name-status -z --diff-filter=ADMR d794d5ff440e446fc6c49077a1479975bc9a215d...refs/remotes/origin/main [1ms]
2024-09-28 06:23:22.147 [info] > git status -z -uall [11ms]
2024-09-28 06:23:22.153 [info] > git for-each-ref --format=%(refname)%00%(upstream:short)%00%(objectname)%00%(upstream:track)%00%(upstream:remotename)%00%(upstream:remoteref) refs/heads/main refs/remotes/main [2ms]
2024-09-28 06:23:22.158 [info] > git config --local branch.main.vscode-merge-base [1ms]
2024-09-28 06:23:22.158 [warning] [Git][config] git config failed: Failed to execute git
2024-09-28 06:23:22.165 [info] > git reflog main --grep-reflog=branch: Created from *. [3ms]
2024-09-28 06:23:22.171 [info] > git symbolic-ref --short refs/remotes/origin/HEAD [2ms]
2024-09-28 06:23:22.171 [info] fatal: ref refs/remotes/origin/HEAD is not a symbolic ref
2024-09-28 06:23:22.485 [info] > git show --textconv :READ.md [8ms]
2024-09-28 06:23:22.487 [info] > git ls-files --stage -- /home/jasi/.config/READ.md [3ms]
2024-09-28 06:23:22.494 [info] > git cat-file -s b9f5a650f149c4b9e2778d4ead9a50d65ae8fc6e [2ms]
2024-09-28 06:23:22.530 [info] > git check-ignore -v -z --stdin [2ms]
2024-09-28 06:23:23.078 [info] > git check-ignore -v -z --stdin [5ms]
2024-09-28 06:23:24.799 [info] > git config --get commit.template [7ms]
2024-09-28 06:23:24.800 [info] > git for-each-ref --format=%(refname)%00%(upstream:short)%00%(objectname)%00%(upstream:track)%00%(upstream:remotename)%00%(upstream:remoteref) refs/heads/main refs/remotes/main [2ms]
2024-09-28 06:23:24.827 [info] > git status -z -uall [19ms]
2024-09-28 06:23:24.834 [info] > git for-each-ref --format=%(refname)%00%(upstream:short)%00%(objectname)%00%(upstream:track)%00%(upstream:remotename)%00%(upstream:remoteref) refs/heads/main refs/remotes/main [2ms]
2024-09-28 06:23:24.842 [info] > git config --local branch.main.vscode-merge-base [1ms]
2024-09-28 06:23:24.842 [warning] [Git][config] git config failed: Failed to execute git
2024-09-28 06:23:24.851 [info] > git reflog main --grep-reflog=branch: Created from *. [4ms]
2024-09-28 06:23:24.858 [info] > git symbolic-ref --short refs/remotes/origin/HEAD [1ms]
2024-09-28 06:23:24.858 [info] fatal: ref refs/remotes/origin/HEAD is not a symbolic ref
2024-09-28 06:24:47.044 [info] [main] Log level: Info
2024-09-28 06:24:47.044 [info] [main] Validating found git in: "git"
2024-09-28 06:24:47.044 [info] [main] Using git "2.46.2" from "git"
2024-09-28 06:24:47.044 [info] [Model][doInitialScan] Initial repository scan started
2024-09-28 06:24:47.047 [info] > git rev-parse --show-toplevel [18ms]
2024-09-28 06:24:47.053 [info] > git rev-parse --git-dir --git-common-dir [1ms]
2024-09-28 06:24:47.059 [info] [Model][openRepository] Opened repository: /home/jasi/.config
2024-09-28 06:24:47.061 [info] [Model][doInitialScan] Initial repository scan completed - repositories (1), closed repositories (0), parent repositories (0), unsafe repositories (0)
2024-09-28 06:24:47.071 [info] > git config --get commit.template [4ms]
2024-09-28 06:24:47.072 [info] > git for-each-ref --format=%(refname)%00%(upstream:short)%00%(objectname)%00%(upstream:track)%00%(upstream:remotename)%00%(upstream:remoteref) refs/heads/main refs/remotes/main [1ms]
2024-09-28 06:24:47.091 [info] > git status -z -uall [15ms]
2024-09-28 06:24:47.105 [info] > git for-each-ref --format=%(refname)%00%(upstream:short)%00%(objectname)%00%(upstream:track)%00%(upstream:remotename)%00%(upstream:remoteref) refs/heads/main refs/remotes/main [10ms]
2024-09-28 06:24:47.110 [info] > git config --get commit.template [5ms]
2024-09-28 06:24:47.132 [info] > git config --local branch.main.vscode-merge-base [24ms]
2024-09-28 06:24:47.132 [warning] [Git][config] git config failed: Failed to execute git
2024-09-28 06:24:47.142 [info] > git reflog main --grep-reflog=branch: Created from *. [6ms]
2024-09-28 06:24:47.146 [info] > git for-each-ref --format=%(refname)%00%(upstream:short)%00%(objectname)%00%(upstream:track)%00%(upstream:remotename)%00%(upstream:remoteref) refs/heads/main refs/remotes/main [5ms]
2024-09-28 06:24:47.146 [info] > git symbolic-ref --short refs/remotes/origin/HEAD [1ms]
2024-09-28 06:24:47.146 [info] fatal: ref refs/remotes/origin/HEAD is not a symbolic ref
2024-09-28 06:24:47.151 [info] > git merge-base refs/heads/main refs/remotes/origin/main [1ms]
2024-09-28 06:24:47.170 [info] > git rev-list --count --left-right refs/heads/main...refs/remotes/origin/main [16ms]
2024-09-28 06:24:47.176 [info] > git diff --name-status -z --diff-filter=ADMR d794d5ff440e446fc6c49077a1479975bc9a215d...refs/remotes/origin/main [2ms]
2024-09-28 06:24:47.181 [info] > git status -z -uall [11ms]
2024-09-28 06:24:47.187 [info] > git for-each-ref --format=%(refname)%00%(upstream:short)%00%(objectname)%00%(upstream:track)%00%(upstream:remotename)%00%(upstream:remoteref) refs/heads/main refs/remotes/main [2ms]
2024-09-28 06:24:47.192 [info] > git config --local branch.main.vscode-merge-base [1ms]
2024-09-28 06:24:47.192 [warning] [Git][config] git config failed: Failed to execute git
2024-09-28 06:24:47.198 [info] > git reflog main --grep-reflog=branch: Created from *. [2ms]
2024-09-28 06:24:47.201 [info] > git symbolic-ref --short refs/remotes/origin/HEAD [1ms]
2024-09-28 06:24:47.201 [info] fatal: ref refs/remotes/origin/HEAD is not a symbolic ref
2024-09-28 06:24:47.574 [info] > git check-ignore -v -z --stdin [3ms]
2024-09-28 06:25:00.768 [info] > git show --textconv :READ.md [5ms]
2024-09-28 06:25:00.769 [info] > git ls-files --stage -- /home/jasi/.config/READ.md [2ms]
2024-09-28 06:25:00.775 [info] > git cat-file -s b9f5a650f149c4b9e2778d4ead9a50d65ae8fc6e [1ms]
2024-09-28 06:25:02.516 [info] > git config --get commit.template [6ms]
2024-09-28 06:25:02.517 [info] > git for-each-ref --format=%(refname)%00%(upstream:short)%00%(objectname)%00%(upstream:track)%00%(upstream:remotename)%00%(upstream:remoteref) refs/heads/main refs/remotes/main [2ms]
2024-09-28 06:25:02.535 [info] > git status -z -uall [12ms]
2024-09-28 06:25:02.542 [info] > git for-each-ref --format=%(refname)%00%(upstream:short)%00%(objectname)%00%(upstream:track)%00%(upstream:remotename)%00%(upstream:remoteref) refs/heads/main refs/remotes/main [1ms]
2024-09-28 06:25:02.548 [info] > git config --local branch.main.vscode-merge-base [1ms]
2024-09-28 06:25:02.548 [warning] [Git][config] git config failed: Failed to execute git
2024-09-28 06:25:02.556 [info] > git reflog main --grep-reflog=branch: Created from *. [3ms]
2024-09-28 06:25:02.562 [info] > git symbolic-ref --short refs/remotes/origin/HEAD [1ms]
2024-09-28 06:25:02.562 [info] fatal: ref refs/remotes/origin/HEAD is not a symbolic ref
2024-09-28 06:25:07.558 [info] > git config --get commit.template [7ms]
2024-09-28 06:25:07.560 [info] > git for-each-ref --format=%(refname)%00%(upstream:short)%00%(objectname)%00%(upstream:track)%00%(upstream:remotename)%00%(upstream:remoteref) refs/heads/main refs/remotes/main [2ms]
2024-09-28 06:25:07.587 [info] > git status -z -uall [21ms]
2024-09-28 06:25:07.596 [info] > git for-each-ref --format=%(refname)%00%(upstream:short)%00%(objectname)%00%(upstream:track)%00%(upstream:remotename)%00%(upstream:remoteref) refs/heads/main refs/remotes/main [2ms]
2024-09-28 06:25:07.605 [info] > git config --local branch.main.vscode-merge-base [2ms]
2024-09-28 06:25:07.605 [warning] [Git][config] git config failed: Failed to execute git
2024-09-28 06:25:07.616 [info] > git reflog main --grep-reflog=branch: Created from *. [5ms]
2024-09-28 06:25:07.623 [info] > git symbolic-ref --short refs/remotes/origin/HEAD [2ms]
2024-09-28 06:25:07.623 [info] fatal: ref refs/remotes/origin/HEAD is not a symbolic ref
2024-09-28 06:25:16.604 [info] > git config --get commit.template [9ms]
2024-09-28 06:25:16.605 [info] > git for-each-ref --format=%(refname)%00%(upstream:short)%00%(objectname)%00%(upstream:track)%00%(upstream:remotename)%00%(upstream:remoteref) refs/heads/main refs/remotes/main [1ms]
2024-09-28 06:25:16.628 [info] > git status -z -uall [17ms]
2024-09-28 06:25:16.636 [info] > git for-each-ref --format=%(refname)%00%(upstream:short)%00%(objectname)%00%(upstream:track)%00%(upstream:remotename)%00%(upstream:remoteref) refs/heads/main refs/remotes/main [2ms]
2024-09-28 06:25:16.641 [info] > git config --local branch.main.vscode-merge-base [2ms]
2024-09-28 06:25:16.641 [warning] [Git][config] git config failed: Failed to execute git
2024-09-28 06:25:16.647 [info] > git reflog main --grep-reflog=branch: Created from *. [3ms]
2024-09-28 06:25:16.650 [info] > git symbolic-ref --short refs/remotes/origin/HEAD [0ms]
2024-09-28 06:25:16.650 [info] fatal: ref refs/remotes/origin/HEAD is not a symbolic ref
2024-09-28 06:25:21.656 [info] > git config --get commit.template [8ms]
2024-09-28 06:25:21.658 [info] > git for-each-ref --format=%(refname)%00%(upstream:short)%00%(objectname)%00%(upstream:track)%00%(upstream:remotename)%00%(upstream:remoteref) refs/heads/main refs/remotes/main [3ms]
2024-09-28 06:25:21.690 [info] > git status -z -uall [25ms]
2024-09-28 06:25:21.701 [info] > git for-each-ref --format=%(refname)%00%(upstream:short)%00%(objectname)%00%(upstream:track)%00%(upstream:remotename)%00%(upstream:remoteref) refs/heads/main refs/remotes/main [3ms]
2024-09-28 06:25:21.712 [info] > git config --local branch.main.vscode-merge-base [3ms]
2024-09-28 06:25:21.712 [warning] [Git][config] git config failed: Failed to execute git
2024-09-28 06:25:21.728 [info] > git reflog main --grep-reflog=branch: Created from *. [7ms]
2024-09-28 06:25:21.740 [info] > git symbolic-ref --short refs/remotes/origin/HEAD [3ms]
2024-09-28 06:25:21.740 [info] fatal: ref refs/remotes/origin/HEAD is not a symbolic ref
2024-09-28 06:25:24.101 [info] > git check-ignore -v -z --stdin [2ms]
2024-09-28 06:25:24.790 [info] > git log --format=%H%n%aN%n%aE%n%at%n%ct%n%P%n%D%n%B -z --shortstat --diff-merges=first-parent -n50 --skip=0 --topo-order --decorate=full d794d5ff440e446fc6c49077a1479975bc9a215d [1265ms]
2024-09-28 06:25:26.091 [info] > git log --format=%H%n%aN%n%aE%n%at%n%ct%n%P%n%D%n%B -z --shortstat --diff-merges=first-parent -n50 --skip=0 --topo-order --decorate=full d794d5ff440e446fc6c49077a1479975bc9a215d [1283ms]
2024-09-28 06:25:26.198 [info] > git show --textconv HEAD:READ.md [12ms]
2024-09-28 06:25:26.198 [info] > git show --textconv :READ.md [9ms]
2024-09-28 06:25:26.199 [info] > git ls-tree -l HEAD -- /home/jasi/.config/READ.md [5ms]
2024-09-28 06:25:26.200 [info] > git ls-files --stage -- /home/jasi/.config/READ.md [3ms]
2024-09-28 06:25:26.205 [info] > git cat-file -s b9f5a650f149c4b9e2778d4ead9a50d65ae8fc6e [1ms]
2024-09-28 06:25:26.718 [info] > git check-ignore -v -z --stdin [12ms]
2024-09-28 06:25:26.720 [info] > git config --get commit.template [2ms]
2024-09-28 06:25:26.729 [info] > git for-each-ref --format=%(refname)%00%(upstream:short)%00%(objectname)%00%(upstream:track)%00%(upstream:remotename)%00%(upstream:remoteref) refs/heads/main refs/remotes/main [3ms]
2024-09-28 06:25:26.767 [info] > git status -z -uall [29ms]
2024-09-28 06:25:26.775 [info] > git for-each-ref --format=%(refname)%00%(upstream:short)%00%(objectname)%00%(upstream:track)%00%(upstream:remotename)%00%(upstream:remoteref) refs/heads/main refs/remotes/main [3ms]
2024-09-28 06:25:26.783 [info] > git config --local branch.main.vscode-merge-base [2ms]
2024-09-28 06:25:26.783 [warning] [Git][config] git config failed: Failed to execute git
2024-09-28 06:25:26.791 [info] > git reflog main --grep-reflog=branch: Created from *. [4ms]
2024-09-28 06:25:26.797 [info] > git symbolic-ref --short refs/remotes/origin/HEAD [2ms]
2024-09-28 06:25:26.797 [info] fatal: ref refs/remotes/origin/HEAD is not a symbolic ref
2024-09-28 06:25:31.795 [info] > git config --get commit.template [7ms]
2024-09-28 06:25:31.797 [info] > git for-each-ref --format=%(refname)%00%(upstream:short)%00%(objectname)%00%(upstream:track)%00%(upstream:remotename)%00%(upstream:remoteref) refs/heads/main refs/remotes/main [3ms]
2024-09-28 06:25:31.826 [info] > git status -z -uall [22ms]
2024-09-28 06:25:31.833 [info] > git for-each-ref --format=%(refname)%00%(upstream:short)%00%(objectname)%00%(upstream:track)%00%(upstream:remotename)%00%(upstream:remoteref) refs/heads/main refs/remotes/main [2ms]
2024-09-28 06:25:31.839 [info] > git config --local branch.main.vscode-merge-base [1ms]
2024-09-28 06:25:31.839 [warning] [Git][config] git config failed: Failed to execute git
2024-09-28 06:25:31.845 [info] > git reflog main --grep-reflog=branch: Created from *. [2ms]
2024-09-28 06:25:31.850 [info] > git symbolic-ref --short refs/remotes/origin/HEAD [1ms]
2024-09-28 06:25:31.850 [info] fatal: ref refs/remotes/origin/HEAD is not a symbolic ref
2024-09-28 06:25:34.724 [info] > git show --textconv :.git/COMMIT_EDITMSG [11ms]
2024-09-28 06:25:34.727 [info] > git ls-files --stage -- /home/jasi/.config/.git/COMMIT_EDITMSG [4ms]
2024-09-28 06:25:35.024 [info] > git check-ignore -v -z --stdin [4ms]
2024-09-28 06:25:35.662 [info] > git ls-files --stage -- /home/jasi/.config/READ.md [9ms]
2024-09-28 06:25:35.669 [info] > git ls-tree -l HEAD -- /home/jasi/.config/READ.md [26ms]
2024-09-28 06:25:35.671 [info] > git ls-files --stage -- /home/jasi/.config/.git/COMMIT_EDITMSG [10ms]
2024-09-28 06:25:35.677 [info] > git cat-file -s b9f5a650f149c4b9e2778d4ead9a50d65ae8fc6e [8ms]
2024-09-28 06:25:35.682 [info] > git show --textconv HEAD:READ.md [6ms]
2024-09-28 06:25:35.689 [info] > git show --textconv :.git/COMMIT_EDITMSG [7ms]
2024-09-28 06:25:35.691 [info] > git show --textconv :READ.md [3ms]
2024-09-28 06:25:50.951 [info] > git ls-files --stage -- /home/jasi/.config/READ.md [8ms]
2024-09-28 06:25:50.957 [info] > git ls-tree -l HEAD -- /home/jasi/.config/READ.md [20ms]
2024-09-28 06:25:50.958 [info] > git cat-file -s b9f5a650f149c4b9e2778d4ead9a50d65ae8fc6e [1ms]
2024-09-28 06:25:50.958 [info] > git ls-files --stage -- /home/jasi/.config/.git/COMMIT_EDITMSG [9ms]
2024-09-28 06:25:50.977 [info] > git show --textconv HEAD:READ.md [9ms]
2024-09-28 06:25:50.978 [info] > git show --textconv :READ.md [5ms]
2024-09-28 06:25:50.978 [info] > git show --textconv :.git/COMMIT_EDITMSG [1ms]
2024-09-28 06:25:52.209 [info] > git ls-tree -l HEAD -- /home/jasi/.config/READ.md [6ms]
2024-09-28 06:25:52.210 [info] > git ls-files --stage -- /home/jasi/.config/READ.md [2ms]
2024-09-28 06:25:52.216 [info] > git cat-file -s b9f5a650f149c4b9e2778d4ead9a50d65ae8fc6e [2ms]
2024-09-28 06:25:56.429 [info] > git check-ignore -v -z --stdin [2ms]
2024-09-28 06:25:56.922 [info] > git diff-tree -r --name-status -z --diff-filter=ADMR 166a480cbaa927b0934d925c3a4adc19738b171d d794d5ff440e446fc6c49077a1479975bc9a215d [4ms]
2024-09-28 06:25:56.963 [info] > git show --textconv 166a480cbaa927b0934d925c3a4adc19738b171d:READ.md [14ms]
2024-09-28 06:25:56.964 [info] > git show --textconv d794d5ff440e446fc6c49077a1479975bc9a215d:READ.md [10ms]
2024-09-28 06:25:56.964 [info] > git ls-tree -l 166a480cbaa927b0934d925c3a4adc19738b171d -- /home/jasi/.config/READ.md [6ms]
2024-09-28 06:25:56.965 [info] > git ls-tree -l d794d5ff440e446fc6c49077a1479975bc9a215d -- /home/jasi/.config/READ.md [3ms]
2024-09-28 06:25:57.475 [info] > git check-ignore -v -z --stdin [3ms]
2024-09-28 06:25:58.298 [info] > git hash-object -t tree /dev/null [3ms]
2024-09-28 06:25:58.313 [info] > git diff-tree -r --name-status -z --diff-filter=ADMR 4b825dc642cb6eb9a060e54bf8d69288fbee4904 d6ac77bdbb384353fa1a03a55588bc219543f235 [5ms]
2024-09-28 06:25:59.361 [info] > git show --textconv 4b825dc642cb6eb9a060e54bf8d69288fbee4904:hypr/conf/animation.conf [992ms]
2024-09-28 06:25:59.361 [info] > git show --textconv d6ac77bdbb384353fa1a03a55588bc219543f235:hypr/conf/animation.conf [986ms]
2024-09-28 06:25:59.361 [info] > git show --textconv 4b825dc642cb6eb9a060e54bf8d69288fbee4904:hypr/conf/animations/animations-classic.conf [982ms]
2024-09-28 06:25:59.361 [info] > git show --textconv d6ac77bdbb384353fa1a03a55588bc219543f235:hypr/conf/animations/animations-classic.conf [977ms]
2024-09-28 06:25:59.361 [info] > git show --textconv 4b825dc642cb6eb9a060e54bf8d69288fbee4904:hypr/conf/animations/animations-dynamic.conf [971ms]
2024-09-28 06:25:59.361 [info] > git show --textconv d6ac77bdbb384353fa1a03a55588bc219543f235:hypr/conf/animations/animations-dynamic.conf [966ms]
2024-09-28 06:25:59.361 [info] > git show --textconv 4b825dc642cb6eb9a060e54bf8d69288fbee4904:hypr/conf/animations/animations-fast.conf [961ms]
2024-09-28 06:25:59.361 [info] > git show --textconv d6ac77bdbb384353fa1a03a55588bc219543f235:hypr/conf/animations/animations-fast.conf [955ms]
2024-09-28 06:25:59.361 [info] > git show --textconv 4b825dc642cb6eb9a060e54bf8d69288fbee4904:hypr/conf/animations/animations-high.conf [951ms]
2024-09-28 06:25:59.361 [info] > git show --textconv d6ac77bdbb384353fa1a03a55588bc219543f235:hypr/conf/animations/animations-high.conf [946ms]
2024-09-28 06:25:59.361 [info] > git show --textconv 4b825dc642cb6eb9a060e54bf8d69288fbee4904:hypr/conf/animations/animations-moving.conf [942ms]
2024-09-28 06:25:59.361 [info] > git show --textconv d6ac77bdbb384353fa1a03a55588bc219543f235:hypr/conf/animations/animations-moving.conf [938ms]
2024-09-28 06:25:59.361 [info] > git show --textconv 4b825dc642cb6eb9a060e54bf8d69288fbee4904:hypr/conf/animations/default.conf [934ms]
2024-09-28 06:25:59.361 [info] > git show --textconv d6ac77bdbb384353fa1a03a55588bc219543f235:hypr/conf/animations/default.conf [931ms]
2024-09-28 06:25:59.361 [info] > git show --textconv 4b825dc642cb6eb9a060e54bf8d69288fbee4904:hypr/conf/animations/disabled.conf [928ms]
2024-09-28 06:25:59.361 [info] > git show --textconv d6ac77bdbb384353fa1a03a55588bc219543f235:hypr/conf/animations/disabled.conf [925ms]
2024-09-28 06:25:59.361 [info] > git show --textconv 4b825dc642cb6eb9a060e54bf8d69288fbee4904:hypr/conf/animations/standard.conf [921ms]
2024-09-28 06:25:59.361 [info] > git show --textconv d6ac77bdbb384353fa1a03a55588bc219543f235:hypr/conf/animations/standard.conf [917ms]
2024-09-28 06:25:59.361 [info] > git show --textconv 4b825dc642cb6eb9a060e54bf8d69288fbee4904:hypr/conf/autostart.conf [913ms]
2024-09-28 06:25:59.361 [info] > git show --textconv d6ac77bdbb384353fa1a03a55588bc219543f235:hypr/conf/autostart.conf [909ms]
2024-09-28 06:25:59.361 [info] > git show --textconv 4b825dc642cb6eb9a060e54bf8d69288fbee4904:hypr/conf/cursor.conf [905ms]
2024-09-28 06:25:59.361 [info] > git show --textconv d6ac77bdbb384353fa1a03a55588bc219543f235:hypr/conf/cursor.conf [902ms]
2024-09-28 06:25:59.361 [info] > git show --textconv 4b825dc642cb6eb9a060e54bf8d69288fbee4904:hypr/conf/custom.conf [898ms]
2024-09-28 06:25:59.361 [info] > git show --textconv d6ac77bdbb384353fa1a03a55588bc219543f235:hypr/conf/custom.conf [894ms]
2024-09-28 06:25:59.361 [info] > git show --textconv 4b825dc642cb6eb9a060e54bf8d69288fbee4904:hypr/conf/decoration.conf [891ms]
2024-09-28 06:25:59.361 [info] > git show --textconv d6ac77bdbb384353fa1a03a55588bc219543f235:hypr/conf/decoration.conf [887ms]
2024-09-28 06:25:59.361 [info] > git show --textconv 4b825dc642cb6eb9a060e54bf8d69288fbee4904:hypr/conf/decorations/default.conf [883ms]
2024-09-28 06:25:59.361 [info] > git show --textconv d6ac77bdbb384353fa1a03a55588bc219543f235:hypr/conf/decorations/default.conf [878ms]
2024-09-28 06:25:59.361 [info] > git show --textconv 4b825dc642cb6eb9a060e54bf8d69288fbee4904:hypr/conf/decorations/no-rounding-more-blur.conf [875ms]
2024-09-28 06:25:59.361 [info] > git show --textconv d6ac77bdbb384353fa1a03a55588bc219543f235:hypr/conf/decorations/no-rounding-more-blur.conf [870ms]
2024-09-28 06:25:59.361 [info] > git show --textconv 4b825dc642cb6eb9a060e54bf8d69288fbee4904:hypr/conf/decorations/no-rounding.conf [866ms]
2024-09-28 06:25:59.361 [info] > git show --textconv d6ac77bdbb384353fa1a03a55588bc219543f235:hypr/conf/decorations/no-rounding.conf [862ms]
2024-09-28 06:25:59.362 [info] > git show --textconv 4b825dc642cb6eb9a060e54bf8d69288fbee4904:hypr/conf/decorations/rounding-all-blur-no-shadows.conf [858ms]
2024-09-28 06:25:59.362 [info] > git show --textconv d6ac77bdbb384353fa1a03a55588bc219543f235:hypr/conf/decorations/rounding-all-blur-no-shadows.conf [855ms]
2024-09-28 06:25:59.362 [info] > git show --textconv 4b825dc642cb6eb9a060e54bf8d69288fbee4904:hypr/conf/decorations/rounding-all-blur.conf [851ms]
2024-09-28 06:25:59.362 [info] > git show --textconv d6ac77bdbb384353fa1a03a55588bc219543f235:hypr/conf/decorations/rounding-all-blur.conf [847ms]
2024-09-28 06:25:59.362 [info] > git show --textconv 4b825dc642cb6eb9a060e54bf8d69288fbee4904:hypr/conf/decorations/rounding-more-blur.conf [844ms]
2024-09-28 06:25:59.362 [info] > git show --textconv d6ac77bdbb384353fa1a03a55588bc219543f235:hypr/conf/decorations/rounding-more-blur.conf [841ms]
2024-09-28 06:25:59.362 [info] > git show --textconv 4b825dc642cb6eb9a060e54bf8d69288fbee4904:hypr/conf/decorations/rounding.conf [838ms]
2024-09-28 06:25:59.362 [info] > git show --textconv d6ac77bdbb384353fa1a03a55588bc219543f235:hypr/conf/decorations/rounding.conf [834ms]
2024-09-28 06:25:59.362 [info] > git show --textconv 4b825dc642cb6eb9a060e54bf8d69288fbee4904:hypr/conf/environment.conf [831ms]
2024-09-28 06:25:59.362 [info] > git show --textconv d6ac77bdbb384353fa1a03a55588bc219543f235:hypr/conf/environment.conf [828ms]
2024-09-28 06:25:59.362 [info] > git show --textconv 4b825dc642cb6eb9a060e54bf8d69288fbee4904:hypr/conf/environments/default.conf [824ms]
2024-09-28 06:25:59.362 [info] > git show --textconv d6ac77bdbb384353fa1a03a55588bc219543f235:hypr/conf/environments/default.conf [821ms]
2024-09-28 06:25:59.362 [info] > git show --textconv 4b825dc642cb6eb9a060e54bf8d69288fbee4904:hypr/conf/environments/kvm.conf [817ms]
2024-09-28 06:25:59.362 [info] > git show --textconv d6ac77bdbb384353fa1a03a55588bc219543f235:hypr/conf/environments/kvm.conf [814ms]
2024-09-28 06:25:59.362 [info] > git show --textconv 4b825dc642cb6eb9a060e54bf8d69288fbee4904:hypr/conf/environments/nvidia.conf [810ms]
2024-09-28 06:25:59.362 [info] > git show --textconv d6ac77bdbb384353fa1a03a55588bc219543f235:hypr/conf/environments/nvidia.conf [807ms]
2024-09-28 06:25:59.362 [info] > git show --textconv 4b825dc642cb6eb9a060e54bf8d69288fbee4904:hypr/conf/keybinding.conf [803ms]
2024-09-28 06:25:59.362 [info] > git show --textconv d6ac77bdbb384353fa1a03a55588bc219543f235:hypr/conf/keybinding.conf [799ms]
2024-09-28 06:25:59.362 [info] > git show --textconv 4b825dc642cb6eb9a060e54bf8d69288fbee4904:hypr/conf/keybindings/default.conf [796ms]
2024-09-28 06:25:59.362 [info] > git show --textconv d6ac77bdbb384353fa1a03a55588bc219543f235:hypr/conf/keybindings/default.conf [793ms]
2024-09-28 06:25:59.362 [info] > git show --textconv 4b825dc642cb6eb9a060e54bf8d69288fbee4904:hypr/conf/keyboard.conf [789ms]
2024-09-28 06:25:59.362 [info] > git show --textconv d6ac77bdbb384353fa1a03a55588bc219543f235:hypr/conf/keyboard.conf [786ms]
2024-09-28 06:25:59.362 [info] > git show --textconv 4b825dc642cb6eb9a060e54bf8d69288fbee4904:hypr/conf/layout.conf [783ms]
2024-09-28 06:25:59.362 [info] > git show --textconv d6ac77bdbb384353fa1a03a55588bc219543f235:hypr/conf/layout.conf [780ms]
2024-09-28 06:25:59.362 [info] > git show --textconv 4b825dc642cb6eb9a060e54bf8d69288fbee4904:hypr/conf/layouts/default.conf [777ms]
2024-09-28 06:25:59.362 [info] > git show --textconv d6ac77bdbb384353fa1a03a55588bc219543f235:hypr/conf/layouts/default.conf [773ms]
2024-09-28 06:25:59.362 [info] > git show --textconv 4b825dc642cb6eb9a060e54bf8d69288fbee4904:hypr/conf/layouts/laptop.conf [770ms]
2024-09-28 06:25:59.362 [info] > git show --textconv d6ac77bdbb384353fa1a03a55588bc219543f235:hypr/conf/layouts/laptop.conf [766ms]
2024-09-28 06:25:59.362 [info] > git show --textconv 4b825dc642cb6eb9a060e54bf8d69288fbee4904:hypr/conf/misc.conf [763ms]
2024-09-28 06:25:59.362 [info] > git show --textconv d6ac77bdbb384353fa1a03a55588bc219543f235:hypr/conf/misc.conf [759ms]
2024-09-28 06:25:59.362 [info] > git show --textconv 4b825dc642cb6eb9a060e54bf8d69288fbee4904:hypr/conf/ml4w.conf [756ms]
2024-09-28 06:25:59.362 [info] > git show --textconv d6ac77bdbb384353fa1a03a55588bc219543f235:hypr/conf/ml4w.conf [750ms]
2024-09-28 06:25:59.362 [info] > git show --textconv 4b825dc642cb6eb9a060e54bf8d69288fbee4904:hypr/conf/monitor.conf [745ms]
2024-09-28 06:25:59.362 [info] > git show --textconv d6ac77bdbb384353fa1a03a55588bc219543f235:hypr/conf/monitor.conf [738ms]
2024-09-28 06:25:59.362 [info] > git show --textconv 4b825dc642cb6eb9a060e54bf8d69288fbee4904:hypr/conf/monitors/1366x768.conf [733ms]
2024-09-28 06:25:59.362 [info] > git show --textconv d6ac77bdbb384353fa1a03a55588bc219543f235:hypr/conf/monitors/1366x768.conf [729ms]
2024-09-28 06:25:59.362 [info] > git show --textconv 4b825dc642cb6eb9a060e54bf8d69288fbee4904:hypr/conf/monitors/1440x1080.conf [725ms]
2024-09-28 06:25:59.362 [info] > git show --textconv d6ac77bdbb384353fa1a03a55588bc219543f235:hypr/conf/monitors/1440x1080.conf [720ms]
2024-09-28 06:25:59.362 [info] > git show --textconv 4b825dc642cb6eb9a060e54bf8d69288fbee4904:hypr/conf/monitors/1920x1080.conf [716ms]
2024-09-28 06:25:59.362 [info] > git show --textconv d6ac77bdbb384353fa1a03a55588bc219543f235:hypr/conf/monitors/1920x1080.conf [710ms]
2024-09-28 06:25:59.362 [info] > git show --textconv 4b825dc642cb6eb9a060e54bf8d69288fbee4904:hypr/conf/monitors/1920x1200.conf [703ms]
2024-09-28 06:25:59.362 [info] > git show --textconv d6ac77bdbb384353fa1a03a55588bc219543f235:hypr/conf/monitors/1920x1200.conf [697ms]
2024-09-28 06:25:59.362 [info] > git show --textconv 4b825dc642cb6eb9a060e54bf8d69288fbee4904:hypr/conf/monitors/2560x1440.conf [692ms]
2024-09-28 06:25:59.362 [info] > git show --textconv d6ac77bdbb384353fa1a03a55588bc219543f235:hypr/conf/monitors/2560x1440.conf [687ms]
2024-09-28 06:25:59.362 [info] > git show --textconv 4b825dc642cb6eb9a060e54bf8d69288fbee4904:hypr/conf/monitors/2560x1440@120.conf [682ms]
2024-09-28 06:25:59.362 [info] > git show --textconv d6ac77bdbb384353fa1a03a55588bc219543f235:hypr/conf/monitors/2560x1440@120.conf [678ms]
2024-09-28 06:25:59.362 [info] > git show --textconv 4b825dc642cb6eb9a060e54bf8d69288fbee4904:hypr/conf/monitors/3440x1440.conf [673ms]
2024-09-28 06:25:59.362 [info] > git show --textconv d6ac77bdbb384353fa1a03a55588bc219543f235:hypr/conf/monitors/3440x1440.conf [669ms]
2024-09-28 06:25:59.362 [info] > git show --textconv 4b825dc642cb6eb9a060e54bf8d69288fbee4904:hypr/conf/monitors/default.conf [665ms]
2024-09-28 06:25:59.362 [info] > git show --textconv d6ac77bdbb384353fa1a03a55588bc219543f235:hypr/conf/monitors/default.conf [660ms]
2024-09-28 06:25:59.362 [info] > git show --textconv 4b825dc642cb6eb9a060e54bf8d69288fbee4904:hypr/conf/monitors/highres.conf [657ms]
2024-09-28 06:25:59.362 [info] > git show --textconv d6ac77bdbb384353fa1a03a55588bc219543f235:hypr/conf/monitors/highres.conf [653ms]
2024-09-28 06:25:59.362 [info] > git show --textconv 4b825dc642cb6eb9a060e54bf8d69288fbee4904:hypr/conf/restorevariations.sh [649ms]
2024-09-28 06:25:59.362 [info] > git show --textconv d6ac77bdbb384353fa1a03a55588bc219543f235:hypr/conf/restorevariations.sh [644ms]
2024-09-28 06:25:59.362 [info] > git show --textconv 4b825dc642cb6eb9a060e54bf8d69288fbee4904:hypr/conf/window.conf [640ms]
2024-09-28 06:25:59.362 [info] > git show --textconv d6ac77bdbb384353fa1a03a55588bc219543f235:hypr/conf/window.conf [636ms]
2024-09-28 06:25:59.362 [info] > git show --textconv 4b825dc642cb6eb9a060e54bf8d69288fbee4904:hypr/conf/windowrule.conf [632ms]
2024-09-28 06:25:59.362 [info] > git show --textconv d6ac77bdbb384353fa1a03a55588bc219543f235:hypr/conf/windowrule.conf [629ms]
2024-09-28 06:25:59.362 [info] > git show --textconv 4b825dc642cb6eb9a060e54bf8d69288fbee4904:hypr/conf/windowrules/default.conf [626ms]
2024-09-28 06:25:59.362 [info] > git show --textconv d6ac77bdbb384353fa1a03a55588bc219543f235:hypr/conf/windowrules/default.conf [621ms]
2024-09-28 06:25:59.362 [info] > git show --textconv 4b825dc642cb6eb9a060e54bf8d69288fbee4904:hypr/conf/windows/border-1-reverse.conf [617ms]
2024-09-28 06:25:59.362 [info] > git show --textconv d6ac77bdbb384353fa1a03a55588bc219543f235:hypr/conf/windows/border-1-reverse.conf [612ms]
2024-09-28 06:25:59.362 [info] > git show --textconv 4b825dc642cb6eb9a060e54bf8d69288fbee4904:hypr/conf/windows/border-1.conf [607ms]
2024-09-28 06:25:59.362 [info] > git show --textconv d6ac77bdbb384353fa1a03a55588bc219543f235:hypr/conf/windows/border-1.conf [603ms]
2024-09-28 06:25:59.362 [info] > git show --textconv 4b825dc642cb6eb9a060e54bf8d69288fbee4904:hypr/conf/windows/border-2-reverse.conf [599ms]
2024-09-28 06:25:59.362 [info] > git show --textconv d6ac77bdbb384353fa1a03a55588bc219543f235:hypr/conf/windows/border-2-reverse.conf [594ms]
2024-09-28 06:25:59.362 [info] > git show --textconv 4b825dc642cb6eb9a060e54bf8d69288fbee4904:hypr/conf/windows/border-2.conf [589ms]
2024-09-28 06:25:59.362 [info] > git show --textconv d6ac77bdbb384353fa1a03a55588bc219543f235:hypr/conf/windows/border-2.conf [585ms]
2024-09-28 06:25:59.362 [info] > git show --textconv 4b825dc642cb6eb9a060e54bf8d69288fbee4904:hypr/conf/windows/border-3-reverse.conf [580ms]
2024-09-28 06:25:59.362 [info] > git show --textconv d6ac77bdbb384353fa1a03a55588bc219543f235:hypr/conf/windows/border-3-reverse.conf [576ms]
2024-09-28 06:25:59.362 [info] > git show --textconv 4b825dc642cb6eb9a060e54bf8d69288fbee4904:hypr/conf/windows/border-3.conf [568ms]
2024-09-28 06:25:59.362 [info] > git show --textconv d6ac77bdbb384353fa1a03a55588bc219543f235:hypr/conf/windows/border-3.conf [561ms]
2024-09-28 06:25:59.362 [info] > git show --textconv 4b825dc642cb6eb9a060e54bf8d69288fbee4904:hypr/conf/windows/border-4-reverse.conf [553ms]
2024-09-28 06:25:59.362 [info] > git show --textconv d6ac77bdbb384353fa1a03a55588bc219543f235:hypr/conf/windows/border-4-reverse.conf [546ms]
2024-09-28 06:25:59.362 [info] > git show --textconv 4b825dc642cb6eb9a060e54bf8d69288fbee4904:hypr/conf/windows/border-4.conf [539ms]
2024-09-28 06:25:59.362 [info] > git show --textconv d6ac77bdbb384353fa1a03a55588bc219543f235:hypr/conf/windows/border-4.conf [533ms]
2024-09-28 06:25:59.362 [info] > git show --textconv 4b825dc642cb6eb9a060e54bf8d69288fbee4904:hypr/conf/windows/default.conf [528ms]
2024-09-28 06:25:59.362 [info] > git show --textconv d6ac77bdbb384353fa1a03a55588bc219543f235:hypr/conf/windows/default.conf [522ms]
2024-09-28 06:25:59.362 [info] > git show --textconv 4b825dc642cb6eb9a060e54bf8d69288fbee4904:hypr/conf/windows/no-border-more-gaps.conf [518ms]
2024-09-28 06:25:59.362 [info] > git show --textconv d6ac77bdbb384353fa1a03a55588bc219543f235:hypr/conf/windows/no-border-more-gaps.conf [513ms]
2024-09-28 06:25:59.362 [info] > git show --textconv 4b825dc642cb6eb9a060e54bf8d69288fbee4904:hypr/conf/windows/no-border.conf [508ms]
2024-09-28 06:25:59.362 [info] > git show --textconv d6ac77bdbb384353fa1a03a55588bc219543f235:hypr/conf/windows/no-border.conf [503ms]
2024-09-28 06:25:59.362 [info] > git show --textconv 4b825dc642cb6eb9a060e54bf8d69288fbee4904:hypr/effects/wallpaper/blackwhite [496ms]
2024-09-28 06:25:59.362 [info] > git show --textconv d6ac77bdbb384353fa1a03a55588bc219543f235:hypr/effects/wallpaper/blackwhite [489ms]
2024-09-28 06:25:59.362 [info] > git show --textconv 4b825dc642cb6eb9a060e54bf8d69288fbee4904:hypr/effects/wallpaper/blackwhite-blur [480ms]
2024-09-28 06:25:59.362 [info] > git show --textconv d6ac77bdbb384353fa1a03a55588bc219543f235:hypr/effects/wallpaper/blackwhite-blur [471ms]
2024-09-28 06:25:59.362 [info] > git show --textconv 4b825dc642cb6eb9a060e54bf8d69288fbee4904:hypr/effects/wallpaper/blackwhite-brightness40 [463ms]
2024-09-28 06:25:59.362 [info] > git show --textconv d6ac77bdbb384353fa1a03a55588bc219543f235:hypr/effects/wallpaper/blackwhite-brightness40 [455ms]
2024-09-28 06:25:59.362 [info] > git show --textconv 4b825dc642cb6eb9a060e54bf8d69288fbee4904:hypr/effects/wallpaper/blackwhite-brightness60 [447ms]
2024-09-28 06:25:59.362 [info] > git show --textconv d6ac77bdbb384353fa1a03a55588bc219543f235:hypr/effects/wallpaper/blackwhite-brightness60 [440ms]
2024-09-28 06:25:59.362 [info] > git show --textconv 4b825dc642cb6eb9a060e54bf8d69288fbee4904:hypr/effects/wallpaper/blackwhite-brightness80 [435ms]
2024-09-28 06:25:59.362 [info] > git show --textconv d6ac77bdbb384353fa1a03a55588bc219543f235:hypr/effects/wallpaper/blackwhite-brightness80 [429ms]
2024-09-28 06:25:59.362 [info] > git show --textconv 4b825dc642cb6eb9a060e54bf8d69288fbee4904:hypr/effects/wallpaper/blur1 [423ms]
2024-09-28 06:25:59.362 [info] > git show --textconv d6ac77bdbb384353fa1a03a55588bc219543f235:hypr/effects/wallpaper/blur1 [416ms]
2024-09-28 06:25:59.362 [info] > git show --textconv 4b825dc642cb6eb9a060e54bf8d69288fbee4904:hypr/effects/wallpaper/blur1-brightness40 [411ms]
2024-09-28 06:25:59.362 [info] > git show --textconv d6ac77bdbb384353fa1a03a55588bc219543f235:hypr/effects/wallpaper/blur1-brightness40 [405ms]
2024-09-28 06:25:59.362 [info] > git show --textconv 4b825dc642cb6eb9a060e54bf8d69288fbee4904:hypr/effects/wallpaper/blur1-brightness60 [399ms]
2024-09-28 06:25:59.362 [info] > git show --textconv d6ac77bdbb384353fa1a03a55588bc219543f235:hypr/effects/wallpaper/blur1-brightness60 [392ms]
2024-09-28 06:25:59.362 [info] > git show --textconv 4b825dc642cb6eb9a060e54bf8d69288fbee4904:hypr/effects/wallpaper/blur1-brightness80 [385ms]
2024-09-28 06:25:59.362 [info] > git show --textconv d6ac77bdbb384353fa1a03a55588bc219543f235:hypr/effects/wallpaper/blur1-brightness80 [378ms]
2024-09-28 06:25:59.362 [info] > git show --textconv 4b825dc642cb6eb9a060e54bf8d69288fbee4904:hypr/effects/wallpaper/blur2 [371ms]
2024-09-28 06:25:59.362 [info] > git show --textconv d6ac77bdbb384353fa1a03a55588bc219543f235:hypr/effects/wallpaper/blur2 [365ms]
2024-09-28 06:25:59.362 [info] > git show --textconv 4b825dc642cb6eb9a060e54bf8d69288fbee4904:hypr/effects/wallpaper/negate [361ms]
2024-09-28 06:25:59.362 [info] > git show --textconv d6ac77bdbb384353fa1a03a55588bc219543f235:hypr/effects/wallpaper/negate [356ms]
2024-09-28 06:25:59.362 [info] > git show --textconv 4b825dc642cb6eb9a060e54bf8d69288fbee4904:hypr/effects/wallpaper/negate-brightness40 [352ms]
2024-09-28 06:25:59.362 [info] > git show --textconv d6ac77bdbb384353fa1a03a55588bc219543f235:hypr/effects/wallpaper/negate-brightness40 [346ms]
2024-09-28 06:25:59.362 [info] > git show --textconv 4b825dc642cb6eb9a060e54bf8d69288fbee4904:hypr/effects/wallpaper/negate-brightness60 [340ms]
2024-09-28 06:25:59.362 [info] > git show --textconv d6ac77bdbb384353fa1a03a55588bc219543f235:hypr/effects/wallpaper/negate-brightness60 [332ms]
2024-09-28 06:25:59.362 [info] > git show --textconv 4b825dc642cb6eb9a060e54bf8d69288fbee4904:hypr/effects/wallpaper/negate-brightness80 [325ms]
2024-09-28 06:25:59.362 [info] > git show --textconv d6ac77bdbb384353fa1a03a55588bc219543f235:hypr/effects/wallpaper/negate-brightness80 [318ms]
2024-09-28 06:25:59.362 [info] > git show --textconv 4b825dc642cb6eb9a060e54bf8d69288fbee4904:hypr/hypridle.conf [309ms]
2024-09-28 06:25:59.362 [info] > git show --textconv d6ac77bdbb384353fa1a03a55588bc219543f235:hypr/hypridle.conf [300ms]
2024-09-28 06:25:59.363 [info] > git show --textconv 4b825dc642cb6eb9a060e54bf8d69288fbee4904:hypr/hyprland.conf [291ms]
2024-09-28 06:25:59.363 [info] > git show --textconv d6ac77bdbb384353fa1a03a55588bc219543f235:hypr/hyprland.conf [284ms]
2024-09-28 06:25:59.363 [info] > git show --textconv 4b825dc642cb6eb9a060e54bf8d69288fbee4904:hypr/hyprlock.conf [277ms]
2024-09-28 06:25:59.363 [info] > git show --textconv d6ac77bdbb384353fa1a03a55588bc219543f235:hypr/hyprlock.conf [269ms]
2024-09-28 06:25:59.363 [info] > git show --textconv 4b825dc642cb6eb9a060e54bf8d69288fbee4904:hypr/hyprpaper.conf [259ms]
2024-09-28 06:25:59.363 [info] > git show --textconv d6ac77bdbb384353fa1a03a55588bc219543f235:hypr/hyprpaper.conf [254ms]
2024-09-28 06:25:59.363 [info] > git show --textconv 4b825dc642cb6eb9a060e54bf8d69288fbee4904:hypr/scripts/cleanup.sh [248ms]
2024-09-28 06:25:59.363 [info] > git show --textconv d6ac77bdbb384353fa1a03a55588bc219543f235:hypr/scripts/cleanup.sh [244ms]
2024-09-28 06:25:59.363 [info] > git show --textconv 4b825dc642cb6eb9a060e54bf8d69288fbee4904:hypr/scripts/diagnosis.sh [241ms]
2024-09-28 06:25:59.363 [info] > git show --textconv d6ac77bdbb384353fa1a03a55588bc219543f235:hypr/scripts/diagnosis.sh [237ms]
2024-09-28 06:25:59.363 [info] > git show --textconv 4b825dc642cb6eb9a060e54bf8d69288fbee4904:hypr/scripts/disabledm.sh [233ms]
2024-09-28 06:25:59.363 [info] > git show --textconv d6ac77bdbb384353fa1a03a55588bc219543f235:hypr/scripts/disabledm.sh [229ms]
2024-09-28 06:25:59.363 [info] > git show --textconv 4b825dc642cb6eb9a060e54bf8d69288fbee4904:hypr/scripts/gamemode.sh [224ms]
2024-09-28 06:25:59.363 [info] > git show --textconv d6ac77bdbb384353fa1a03a55588bc219543f235:hypr/scripts/gamemode.sh [218ms]
2024-09-28 06:25:59.363 [info] > git show --textconv 4b825dc642cb6eb9a060e54bf8d69288fbee4904:hypr/scripts/gtk.sh [213ms]
2024-09-28 06:25:59.363 [info] > git show --textconv d6ac77bdbb384353fa1a03a55588bc219543f235:hypr/scripts/gtk.sh [206ms]
2024-09-28 06:25:59.363 [info] > git show --textconv 4b825dc642cb6eb9a060e54bf8d69288fbee4904:hypr/scripts/hypridle.sh [200ms]
2024-09-28 06:25:59.363 [info] > git show --textconv d6ac77bdbb384353fa1a03a55588bc219543f235:hypr/scripts/hypridle.sh [191ms]
2024-09-28 06:25:59.363 [info] > git show --textconv 4b825dc642cb6eb9a060e54bf8d69288fbee4904:hypr/scripts/hyprshade.sh [184ms]
2024-09-28 06:25:59.363 [info] > git show --textconv d6ac77bdbb384353fa1a03a55588bc219543f235:hypr/scripts/hyprshade.sh [179ms]
2024-09-28 06:25:59.363 [info] > git show --textconv 4b825dc642cb6eb9a060e54bf8d69288fbee4904:hypr/scripts/init-wallpaper-engine.sh [173ms]
2024-09-28 06:25:59.363 [info] > git show --textconv d6ac77bdbb384353fa1a03a55588bc219543f235:hypr/scripts/init-wallpaper-engine.sh [168ms]
2024-09-28 06:25:59.363 [info] > git show --textconv 4b825dc642cb6eb9a060e54bf8d69288fbee4904:hypr/scripts/keybindings.sh [160ms]
2024-09-28 06:25:59.363 [info] > git show --textconv d6ac77bdbb384353fa1a03a55588bc219543f235:hypr/scripts/keybindings.sh [153ms]
2024-09-28 06:25:59.363 [info] > git show --textconv 4b825dc642cb6eb9a060e54bf8d69288fbee4904:hypr/scripts/loadconfig.sh [146ms]
2024-09-28 06:25:59.363 [info] > git show --textconv d6ac77bdbb384353fa1a03a55588bc219543f235:hypr/scripts/loadconfig.sh [141ms]
2024-09-28 06:25:59.363 [info] > git show --textconv 4b825dc642cb6eb9a060e54bf8d69288fbee4904:hypr/scripts/ml4w-autostart.sh [136ms]
2024-09-28 06:25:59.363 [info] > git show --textconv d6ac77bdbb384353fa1a03a55588bc219543f235:hypr/scripts/ml4w-autostart.sh [131ms]
2024-09-28 06:25:59.363 [info] > git show --textconv 4b825dc642cb6eb9a060e54bf8d69288fbee4904:hypr/scripts/moveTo.sh [125ms]
2024-09-28 06:25:59.363 [info] > git show --textconv d6ac77bdbb384353fa1a03a55588bc219543f235:hypr/scripts/moveTo.sh [117ms]
2024-09-28 06:25:59.363 [info] > git show --textconv 4b825dc642cb6eb9a060e54bf8d69288fbee4904:hypr/scripts/power.sh [111ms]
2024-09-28 06:25:59.363 [info] > git show --textconv d6ac77bdbb384353fa1a03a55588bc219543f235:hypr/scripts/power.sh [107ms]
2024-09-28 06:25:59.363 [info] > git show --textconv 4b825dc642cb6eb9a060e54bf8d69288fbee4904:hypr/scripts/restart-hypridle.sh [104ms]
2024-09-28 06:25:59.363 [info] > git show --textconv d6ac77bdbb384353fa1a03a55588bc219543f235:hypr/scripts/restart-hypridle.sh [100ms]
2024-09-28 06:25:59.363 [info] > git show --textconv 4b825dc642cb6eb9a060e54bf8d69288fbee4904:hypr/scripts/screenshot.sh [97ms]
2024-09-28 06:25:59.363 [info] > git show --textconv d6ac77bdbb384353fa1a03a55588bc219543f235:hypr/scripts/screenshot.sh [93ms]
2024-09-28 06:25:59.363 [info] > git show --textconv 4b825dc642cb6eb9a060e54bf8d69288fbee4904:hypr/scripts/toggle-animations.sh [89ms]
2024-09-28 06:25:59.363 [info] > git show --textconv d6ac77bdbb384353fa1a03a55588bc219543f235:hypr/scripts/toggle-animations.sh [85ms]
2024-09-28 06:25:59.363 [info] > git show --textconv 4b825dc642cb6eb9a060e54bf8d69288fbee4904:hypr/scripts/toggleallfloat.sh [82ms]
2024-09-28 06:25:59.363 [info] > git show --textconv d6ac77bdbb384353fa1a03a55588bc219543f235:hypr/scripts/toggleallfloat.sh [78ms]
2024-09-28 06:25:59.363 [info] > git show --textconv 4b825dc642cb6eb9a060e54bf8d69288fbee4904:hypr/scripts/wallpaper-automation.sh [75ms]
2024-09-28 06:25:59.363 [info] > git show --textconv d6ac77bdbb384353fa1a03a55588bc219543f235:hypr/scripts/wallpaper-automation.sh [72ms]
2024-09-28 06:25:59.363 [info] > git show --textconv 4b825dc642cb6eb9a060e54bf8d69288fbee4904:hypr/scripts/wallpaper-cache.sh [68ms]
2024-09-28 06:25:59.363 [info] > git show --textconv d6ac77bdbb384353fa1a03a55588bc219543f235:hypr/scripts/wallpaper-cache.sh [65ms]
2024-09-28 06:25:59.363 [info] > git show --textconv 4b825dc642cb6eb9a060e54bf8d69288fbee4904:hypr/scripts/wallpaper-effects.sh [62ms]
2024-09-28 06:25:59.363 [info] > git show --textconv d6ac77bdbb384353fa1a03a55588bc219543f235:hypr/scripts/wallpaper-effects.sh [58ms]
2024-09-28 06:25:59.363 [info] > git show --textconv 4b825dc642cb6eb9a060e54bf8d69288fbee4904:hypr/scripts/wallpaper.sh [54ms]
2024-09-28 06:25:59.363 [info] > git show --textconv d6ac77bdbb384353fa1a03a55588bc219543f235:hypr/scripts/wallpaper.sh [50ms]
2024-09-28 06:25:59.363 [info] > git show --textconv 4b825dc642cb6eb9a060e54bf8d69288fbee4904:hypr/scripts/xdg.sh [45ms]
2024-09-28 06:25:59.363 [info] > git show --textconv d6ac77bdbb384353fa1a03a55588bc219543f235:hypr/scripts/xdg.sh [40ms]
2024-09-28 06:25:59.363 [info] > git show --textconv 4b825dc642cb6eb9a060e54bf8d69288fbee4904:hypr/shaders/invert-colors.glsl [35ms]
2024-09-28 06:25:59.363 [info] > git show --textconv d6ac77bdbb384353fa1a03a55588bc219543f235:hypr/shaders/invert-colors.glsl [31ms]
2024-09-28 06:25:59.363 [info] > git ls-tree -l 4b825dc642cb6eb9a060e54bf8d69288fbee4904 -- /home/jasi/.config/hypr/conf/animation.conf [26ms]
2024-09-28 06:26:00.518 [info] > git ls-tree -l d6ac77bdbb384353fa1a03a55588bc219543f235 -- /home/jasi/.config/hypr/shaders/invert-colors.glsl [28ms]
2024-09-28 06:26:00.519 [info] > git ls-tree -l 4b825dc642cb6eb9a060e54bf8d69288fbee4904 -- /home/jasi/.config/hypr/shaders/invert-colors.glsl [38ms]
2024-09-28 06:26:00.519 [info] > git ls-tree -l d6ac77bdbb384353fa1a03a55588bc219543f235 -- /home/jasi/.config/hypr/scripts/xdg.sh [46ms]
2024-09-28 06:26:00.519 [info] > git ls-tree -l 4b825dc642cb6eb9a060e54bf8d69288fbee4904 -- /home/jasi/.config/hypr/scripts/xdg.sh [53ms]
2024-09-28 06:26:00.520 [info] > git ls-tree -l d6ac77bdbb384353fa1a03a55588bc219543f235 -- /home/jasi/.config/hypr/scripts/wallpaper.sh [61ms]
2024-09-28 06:26:00.520 [info] > git ls-tree -l 4b825dc642cb6eb9a060e54bf8d69288fbee4904 -- /home/jasi/.config/hypr/scripts/wallpaper.sh [68ms]
2024-09-28 06:26:00.520 [info] > git ls-tree -l d6ac77bdbb384353fa1a03a55588bc219543f235 -- /home/jasi/.config/hypr/scripts/wallpaper-effects.sh [74ms]
2024-09-28 06:26:00.521 [info] > git ls-tree -l 4b825dc642cb6eb9a060e54bf8d69288fbee4904 -- /home/jasi/.config/hypr/scripts/wallpaper-effects.sh [81ms]
2024-09-28 06:26:00.521 [info] > git ls-tree -l d6ac77bdbb384353fa1a03a55588bc219543f235 -- /home/jasi/.config/hypr/scripts/wallpaper-cache.sh [89ms]
2024-09-28 06:26:00.521 [info] > git ls-tree -l 4b825dc642cb6eb9a060e54bf8d69288fbee4904 -- /home/jasi/.config/hypr/scripts/wallpaper-cache.sh [95ms]
2024-09-28 06:26:00.521 [info] > git ls-tree -l d6ac77bdbb384353fa1a03a55588bc219543f235 -- /home/jasi/.config/hypr/scripts/wallpaper-automation.sh [98ms]
2024-09-28 06:26:00.521 [info] > git ls-tree -l 4b825dc642cb6eb9a060e54bf8d69288fbee4904 -- /home/jasi/.config/hypr/scripts/wallpaper-automation.sh [102ms]
2024-09-28 06:26:00.522 [info] > git ls-tree -l d6ac77bdbb384353fa1a03a55588bc219543f235 -- /home/jasi/.config/hypr/scripts/toggleallfloat.sh [106ms]
2024-09-28 06:26:00.522 [info] > git ls-tree -l 4b825dc642cb6eb9a060e54bf8d69288fbee4904 -- /home/jasi/.config/hypr/scripts/toggleallfloat.sh [110ms]
2024-09-28 06:26:00.522 [info] > git ls-tree -l d6ac77bdbb384353fa1a03a55588bc219543f235 -- /home/jasi/.config/hypr/scripts/toggle-animations.sh [114ms]
2024-09-28 06:26:00.522 [info] > git ls-tree -l 4b825dc642cb6eb9a060e54bf8d69288fbee4904 -- /home/jasi/.config/hypr/scripts/toggle-animations.sh [118ms]
2024-09-28 06:26:00.523 [info] > git ls-tree -l d6ac77bdbb384353fa1a03a55588bc219543f235 -- /home/jasi/.config/hypr/scripts/screenshot.sh [122ms]
2024-09-28 06:26:00.523 [info] > git ls-tree -l 4b825dc642cb6eb9a060e54bf8d69288fbee4904 -- /home/jasi/.config/hypr/scripts/screenshot.sh [127ms]
2024-09-28 06:26:00.523 [info] > git ls-tree -l d6ac77bdbb384353fa1a03a55588bc219543f235 -- /home/jasi/.config/hypr/scripts/restart-hypridle.sh [132ms]
2024-09-28 06:26:00.523 [info] > git ls-tree -l 4b825dc642cb6eb9a060e54bf8d69288fbee4904 -- /home/jasi/.config/hypr/scripts/restart-hypridle.sh [137ms]
2024-09-28 06:26:00.524 [info] > git ls-tree -l d6ac77bdbb384353fa1a03a55588bc219543f235 -- /home/jasi/.config/hypr/scripts/power.sh [142ms]
2024-09-28 06:26:00.524 [info] > git ls-tree -l 4b825dc642cb6eb9a060e54bf8d69288fbee4904 -- /home/jasi/.config/hypr/scripts/power.sh [147ms]
2024-09-28 06:26:00.524 [info] > git ls-tree -l d6ac77bdbb384353fa1a03a55588bc219543f235 -- /home/jasi/.config/hypr/scripts/moveTo.sh [152ms]
2024-09-28 06:26:00.524 [info] > git ls-tree -l 4b825dc642cb6eb9a060e54bf8d69288fbee4904 -- /home/jasi/.config/hypr/scripts/moveTo.sh [157ms]
2024-09-28 06:26:00.525 [info] > git ls-tree -l d6ac77bdbb384353fa1a03a55588bc219543f235 -- /home/jasi/.config/hypr/scripts/ml4w-autostart.sh [164ms]
2024-09-28 06:26:00.525 [info] > git ls-tree -l 4b825dc642cb6eb9a060e54bf8d69288fbee4904 -- /home/jasi/.config/hypr/scripts/ml4w-autostart.sh [169ms]
2024-09-28 06:26:00.530 [info] > git ls-tree -l d6ac77bdbb384353fa1a03a55588bc219543f235 -- /home/jasi/.config/hypr/scripts/loadconfig.sh [176ms]
2024-09-28 06:26:00.530 [info] > git ls-tree -l 4b825dc642cb6eb9a060e54bf8d69288fbee4904 -- /home/jasi/.config/hypr/scripts/loadconfig.sh [187ms]
2024-09-28 06:26:00.531 [info] > git ls-tree -l d6ac77bdbb384353fa1a03a55588bc219543f235 -- /home/jasi/.config/hypr/scripts/keybindings.sh [193ms]
2024-09-28 06:26:00.531 [info] > git ls-tree -l 4b825dc642cb6eb9a060e54bf8d69288fbee4904 -- /home/jasi/.config/hypr/scripts/keybindings.sh [199ms]
2024-09-28 06:26:00.531 [info] > git ls-tree -l d6ac77bdbb384353fa1a03a55588bc219543f235 -- /home/jasi/.config/hypr/scripts/init-wallpaper-engine.sh [205ms]
2024-09-28 06:26:00.531 [info] > git ls-tree -l 4b825dc642cb6eb9a060e54bf8d69288fbee4904 -- /home/jasi/.config/hypr/scripts/init-wallpaper-engine.sh [211ms]
2024-09-28 06:26:00.532 [info] > git ls-tree -l d6ac77bdbb384353fa1a03a55588bc219543f235 -- /home/jasi/.config/hypr/scripts/hyprshade.sh [220ms]
2024-09-28 06:26:00.532 [info] > git ls-tree -l 4b825dc642cb6eb9a060e54bf8d69288fbee4904 -- /home/jasi/.config/hypr/scripts/hyprshade.sh [229ms]
2024-09-28 06:26:00.532 [info] > git ls-tree -l d6ac77bdbb384353fa1a03a55588bc219543f235 -- /home/jasi/.config/hypr/scripts/hypridle.sh [238ms]
2024-09-28 06:26:00.532 [info] > git ls-tree -l 4b825dc642cb6eb9a060e54bf8d69288fbee4904 -- /home/jasi/.config/hypr/scripts/hypridle.sh [245ms]
2024-09-28 06:26:00.533 [info] > git ls-tree -l d6ac77bdbb384353fa1a03a55588bc219543f235 -- /home/jasi/.config/hypr/scripts/gtk.sh [254ms]
2024-09-28 06:26:00.533 [info] > git ls-tree -l 4b825dc642cb6eb9a060e54bf8d69288fbee4904 -- /home/jasi/.config/hypr/scripts/gtk.sh [263ms]
2024-09-28 06:26:00.533 [info] > git ls-tree -l d6ac77bdbb384353fa1a03a55588bc219543f235 -- /home/jasi/.config/hypr/scripts/gamemode.sh [270ms]
2024-09-28 06:26:00.533 [info] > git ls-tree -l 4b825dc642cb6eb9a060e54bf8d69288fbee4904 -- /home/jasi/.config/hypr/scripts/gamemode.sh [276ms]
2024-09-28 06:26:00.533 [info] > git ls-tree -l d6ac77bdbb384353fa1a03a55588bc219543f235 -- /home/jasi/.config/hypr/scripts/disabledm.sh [283ms]
2024-09-28 06:26:00.533 [info] > git ls-tree -l 4b825dc642cb6eb9a060e54bf8d69288fbee4904 -- /home/jasi/.config/hypr/scripts/disabledm.sh [290ms]
2024-09-28 06:26:00.534 [info] > git ls-tree -l d6ac77bdbb384353fa1a03a55588bc219543f235 -- /home/jasi/.config/hypr/scripts/diagnosis.sh [298ms]
2024-09-28 06:26:00.534 [info] > git ls-tree -l 4b825dc642cb6eb9a060e54bf8d69288fbee4904 -- /home/jasi/.config/hypr/scripts/diagnosis.sh [306ms]
2024-09-28 06:26:00.534 [info] > git ls-tree -l d6ac77bdbb384353fa1a03a55588bc219543f235 -- /home/jasi/.config/hypr/scripts/cleanup.sh [313ms]
2024-09-28 06:26:00.534 [info] > git ls-tree -l 4b825dc642cb6eb9a060e54bf8d69288fbee4904 -- /home/jasi/.config/hypr/scripts/cleanup.sh [321ms]
2024-09-28 06:26:00.534 [info] > git ls-tree -l d6ac77bdbb384353fa1a03a55588bc219543f235 -- /home/jasi/.config/hypr/hyprpaper.conf [330ms]
2024-09-28 06:26:00.534 [info] > git ls-tree -l 4b825dc642cb6eb9a060e54bf8d69288fbee4904 -- /home/jasi/.config/hypr/hyprpaper.conf [339ms]
2024-09-28 06:26:00.534 [info] > git ls-tree -l d6ac77bdbb384353fa1a03a55588bc219543f235 -- /home/jasi/.config/hypr/hyprlock.conf [347ms]
2024-09-28 06:26:00.535 [info] > git ls-tree -l 4b825dc642cb6eb9a060e54bf8d69288fbee4904 -- /home/jasi/.config/hypr/hyprlock.conf [355ms]
2024-09-28 06:26:00.535 [info] > git ls-tree -l d6ac77bdbb384353fa1a03a55588bc219543f235 -- /home/jasi/.config/hypr/hyprland.conf [362ms]
2024-09-28 06:26:00.535 [info] > git ls-tree -l 4b825dc642cb6eb9a060e54bf8d69288fbee4904 -- /home/jasi/.config/hypr/hyprland.conf [369ms]
2024-09-28 06:26:00.535 [info] > git ls-tree -l d6ac77bdbb384353fa1a03a55588bc219543f235 -- /home/jasi/.config/hypr/hypridle.conf [377ms]
2024-09-28 06:26:00.535 [info] > git ls-tree -l 4b825dc642cb6eb9a060e54bf8d69288fbee4904 -- /home/jasi/.config/hypr/hypridle.conf [384ms]
2024-09-28 06:26:00.535 [info] > git ls-tree -l d6ac77bdbb384353fa1a03a55588bc219543f235 -- /home/jasi/.config/hypr/effects/wallpaper/negate-brightness80 [391ms]
2024-09-28 06:26:00.536 [info] > git ls-tree -l 4b825dc642cb6eb9a060e54bf8d69288fbee4904 -- /home/jasi/.config/hypr/effects/wallpaper/negate-brightness80 [400ms]
2024-09-28 06:26:00.536 [info] > git ls-tree -l d6ac77bdbb384353fa1a03a55588bc219543f235 -- /home/jasi/.config/hypr/effects/wallpaper/negate-brightness60 [406ms]
2024-09-28 06:26:00.536 [info] > git ls-tree -l 4b825dc642cb6eb9a060e54bf8d69288fbee4904 -- /home/jasi/.config/hypr/effects/wallpaper/negate-brightness60 [413ms]
2024-09-28 06:26:00.536 [info] > git ls-tree -l d6ac77bdbb384353fa1a03a55588bc219543f235 -- /home/jasi/.config/hypr/effects/wallpaper/negate-brightness40 [421ms]
2024-09-28 06:26:00.536 [info] > git ls-tree -l 4b825dc642cb6eb9a060e54bf8d69288fbee4904 -- /home/jasi/.config/hypr/effects/wallpaper/negate-brightness40 [430ms]
2024-09-28 06:26:00.536 [info] > git ls-tree -l d6ac77bdbb384353fa1a03a55588bc219543f235 -- /home/jasi/.config/hypr/effects/wallpaper/negate [439ms]
2024-09-28 06:26:00.536 [info] > git ls-tree -l 4b825dc642cb6eb9a060e54bf8d69288fbee4904 -- /home/jasi/.config/hypr/effects/wallpaper/negate [447ms]
2024-09-28 06:26:00.536 [info] > git ls-tree -l d6ac77bdbb384353fa1a03a55588bc219543f235 -- /home/jasi/.config/hypr/effects/wallpaper/blur2 [453ms]
2024-09-28 06:26:00.536 [info] > git ls-tree -l 4b825dc642cb6eb9a060e54bf8d69288fbee4904 -- /home/jasi/.config/hypr/effects/wallpaper/blur2 [460ms]
2024-09-28 06:26:00.537 [info] > git ls-tree -l d6ac77bdbb384353fa1a03a55588bc219543f235 -- /home/jasi/.config/hypr/effects/wallpaper/blur1-brightness80 [467ms]
2024-09-28 06:26:00.537 [info] > git ls-tree -l 4b825dc642cb6eb9a060e54bf8d69288fbee4904 -- /home/jasi/.config/hypr/effects/wallpaper/blur1-brightness80 [474ms]
2024-09-28 06:26:00.537 [info] > git ls-tree -l d6ac77bdbb384353fa1a03a55588bc219543f235 -- /home/jasi/.config/hypr/effects/wallpaper/blur1-brightness60 [481ms]
2024-09-28 06:26:00.537 [info] > git ls-tree -l 4b825dc642cb6eb9a060e54bf8d69288fbee4904 -- /home/jasi/.config/hypr/effects/wallpaper/blur1-brightness60 [489ms]
2024-09-28 06:26:00.537 [info] > git ls-tree -l d6ac77bdbb384353fa1a03a55588bc219543f235 -- /home/jasi/.config/hypr/effects/wallpaper/blur1-brightness40 [497ms]
2024-09-28 06:26:00.537 [info] > git ls-tree -l 4b825dc642cb6eb9a060e54bf8d69288fbee4904 -- /home/jasi/.config/hypr/effects/wallpaper/blur1-brightness40 [505ms]
2024-09-28 06:26:00.537 [info] > git ls-tree -l d6ac77bdbb384353fa1a03a55588bc219543f235 -- /home/jasi/.config/hypr/effects/wallpaper/blur1 [513ms]
2024-09-28 06:26:00.537 [info] > git ls-tree -l 4b825dc642cb6eb9a060e54bf8d69288fbee4904 -- /home/jasi/.config/hypr/effects/wallpaper/blur1 [521ms]
2024-09-28 06:26:00.538 [info] > git ls-tree -l d6ac77bdbb384353fa1a03a55588bc219543f235 -- /home/jasi/.config/hypr/effects/wallpaper/blackwhite-brightness80 [529ms]
2024-09-28 06:26:00.538 [info] > git ls-tree -l 4b825dc642cb6eb9a060e54bf8d69288fbee4904 -- /home/jasi/.config/hypr/effects/wallpaper/blackwhite-brightness80 [535ms]
2024-09-28 06:26:00.538 [info] > git ls-tree -l d6ac77bdbb384353fa1a03a55588bc219543f235 -- /home/jasi/.config/hypr/effects/wallpaper/blackwhite-brightness60 [541ms]
2024-09-28 06:26:00.538 [info] > git ls-tree -l 4b825dc642cb6eb9a060e54bf8d69288fbee4904 -- /home/jasi/.config/hypr/effects/wallpaper/blackwhite-brightness60 [547ms]
2024-09-28 06:26:00.538 [info] > git ls-tree -l d6ac77bdbb384353fa1a03a55588bc219543f235 -- /home/jasi/.config/hypr/effects/wallpaper/blackwhite-brightness40 [554ms]
2024-09-28 06:26:00.538 [info] > git ls-tree -l 4b825dc642cb6eb9a060e54bf8d69288fbee4904 -- /home/jasi/.config/hypr/effects/wallpaper/blackwhite-brightness40 [563ms]
2024-09-28 06:26:00.538 [info] > git ls-tree -l d6ac77bdbb384353fa1a03a55588bc219543f235 -- /home/jasi/.config/hypr/effects/wallpaper/blackwhite-blur [570ms]
2024-09-28 06:26:00.538 [info] > git ls-tree -l 4b825dc642cb6eb9a060e54bf8d69288fbee4904 -- /home/jasi/.config/hypr/effects/wallpaper/blackwhite-blur [578ms]
2024-09-28 06:26:00.539 [info] > git ls-tree -l d6ac77bdbb384353fa1a03a55588bc219543f235 -- /home/jasi/.config/hypr/effects/wallpaper/blackwhite [588ms]
2024-09-28 06:26:00.539 [info] > git ls-tree -l 4b825dc642cb6eb9a060e54bf8d69288fbee4904 -- /home/jasi/.config/hypr/effects/wallpaper/blackwhite [596ms]
2024-09-28 06:26:00.539 [info] > git ls-tree -l d6ac77bdbb384353fa1a03a55588bc219543f235 -- /home/jasi/.config/hypr/conf/windows/no-border.conf [604ms]
2024-09-28 06:26:00.539 [info] > git ls-tree -l 4b825dc642cb6eb9a060e54bf8d69288fbee4904 -- /home/jasi/.config/hypr/conf/windows/no-border.conf [611ms]
2024-09-28 06:26:00.539 [info] > git ls-tree -l d6ac77bdbb384353fa1a03a55588bc219543f235 -- /home/jasi/.config/hypr/conf/windows/no-border-more-gaps.conf [618ms]
2024-09-28 06:26:00.539 [info] > git ls-tree -l 4b825dc642cb6eb9a060e54bf8d69288fbee4904 -- /home/jasi/.config/hypr/conf/windows/no-border-more-gaps.conf [625ms]
2024-09-28 06:26:00.539 [info] > git ls-tree -l d6ac77bdbb384353fa1a03a55588bc219543f235 -- /home/jasi/.config/hypr/conf/windows/default.conf [630ms]
2024-09-28 06:26:00.540 [info] > git ls-tree -l 4b825dc642cb6eb9a060e54bf8d69288fbee4904 -- /home/jasi/.config/hypr/conf/windows/default.conf [637ms]
2024-09-28 06:26:00.540 [info] > git ls-tree -l d6ac77bdbb384353fa1a03a55588bc219543f235 -- /home/jasi/.config/hypr/conf/windows/border-4.conf [643ms]
2024-09-28 06:26:00.540 [info] > git ls-tree -l 4b825dc642cb6eb9a060e54bf8d69288fbee4904 -- /home/jasi/.config/hypr/conf/windows/border-4.conf [649ms]
2024-09-28 06:26:00.540 [info] > git ls-tree -l d6ac77bdbb384353fa1a03a55588bc219543f235 -- /home/jasi/.config/hypr/conf/windows/border-4-reverse.conf [657ms]
2024-09-28 06:26:00.540 [info] > git ls-tree -l 4b825dc642cb6eb9a060e54bf8d69288fbee4904 -- /home/jasi/.config/hypr/conf/windows/border-4-reverse.conf [666ms]
2024-09-28 06:26:00.540 [info] > git ls-tree -l d6ac77bdbb384353fa1a03a55588bc219543f235 -- /home/jasi/.config/hypr/conf/windows/border-3.conf [672ms]
2024-09-28 06:26:00.540 [info] > git ls-tree -l 4b825dc642cb6eb9a060e54bf8d69288fbee4904 -- /home/jasi/.config/hypr/conf/windows/border-3.conf [677ms]
2024-09-28 06:26:00.540 [info] > git ls-tree -l d6ac77bdbb384353fa1a03a55588bc219543f235 -- /home/jasi/.config/hypr/conf/windows/border-3-reverse.conf [682ms]
2024-09-28 06:26:00.540 [info] > git ls-tree -l 4b825dc642cb6eb9a060e54bf8d69288fbee4904 -- /home/jasi/.config/hypr/conf/windows/border-3-reverse.conf [686ms]
2024-09-28 06:26:00.541 [info] > git ls-tree -l d6ac77bdbb384353fa1a03a55588bc219543f235 -- /home/jasi/.config/hypr/conf/windows/border-2.conf [692ms]
2024-09-28 06:26:00.541 [info] > git ls-tree -l 4b825dc642cb6eb9a060e54bf8d69288fbee4904 -- /home/jasi/.config/hypr/conf/windows/border-2.conf [695ms]
2024-09-28 06:26:00.541 [info] > git ls-tree -l d6ac77bdbb384353fa1a03a55588bc219543f235 -- /home/jasi/.config/hypr/conf/windows/border-2-reverse.conf [699ms]
2024-09-28 06:26:00.541 [info] > git ls-tree -l 4b825dc642cb6eb9a060e54bf8d69288fbee4904 -- /home/jasi/.config/hypr/conf/windows/border-2-reverse.conf [703ms]
2024-09-28 06:26:00.541 [info] > git ls-tree -l d6ac77bdbb384353fa1a03a55588bc219543f235 -- /home/jasi/.config/hypr/conf/windows/border-1.conf [708ms]
2024-09-28 06:26:00.541 [info] > git ls-tree -l 4b825dc642cb6eb9a060e54bf8d69288fbee4904 -- /home/jasi/.config/hypr/conf/windows/border-1.conf [711ms]
2024-09-28 06:26:00.541 [info] > git ls-tree -l d6ac77bdbb384353fa1a03a55588bc219543f235 -- /home/jasi/.config/hypr/conf/windows/border-1-reverse.conf [715ms]
2024-09-28 06:26:00.541 [info] > git ls-tree -l 4b825dc642cb6eb9a060e54bf8d69288fbee4904 -- /home/jasi/.config/hypr/conf/windows/border-1-reverse.conf [719ms]
2024-09-28 06:26:00.542 [info] > git ls-tree -l d6ac77bdbb384353fa1a03a55588bc219543f235 -- /home/jasi/.config/hypr/conf/windowrules/default.conf [724ms]
2024-09-28 06:26:00.542 [info] > git ls-tree -l 4b825dc642cb6eb9a060e54bf8d69288fbee4904 -- /home/jasi/.config/hypr/conf/windowrules/default.conf [728ms]
2024-09-28 06:26:00.542 [info] > git ls-tree -l d6ac77bdbb384353fa1a03a55588bc219543f235 -- /home/jasi/.config/hypr/conf/windowrule.conf [731ms]
2024-09-28 06:26:00.542 [info] > git ls-tree -l 4b825dc642cb6eb9a060e54bf8d69288fbee4904 -- /home/jasi/.config/hypr/conf/windowrule.conf [735ms]
2024-09-28 06:26:00.542 [info] > git ls-tree -l d6ac77bdbb384353fa1a03a55588bc219543f235 -- /home/jasi/.config/hypr/conf/window.conf [740ms]
2024-09-28 06:26:00.542 [info] > git ls-tree -l 4b825dc642cb6eb9a060e54bf8d69288fbee4904 -- /home/jasi/.config/hypr/conf/window.conf [744ms]
2024-09-28 06:26:00.542 [info] > git ls-tree -l d6ac77bdbb384353fa1a03a55588bc219543f235 -- /home/jasi/.config/hypr/conf/restorevariations.sh [748ms]
2024-09-28 06:26:00.542 [info] > git ls-tree -l 4b825dc642cb6eb9a060e54bf8d69288fbee4904 -- /home/jasi/.config/hypr/conf/restorevariations.sh [752ms]
2024-09-28 06:26:00.543 [info] > git ls-tree -l d6ac77bdbb384353fa1a03a55588bc219543f235 -- /home/jasi/.config/hypr/conf/monitors/highres.conf [757ms]
2024-09-28 06:26:00.543 [info] > git ls-tree -l 4b825dc642cb6eb9a060e54bf8d69288fbee4904 -- /home/jasi/.config/hypr/conf/monitors/highres.conf [761ms]
2024-09-28 06:26:00.543 [info] > git ls-tree -l d6ac77bdbb384353fa1a03a55588bc219543f235 -- /home/jasi/.config/hypr/conf/monitors/default.conf [764ms]
2024-09-28 06:26:00.543 [info] > git ls-tree -l 4b825dc642cb6eb9a060e54bf8d69288fbee4904 -- /home/jasi/.config/hypr/conf/monitors/default.conf [768ms]
2024-09-28 06:26:00.543 [info] > git ls-tree -l d6ac77bdbb384353fa1a03a55588bc219543f235 -- /home/jasi/.config/hypr/conf/monitors/3440x1440.conf [772ms]
2024-09-28 06:26:00.543 [info] > git ls-tree -l 4b825dc642cb6eb9a060e54bf8d69288fbee4904 -- /home/jasi/.config/hypr/conf/monitors/3440x1440.conf [777ms]
2024-09-28 06:26:00.543 [info] > git ls-tree -l d6ac77bdbb384353fa1a03a55588bc219543f235 -- /home/jasi/.config/hypr/conf/monitors/2560x1440@120.conf [782ms]
2024-09-28 06:26:00.543 [info] > git ls-tree -l 4b825dc642cb6eb9a060e54bf8d69288fbee4904 -- /home/jasi/.config/hypr/conf/monitors/2560x1440@120.conf [787ms]
2024-09-28 06:26:00.543 [info] > git ls-tree -l d6ac77bdbb384353fa1a03a55588bc219543f235 -- /home/jasi/.config/hypr/conf/monitors/2560x1440.conf [792ms]
2024-09-28 06:26:00.544 [info] > git ls-tree -l 4b825dc642cb6eb9a060e54bf8d69288fbee4904 -- /home/jasi/.config/hypr/conf/monitors/2560x1440.conf [798ms]
2024-09-28 06:26:00.544 [info] > git ls-tree -l d6ac77bdbb384353fa1a03a55588bc219543f235 -- /home/jasi/.config/hypr/conf/monitors/1920x1200.conf [802ms]
2024-09-28 06:26:00.544 [info] > git ls-tree -l 4b825dc642cb6eb9a060e54bf8d69288fbee4904 -- /home/jasi/.config/hypr/conf/monitors/1920x1200.conf [808ms]
2024-09-28 06:26:00.544 [info] > git ls-tree -l d6ac77bdbb384353fa1a03a55588bc219543f235 -- /home/jasi/.config/hypr/conf/monitors/1920x1080.conf [814ms]
2024-09-28 06:26:00.544 [info] > git ls-tree -l 4b825dc642cb6eb9a060e54bf8d69288fbee4904 -- /home/jasi/.config/hypr/conf/monitors/1920x1080.conf [819ms]
2024-09-28 06:26:00.544 [info] > git ls-tree -l d6ac77bdbb384353fa1a03a55588bc219543f235 -- /home/jasi/.config/hypr/conf/monitors/1440x1080.conf [826ms]
2024-09-28 06:26:00.544 [info] > git ls-tree -l 4b825dc642cb6eb9a060e54bf8d69288fbee4904 -- /home/jasi/.config/hypr/conf/monitors/1440x1080.conf [831ms]
2024-09-28 06:26:00.545 [info] > git ls-tree -l d6ac77bdbb384353fa1a03a55588bc219543f235 -- /home/jasi/.config/hypr/conf/monitors/1366x768.conf [836ms]
2024-09-28 06:26:00.545 [info] > git ls-tree -l 4b825dc642cb6eb9a060e54bf8d69288fbee4904 -- /home/jasi/.config/hypr/conf/monitors/1366x768.conf [841ms]
2024-09-28 06:26:00.545 [info] > git ls-tree -l d6ac77bdbb384353fa1a03a55588bc219543f235 -- /home/jasi/.config/hypr/conf/monitor.conf [845ms]
2024-09-28 06:26:00.545 [info] > git ls-tree -l 4b825dc642cb6eb9a060e54bf8d69288fbee4904 -- /home/jasi/.config/hypr/conf/monitor.conf [850ms]
2024-09-28 06:26:00.545 [info] > git ls-tree -l d6ac77bdbb384353fa1a03a55588bc219543f235 -- /home/jasi/.config/hypr/conf/ml4w.conf [855ms]
2024-09-28 06:26:00.545 [info] > git ls-tree -l 4b825dc642cb6eb9a060e54bf8d69288fbee4904 -- /home/jasi/.config/hypr/conf/ml4w.conf [862ms]
2024-09-28 06:26:00.546 [info] > git ls-tree -l d6ac77bdbb384353fa1a03a55588bc219543f235 -- /home/jasi/.config/hypr/conf/misc.conf [868ms]
2024-09-28 06:26:00.546 [info] > git ls-tree -l 4b825dc642cb6eb9a060e54bf8d69288fbee4904 -- /home/jasi/.config/hypr/conf/misc.conf [874ms]
2024-09-28 06:26:00.546 [info] > git ls-tree -l d6ac77bdbb384353fa1a03a55588bc219543f235 -- /home/jasi/.config/hypr/conf/layouts/laptop.conf [881ms]
2024-09-28 06:26:00.546 [info] > git ls-tree -l 4b825dc642cb6eb9a060e54bf8d69288fbee4904 -- /home/jasi/.config/hypr/conf/layouts/laptop.conf [886ms]
2024-09-28 06:26:00.546 [info] > git ls-tree -l d6ac77bdbb384353fa1a03a55588bc219543f235 -- /home/jasi/.config/hypr/conf/layouts/default.conf [894ms]
2024-09-28 06:26:00.546 [info] > git ls-tree -l 4b825dc642cb6eb9a060e54bf8d69288fbee4904 -- /home/jasi/.config/hypr/conf/layouts/default.conf [903ms]
2024-09-28 06:26:00.546 [info] > git ls-tree -l d6ac77bdbb384353fa1a03a55588bc219543f235 -- /home/jasi/.config/hypr/conf/layout.conf [912ms]
2024-09-28 06:26:00.546 [info] > git ls-tree -l 4b825dc642cb6eb9a060e54bf8d69288fbee4904 -- /home/jasi/.config/hypr/conf/layout.conf [920ms]
2024-09-28 06:26:00.547 [info] > git ls-tree -l d6ac77bdbb384353fa1a03a55588bc219543f235 -- /home/jasi/.config/hypr/conf/keyboard.conf [927ms]
2024-09-28 06:26:00.547 [info] > git ls-tree -l 4b825dc642cb6eb9a060e54bf8d69288fbee4904 -- /home/jasi/.config/hypr/conf/keyboard.conf [934ms]
2024-09-28 06:26:00.547 [info] > git ls-tree -l d6ac77bdbb384353fa1a03a55588bc219543f235 -- /home/jasi/.config/hypr/conf/keybindings/default.conf [938ms]
2024-09-28 06:26:00.547 [info] > git ls-tree -l 4b825dc642cb6eb9a060e54bf8d69288fbee4904 -- /home/jasi/.config/hypr/conf/keybindings/default.conf [943ms]
2024-09-28 06:26:00.547 [info] > git ls-tree -l d6ac77bdbb384353fa1a03a55588bc219543f235 -- /home/jasi/.config/hypr/conf/keybinding.conf [947ms]
2024-09-28 06:26:00.547 [info] > git ls-tree -l 4b825dc642cb6eb9a060e54bf8d69288fbee4904 -- /home/jasi/.config/hypr/conf/keybinding.conf [951ms]
2024-09-28 06:26:00.547 [info] > git ls-tree -l d6ac77bdbb384353fa1a03a55588bc219543f235 -- /home/jasi/.config/hypr/conf/environments/nvidia.conf [955ms]
2024-09-28 06:26:00.548 [info] > git ls-tree -l 4b825dc642cb6eb9a060e54bf8d69288fbee4904 -- /home/jasi/.config/hypr/conf/environments/nvidia.conf [960ms]
2024-09-28 06:26:00.548 [info] > git ls-tree -l d6ac77bdbb384353fa1a03a55588bc219543f235 -- /home/jasi/.config/hypr/conf/environments/kvm.conf [964ms]
2024-09-28 06:26:00.548 [info] > git ls-tree -l 4b825dc642cb6eb9a060e54bf8d69288fbee4904 -- /home/jasi/.config/hypr/conf/environments/kvm.conf [968ms]
2024-09-28 06:26:00.548 [info] > git ls-tree -l d6ac77bdbb384353fa1a03a55588bc219543f235 -- /home/jasi/.config/hypr/conf/environments/default.conf [973ms]
2024-09-28 06:26:00.548 [info] > git ls-tree -l 4b825dc642cb6eb9a060e54bf8d69288fbee4904 -- /home/jasi/.config/hypr/conf/environments/default.conf [978ms]
2024-09-28 06:26:00.548 [info] > git ls-tree -l d6ac77bdbb384353fa1a03a55588bc219543f235 -- /home/jasi/.config/hypr/conf/environment.conf [982ms]
2024-09-28 06:26:00.548 [info] > git ls-tree -l 4b825dc642cb6eb9a060e54bf8d69288fbee4904 -- /home/jasi/.config/hypr/conf/environment.conf [987ms]
2024-09-28 06:26:00.548 [info] > git ls-tree -l d6ac77bdbb384353fa1a03a55588bc219543f235 -- /home/jasi/.config/hypr/conf/decorations/rounding.conf [991ms]
2024-09-28 06:26:00.549 [info] > git ls-tree -l 4b825dc642cb6eb9a060e54bf8d69288fbee4904 -- /home/jasi/.config/hypr/conf/decorations/rounding.conf [997ms]
2024-09-28 06:26:00.549 [info] > git ls-tree -l d6ac77bdbb384353fa1a03a55588bc219543f235 -- /home/jasi/.config/hypr/conf/decorations/rounding-more-blur.conf [1002ms]
2024-09-28 06:26:00.549 [info] > git ls-tree -l 4b825dc642cb6eb9a060e54bf8d69288fbee4904 -- /home/jasi/.config/hypr/conf/decorations/rounding-more-blur.conf [1007ms]
2024-09-28 06:26:00.549 [info] > git ls-tree -l d6ac77bdbb384353fa1a03a55588bc219543f235 -- /home/jasi/.config/hypr/conf/decorations/rounding-all-blur.conf [1011ms]
2024-09-28 06:26:00.549 [info] > git ls-tree -l 4b825dc642cb6eb9a060e54bf8d69288fbee4904 -- /home/jasi/.config/hypr/conf/decorations/rounding-all-blur.conf [1015ms]
2024-09-28 06:26:00.549 [info] > git ls-tree -l d6ac77bdbb384353fa1a03a55588bc219543f235 -- /home/jasi/.config/hypr/conf/decorations/rounding-all-blur-no-shadows.conf [1019ms]
2024-09-28 06:26:00.549 [info] > git ls-tree -l 4b825dc642cb6eb9a060e54bf8d69288fbee4904 -- /home/jasi/.config/hypr/conf/decorations/rounding-all-blur-no-shadows.conf [1023ms]
2024-09-28 06:26:00.550 [info] > git ls-tree -l d6ac77bdbb384353fa1a03a55588bc219543f235 -- /home/jasi/.config/hypr/conf/decorations/no-rounding.conf [1027ms]
2024-09-28 06:26:00.550 [info] > git ls-tree -l 4b825dc642cb6eb9a060e54bf8d69288fbee4904 -- /home/jasi/.config/hypr/conf/decorations/no-rounding.conf [1031ms]
2024-09-28 06:26:00.550 [info] > git ls-tree -l d6ac77bdbb384353fa1a03a55588bc219543f235 -- /home/jasi/.config/hypr/conf/decorations/no-rounding-more-blur.conf [1035ms]
2024-09-28 06:26:00.550 [info] > git ls-tree -l 4b825dc642cb6eb9a060e54bf8d69288fbee4904 -- /home/jasi/.config/hypr/conf/decorations/no-rounding-more-blur.conf [1038ms]
2024-09-28 06:26:00.550 [info] > git ls-tree -l d6ac77bdbb384353fa1a03a55588bc219543f235 -- /home/jasi/.config/hypr/conf/decorations/default.conf [1042ms]
2024-09-28 06:26:00.551 [info] > git ls-tree -l 4b825dc642cb6eb9a060e54bf8d69288fbee4904 -- /home/jasi/.config/hypr/conf/decorations/default.conf [1046ms]
2024-09-28 06:26:00.551 [info] > git ls-tree -l d6ac77bdbb384353fa1a03a55588bc219543f235 -- /home/jasi/.config/hypr/conf/decoration.conf [1052ms]
2024-09-28 06:26:00.551 [info] > git ls-tree -l 4b825dc642cb6eb9a060e54bf8d69288fbee4904 -- /home/jasi/.config/hypr/conf/decoration.conf [1057ms]
2024-09-28 06:26:00.551 [info] > git ls-tree -l d6ac77bdbb384353fa1a03a55588bc219543f235 -- /home/jasi/.config/hypr/conf/custom.conf [1061ms]
2024-09-28 06:26:00.551 [info] > git ls-tree -l 4b825dc642cb6eb9a060e54bf8d69288fbee4904 -- /home/jasi/.config/hypr/conf/custom.conf [1066ms]
2024-09-28 06:26:00.551 [info] > git ls-tree -l d6ac77bdbb384353fa1a03a55588bc219543f235 -- /home/jasi/.config/hypr/conf/cursor.conf [1070ms]
2024-09-28 06:26:00.551 [info] > git ls-tree -l 4b825dc642cb6eb9a060e54bf8d69288fbee4904 -- /home/jasi/.config/hypr/conf/cursor.conf [1075ms]
2024-09-28 06:26:00.551 [info] > git ls-tree -l d6ac77bdbb384353fa1a03a55588bc219543f235 -- /home/jasi/.config/hypr/conf/autostart.conf [1080ms]
2024-09-28 06:26:00.552 [info] > git ls-tree -l 4b825dc642cb6eb9a060e54bf8d69288fbee4904 -- /home/jasi/.config/hypr/conf/autostart.conf [1086ms]
2024-09-28 06:26:00.552 [info] > git ls-tree -l d6ac77bdbb384353fa1a03a55588bc219543f235 -- /home/jasi/.config/hypr/conf/animations/standard.conf [1092ms]
2024-09-28 06:26:00.552 [info] > git ls-tree -l 4b825dc642cb6eb9a060e54bf8d69288fbee4904 -- /home/jasi/.config/hypr/conf/animations/standard.conf [1096ms]
2024-09-28 06:26:00.552 [info] > git ls-tree -l d6ac77bdbb384353fa1a03a55588bc219543f235 -- /home/jasi/.config/hypr/conf/animations/disabled.conf [1099ms]
2024-09-28 06:26:00.552 [info] > git ls-tree -l 4b825dc642cb6eb9a060e54bf8d69288fbee4904 -- /home/jasi/.config/hypr/conf/animations/disabled.conf [1103ms]
2024-09-28 06:26:00.553 [info] > git ls-tree -l d6ac77bdbb384353fa1a03a55588bc219543f235 -- /home/jasi/.config/hypr/conf/animations/default.conf [1107ms]
2024-09-28 06:26:00.553 [info] > git ls-tree -l 4b825dc642cb6eb9a060e54bf8d69288fbee4904 -- /home/jasi/.config/hypr/conf/animations/default.conf [1111ms]
2024-09-28 06:26:00.553 [info] > git ls-tree -l d6ac77bdbb384353fa1a03a55588bc219543f235 -- /home/jasi/.config/hypr/conf/animations/animations-moving.conf [1115ms]
2024-09-28 06:26:00.553 [info] > git ls-tree -l 4b825dc642cb6eb9a060e54bf8d69288fbee4904 -- /home/jasi/.config/hypr/conf/animations/animations-moving.conf [1118ms]
2024-09-28 06:26:00.553 [info] > git ls-tree -l d6ac77bdbb384353fa1a03a55588bc219543f235 -- /home/jasi/.config/hypr/conf/animations/animations-high.conf [1122ms]
2024-09-28 06:26:00.553 [info] > git ls-tree -l 4b825dc642cb6eb9a060e54bf8d69288fbee4904 -- /home/jasi/.config/hypr/conf/animations/animations-high.conf [1125ms]
2024-09-28 06:26:00.553 [info] > git ls-tree -l d6ac77bdbb384353fa1a03a55588bc219543f235 -- /home/jasi/.config/hypr/conf/animations/animations-fast.conf [1129ms]
2024-09-28 06:26:00.554 [info] > git ls-tree -l 4b825dc642cb6eb9a060e54bf8d69288fbee4904 -- /home/jasi/.config/hypr/conf/animations/animations-fast.conf [1133ms]
2024-09-28 06:26:00.554 [info] > git ls-tree -l d6ac77bdbb384353fa1a03a55588bc219543f235 -- /home/jasi/.config/hypr/conf/animations/animations-dynamic.conf [1138ms]
2024-09-28 06:26:00.554 [info] > git ls-tree -l 4b825dc642cb6eb9a060e54bf8d69288fbee4904 -- /home/jasi/.config/hypr/conf/animations/animations-dynamic.conf [1143ms]
2024-09-28 06:26:00.554 [info] > git ls-tree -l d6ac77bdbb384353fa1a03a55588bc219543f235 -- /home/jasi/.config/hypr/conf/animations/animations-classic.conf [1148ms]
2024-09-28 06:26:00.554 [info] > git ls-tree -l 4b825dc642cb6eb9a060e54bf8d69288fbee4904 -- /home/jasi/.config/hypr/conf/animations/animations-classic.conf [1153ms]
2024-09-28 06:26:00.554 [info] > git ls-tree -l d6ac77bdbb384353fa1a03a55588bc219543f235 -- /home/jasi/.config/hypr/conf/animation.conf [1209ms]
2024-09-28 06:26:00.567 [info] > git diff-tree -r --name-status -z --diff-filter=ADMR 4b825dc642cb6eb9a060e54bf8d69288fbee4904 d6ac77bdbb384353fa1a03a55588bc219543f235 [60ms]
2024-09-28 06:26:01.004 [info] > git check-ignore -v -z --stdin [3ms]
