2024-09-27 16:36:39.716 [info] [main] Log level: Info
2024-09-27 16:36:39.716 [info] [main] Validating found git in: "git"
2024-09-27 16:36:39.716 [info] [main] Using git "2.46.2" from "git"
2024-09-27 16:36:39.716 [info] [Model][doInitialScan] Initial repository scan started
2024-09-27 16:36:39.716 [info] > git rev-parse --show-toplevel [2ms]
2024-09-27 16:36:39.716 [info] fatal: not a git repository (or any of the parent directories): .git
2024-09-27 16:36:39.716 [info] > git rev-parse --show-toplevel [4ms]
2024-09-27 16:36:39.716 [info] fatal: not a git repository (or any of the parent directories): .git
2024-09-27 16:36:39.725 [info] > git rev-parse --show-toplevel [1ms]
2024-09-27 16:36:39.725 [info] fatal: not a git repository (or any of the parent directories): .git
2024-09-27 16:36:39.729 [info] > git rev-parse --show-toplevel [1ms]
2024-09-27 16:36:39.729 [info] fatal: not a git repository (or any of the parent directories): .git
2024-09-27 16:36:39.733 [info] > git rev-parse --show-toplevel [1ms]
2024-09-27 16:36:39.733 [info] fatal: not a git repository (or any of the parent directories): .git
2024-09-27 16:36:39.736 [info] > git rev-parse --show-toplevel [0ms]
2024-09-27 16:36:39.736 [info] fatal: not a git repository (or any of the parent directories): .git
2024-09-27 16:36:39.740 [info] > git rev-parse --show-toplevel [1ms]
2024-09-27 16:36:39.740 [info] fatal: not a git repository (or any of the parent directories): .git
2024-09-27 16:36:39.743 [info] > git rev-parse --show-toplevel [1ms]
2024-09-27 16:36:39.743 [info] fatal: not a git repository (or any of the parent directories): .git
2024-09-27 16:36:39.747 [info] > git rev-parse --show-toplevel [1ms]
2024-09-27 16:36:39.747 [info] fatal: not a git repository (or any of the parent directories): .git
2024-09-27 16:36:39.750 [info] > git rev-parse --show-toplevel [1ms]
2024-09-27 16:36:39.750 [info] fatal: not a git repository (or any of the parent directories): .git
2024-09-27 16:36:39.754 [info] > git rev-parse --show-toplevel [1ms]
2024-09-27 16:36:39.754 [info] fatal: not a git repository (or any of the parent directories): .git
2024-09-27 16:36:39.757 [info] > git rev-parse --show-toplevel [1ms]
2024-09-27 16:36:39.757 [info] fatal: not a git repository (or any of the parent directories): .git
2024-09-27 16:36:39.760 [info] > git rev-parse --show-toplevel [1ms]
2024-09-27 16:36:39.760 [info] fatal: not a git repository (or any of the parent directories): .git
2024-09-27 16:36:39.763 [info] > git rev-parse --show-toplevel [1ms]
2024-09-27 16:36:39.763 [info] fatal: not a git repository (or any of the parent directories): .git
2024-09-27 16:36:39.766 [info] > git rev-parse --show-toplevel [0ms]
2024-09-27 16:36:39.766 [info] fatal: not a git repository (or any of the parent directories): .git
2024-09-27 16:36:39.769 [info] > git rev-parse --show-toplevel [0ms]
2024-09-27 16:36:39.769 [info] fatal: not a git repository (or any of the parent directories): .git
2024-09-27 16:36:39.773 [info] > git rev-parse --show-toplevel [1ms]
2024-09-27 16:36:39.773 [info] fatal: not a git repository (or any of the parent directories): .git
2024-09-27 16:36:39.776 [info] > git rev-parse --show-toplevel [1ms]
2024-09-27 16:36:39.776 [info] fatal: not a git repository (or any of the parent directories): .git
2024-09-27 16:36:39.779 [info] > git rev-parse --show-toplevel [1ms]
2024-09-27 16:36:39.779 [info] fatal: not a git repository (or any of the parent directories): .git
2024-09-27 16:36:39.782 [info] > git rev-parse --show-toplevel [0ms]
2024-09-27 16:36:39.782 [info] fatal: not a git repository (or any of the parent directories): .git
2024-09-27 16:36:39.786 [info] > git rev-parse --show-toplevel [1ms]
2024-09-27 16:36:39.786 [info] fatal: not a git repository (or any of the parent directories): .git
2024-09-27 16:36:39.789 [info] > git rev-parse --show-toplevel [1ms]
2024-09-27 16:36:39.789 [info] fatal: not a git repository (or any of the parent directories): .git
2024-09-27 16:36:39.792 [info] > git rev-parse --show-toplevel [0ms]
2024-09-27 16:36:39.792 [info] fatal: not a git repository (or any of the parent directories): .git
2024-09-27 16:36:39.796 [info] > git rev-parse --show-toplevel [1ms]
2024-09-27 16:36:39.796 [info] fatal: not a git repository (or any of the parent directories): .git
2024-09-27 16:36:39.799 [info] > git rev-parse --show-toplevel [1ms]
2024-09-27 16:36:39.804 [info] > git rev-parse --git-dir --git-common-dir [0ms]
2024-09-27 16:36:39.810 [info] [Model][openRepository] Opened repository: /home/jasi/oh-my-posh
2024-09-27 16:36:39.819 [info] > git config --get commit.template [3ms]
2024-09-27 16:36:39.820 [info] > git rev-parse --show-toplevel [1ms]
2024-09-27 16:36:39.820 [info] fatal: not a git repository (or any of the parent directories): .git
2024-09-27 16:36:39.827 [info] > git for-each-ref --format=%(refname)%00%(upstream:short)%00%(objectname)%00%(upstream:track)%00%(upstream:remotename)%00%(upstream:remoteref) refs/heads/main refs/remotes/main [4ms]
2024-09-27 16:36:39.830 [warning] [Git][revParse] Unable to read file: ENOENT: no such file or directory, open '/home/jasi/oh-my-posh/.git/refs/remotes/origin/main'
2024-09-27 16:36:39.830 [info] > git rev-parse --show-toplevel [3ms]
2024-09-27 16:36:39.830 [info] fatal: not a git repository (or any of the parent directories): .git
2024-09-27 16:36:39.833 [info] > git rev-parse refs/remotes/origin/main [3ms]
2024-09-27 16:36:39.837 [info] > git rev-parse --show-toplevel [5ms]
2024-09-27 16:36:39.840 [info] > git rev-parse --git-dir --git-common-dir [1ms]
2024-09-27 16:36:39.842 [info] [Model][openRepository] Opened repository: /home/jasi/yay-git
2024-09-27 16:36:39.842 [info] [Model][doInitialScan] Initial repository scan completed - repositories (2), closed repositories (0), parent repositories (0), unsafe repositories (0)
2024-09-27 16:36:39.847 [info] > git config --get commit.template [1ms]
2024-09-27 16:36:39.851 [info] > git for-each-ref --format=%(refname)%00%(upstream:short)%00%(objectname)%00%(upstream:track)%00%(upstream:remotename)%00%(upstream:remoteref) refs/heads/master refs/remotes/master [1ms]
2024-09-27 16:36:39.854 [warning] [Git][revParse] Unable to read file: ENOENT: no such file or directory, open '/home/jasi/yay-git/.git/refs/remotes/origin/master'
2024-09-27 16:36:39.855 [info] > git rev-parse refs/remotes/origin/master [1ms]
2024-09-27 16:36:39.859 [info] > git status -z -uall [2ms]
2024-09-27 16:36:39.869 [info] > git for-each-ref --format=%(refname)%00%(upstream:short)%00%(objectname)%00%(upstream:track)%00%(upstream:remotename)%00%(upstream:remoteref) refs/heads/master refs/remotes/master [6ms]
2024-09-27 16:36:39.873 [info] > git config --local branch.master.vscode-merge-base [1ms]
2024-09-27 16:36:39.876 [info] > git config --get commit.template [7ms]
2024-09-27 16:36:39.880 [info] > git for-each-ref --format=%(refname)%00%(upstream:short)%00%(objectname)%00%(upstream:track)%00%(upstream:remotename)%00%(upstream:remoteref) refs/heads/origin/master refs/remotes/origin/master [3ms]
2024-09-27 16:36:39.883 [info] > git for-each-ref --format=%(refname)%00%(upstream:short)%00%(objectname)%00%(upstream:track)%00%(upstream:remotename)%00%(upstream:remoteref) refs/heads/master refs/remotes/master [4ms]
2024-09-27 16:36:39.887 [warning] [Git][revParse] Unable to read file: ENOENT: no such file or directory, open '/home/jasi/yay-git/.git/refs/remotes/origin/master'
2024-09-27 16:36:39.887 [info] > git merge-base refs/heads/master refs/remotes/origin/master [4ms]
2024-09-27 16:36:39.890 [info] > git rev-parse refs/remotes/origin/master [3ms]
2024-09-27 16:36:39.893 [info] > git rev-list --count --left-right refs/heads/master...refs/remotes/origin/master [3ms]
2024-09-27 16:36:39.896 [info] > git status -z -uall [3ms]
2024-09-27 16:36:39.901 [info] > git diff --name-status -z --diff-filter=ADMR 0e3c34691a2837d814c48bbcd11b755392f1c1a5...refs/remotes/origin/master [5ms]
2024-09-27 16:36:39.901 [info] > git for-each-ref --format=%(refname)%00%(upstream:short)%00%(objectname)%00%(upstream:track)%00%(upstream:remotename)%00%(upstream:remoteref) refs/heads/master refs/remotes/master [1ms]
2024-09-27 16:36:39.908 [info] > git status -z -uall [72ms]
2024-09-27 16:36:39.909 [info] > git config --local branch.master.vscode-merge-base [2ms]
2024-09-27 16:36:39.922 [info] > git for-each-ref --format=%(refname)%00%(upstream:short)%00%(objectname)%00%(upstream:track)%00%(upstream:remotename)%00%(upstream:remoteref) refs/heads/main refs/remotes/main [7ms]
2024-09-27 16:36:39.925 [info] > git for-each-ref --format=%(refname)%00%(upstream:short)%00%(objectname)%00%(upstream:track)%00%(upstream:remotename)%00%(upstream:remoteref) refs/heads/origin/master refs/remotes/origin/master [13ms]
2024-09-27 16:36:39.926 [info] > git config --local branch.main.vscode-merge-base [1ms]
2024-09-27 16:36:39.929 [info] > git config --get commit.template [8ms]
2024-09-27 16:36:39.937 [info] > git for-each-ref --format=%(refname)%00%(upstream:short)%00%(objectname)%00%(upstream:track)%00%(upstream:remotename)%00%(upstream:remoteref) refs/heads/origin/main refs/remotes/origin/main [8ms]
2024-09-27 16:36:39.944 [info] > git merge-base refs/heads/main refs/remotes/origin/main [4ms]
2024-09-27 16:36:39.949 [info] > git rev-list --count --left-right refs/heads/main...refs/remotes/origin/main [3ms]
2024-09-27 16:36:39.951 [info] > git for-each-ref --format=%(refname)%00%(upstream:short)%00%(objectname)%00%(upstream:track)%00%(upstream:remotename)%00%(upstream:remoteref) refs/heads/main refs/remotes/main [8ms]
2024-09-27 16:36:39.954 [warning] [Git][revParse] Unable to read file: ENOENT: no such file or directory, open '/home/jasi/oh-my-posh/.git/refs/remotes/origin/main'
2024-09-27 16:36:39.955 [info] > git rev-parse refs/remotes/origin/main [1ms]
2024-09-27 16:36:39.958 [info] > git diff --name-status -z --diff-filter=ADMR a7d73be1e7d4470b2bccf1da0063a7d75c21f483...refs/remotes/origin/main [7ms]
2024-09-27 16:36:40.023 [info] > git status -z -uall [65ms]
2024-09-27 16:36:40.029 [info] > git for-each-ref --format=%(refname)%00%(upstream:short)%00%(objectname)%00%(upstream:track)%00%(upstream:remotename)%00%(upstream:remoteref) refs/heads/main refs/remotes/main [2ms]
2024-09-27 16:36:40.033 [info] > git config --local branch.main.vscode-merge-base [0ms]
2024-09-27 16:36:40.038 [info] > git for-each-ref --format=%(refname)%00%(upstream:short)%00%(objectname)%00%(upstream:track)%00%(upstream:remotename)%00%(upstream:remoteref) refs/heads/origin/main refs/remotes/origin/main [1ms]
2024-09-27 16:36:41.606 [info] > git rev-parse --show-toplevel [1ms]
2024-09-27 16:36:41.606 [info] fatal: not a git repository (or any of the parent directories): .git
2024-09-27 16:36:44.862 [info] > git rev-parse --show-toplevel [1ms]
2024-09-27 16:36:44.862 [info] fatal: not a git repository (or any of the parent directories): .git
2024-09-27 16:37:02.212 [info] [main] Log level: Info
2024-09-27 16:37:02.212 [info] [main] Validating found git in: "git"
2024-09-27 16:37:02.212 [info] [main] Using git "2.46.2" from "git"
2024-09-27 16:37:02.212 [info] [Model][doInitialScan] Initial repository scan started
2024-09-27 16:37:02.212 [info] > git rev-parse --show-toplevel [2ms]
2024-09-27 16:37:02.212 [info] fatal: not a git repository (or any of the parent directories): .git
2024-09-27 16:37:02.212 [info] [Model][doInitialScan] Initial repository scan completed - repositories (0), closed repositories (0), parent repositories (0), unsafe repositories (0)
2024-09-27 16:37:04.329 [info] > git rev-parse --show-toplevel [1ms]
2024-09-27 16:37:04.329 [info] fatal: not a git repository (or any of the parent directories): .git
